Trial 61 finished with value: 195.57391372697282 and parameters: {'TEST:X0': 8.569488901365753, 'TEST:X1': 1.01885113060066}. Best is trial 59 with value: 198.5343039000655.
Trial 62 finished with value: 195.59283562716325 and parameters: {'TEST:X0': 8.931262755719647, 'TEST:X1': 0.19946939614304754}. Best is trial 59 with value: 198.5343039000655.
Trial 63 finished with value: 194.88049405094802 and parameters: {'TEST:X0': 6.954598070317001, 'TEST:X1': 0.23440772295913825}. Best is trial 59 with value: 198.5343039000655.
Trial 64 finished with value: 181.58948905196664 and parameters: {'TEST:X0': 5.111627183377841, 'TEST:X1': 0.0829044635930459}. Best is trial 59 with value: 198.5343039000655.
Trial 65 finished with value: 184.93003993316773 and parameters: {'TEST:X0': 0.7072601270424146, 'TEST:X1': 0.08815785107409993}. Best is trial 59 with value: 198.5343039000655.
Trial 66 finished with value: 110.05619892424389 and parameters: {'TEST:X0': -4.25844389177861, 'TEST:X1': 0.2859312314031418}. Best is trial 59 with value: 198.5343039000655.
Trial 67 finished with value: 97.29699620212229 and parameters: {'TEST:X0': 0.06450213459459064, 'TEST:X1': 0.11982511537213869}. Best is trial 59 with value: 198.5343039000655.
Trial 68 finished with value: 183.90942842594467 and parameters: {'TEST:X0': 7.275365216771018, 'TEST:X1': 1.5996264212191968}. Best is trial 59 with value: 198.5343039000655.
Trial 69 finished with value: 190.693189223351 and parameters: {'TEST:X0': 8.482108320778968, 'TEST:X1': 1.893681043096556}. Best is trial 59 with value: 198.5343039000655.
Trial 70 finished with value: 195.6331275223603 and parameters: {'TEST:X0': 9.999999999999998, 'TEST:X1': 2.05649858868863}. Best is trial 59 with value: 198.5343039000655.
Trial 71 finished with value: 197.1621186787724 and parameters: {'TEST:X0': 9.999999999999998, 'TEST:X1': 2.092951097524996}. Best is trial 59 with value: 198.5343039000655.
Trial 72 finished with value: 197.2284215546134 and parameters: {'TEST:X0': 9.999999999999998, 'TEST:X1': 2.0925242483771798}. Best is trial 59 with value: 198.5343039000655.
Trial 73 finished with value: 197.22770894125478 and parameters: {'TEST:X0': 9.999999999999998, 'TEST:X1': 2.082268099266143}. Best is trial 59 with value: 198.5343039000655.
Trial 74 finished with value: 197.20891164432027 and parameters: {'TEST:X0': 9.999999999999998, 'TEST:X1': 2.069873589351876}. Best is trial 59 with value: 198.5343039000655.
Trial 75 finished with value: 197.18614617688814 and parameters: {'TEST:X0': 9.999999999999998, 'TEST:X1': 2.0573196895640926}. Best is trial 59 with value: 198.5343039000655.
Trial 76 finished with value: 197.16263730955865 and parameters: {'TEST:X0': 9.999999999999998, 'TEST:X1': 2.045277516245675}. Best is trial 59 with value: 198.5343039000655.
Trial 77 finished with value: 197.1391807495031 and parameters: {'TEST:X0': 9.999999999999998, 'TEST:X1': 2.033830715688147}. Best is trial 59 with value: 198.5343039000655.
Trial 78 finished with value: 197.13899403782904 and parameters: {'TEST:X0': 9.999999999999998, 'TEST:X1': 2.0228746863618667}. Best is trial 59 with value: 198.5343039000655.
Trial 79 finished with value: 197.0959805019089 and parameters: {'TEST:X0': 9.999999999999998, 'TEST:X1': 2.012518359691198}. Best is trial 59 with value: 198.5343039000655.
Trial 80 finished with value: 197.07540079310837 and parameters: {'TEST:X0': 9.999999999999998, 'TEST:X1': 2.002461508697072}. Best is trial 59 with value: 198.5343039000655.
Trial 81 finished with value: 197.0548489267864 and parameters: {'TEST:X0': 9.999999999999998, 'TEST:X1': 1.9931139951512722}. Best is trial 59 with value: 198.5343039000655.
Trial 82 finished with value: 197.03717191548225 and parameters: {'TEST:X0': 9.999999999999998, 'TEST:X1': 1.9840407201181671}. Best is trial 59 with value: 198.5343039000655.
Trial 83 finished with value: 197.01809066656284 and parameters: {'TEST:X0': 9.999999999999998, 'TEST:X1': 1.9754413813921254}. Best is trial 59 with value: 198.5343039000655.
Trial 84 finished with value: 197.00003104768703 and parameters: {'TEST:X0': 9.999999999999998, 'TEST:X1': 1.9671134514855397}. Best is trial 59 with value: 198.5343039000655.
Trial 85 finished with value: 196.98469421617835 and parameters: {'TEST:X0': 9.999999999999998, 'TEST:X1': 1.9590816953483057}. Best is trial 59 with value: 198.5343039000655.
Trial 86 finished with value: 196.96710231541817 and parameters: {'TEST:X0': 9.999999999999998, 'TEST:X1': 1.951311192788266}. Best is trial 59 with value: 198.5343039000655.
Trial 87 finished with value: 196.95091183270551 and parameters: {'TEST:X0': 9.999999999999998, 'TEST:X1': 1.9440710379277717}. Best is trial 59 with value: 198.5343039000655.
Trial 88 finished with value: 196.93638216428798 and parameters: {'TEST:X0': 9.999999999999998, 'TEST:X1': 1.9366293616837131}. Best is trial 59 with value: 198.5343039000655.
Trial 89 finished with value: 196.91971586825957 and parameters: {'TEST:X0': 9.999999999999998, 'TEST:X1': 1.929547844761292}. Best is trial 59 with value: 198.5343039000655.
Trial 90 finished with value: 196.9200080542692 and parameters: {'TEST:X0': 8.736189071100133, 'TEST:X1': 1.889754622731767}. Best is trial 59 with value: 198.5343039000655.
Trial 91 finished with value: 197.40900915207192 and parameters: {'TEST:X0': 8.6786696723279, 'TEST:X1': 1.8829238531973371}. Best is trial 59 with value: 198.5343039000655.
Trial 92 finished with value: 197.0515549474856 and parameters: {'TEST:X0': 8.693427421965106, 'TEST:X1': 1.8765593314402973}. Best is trial 59 with value: 198.5343039000655.
Trial 93 finished with value: 197.14356313361674 and parameters: {'TEST:X0': 9.999999999999998, 'TEST:X1': 1.8892782363045821}. Best is trial 59 with value: 198.5343039000655.
Trial 94 finished with value: 196.81616187513487 and parameters: {'TEST:X0': 9.999999999999998, 'TEST:X1': 1.8887508105464914}. Best is trial 59 with value: 198.5343039000655.
Trial 95 finished with value: 196.8140263203186 and parameters: {'TEST:X0': 9.999999999999998, 'TEST:X1': 1.8856226128524396}. Best is trial 59 with value: 198.5343039000655.
Trial 96 finished with value: 196.80822863234675 and parameters: {'TEST:X0': 9.999999999999998, 'TEST:X1': 1.8819436099843094}. Best is trial 59 with value: 198.5343039000655.
Trial 97 finished with value: 196.80124534384208 and parameters: {'TEST:X0': 8.78835151204682, 'TEST:X1': 1.8568604317950073}. Best is trial 59 with value: 198.5343039000655.
Trial 98 finished with value: 197.70347054634303 and parameters: {'TEST:X0': 8.739614699150597, 'TEST:X1': 1.8537656123169424}. Best is trial 59 with value: 198.5343039000655.
A new study created in RDB with name: 2024_09_11_03_12_20
Trial 0 popped from the trial queue.
Trial 0 finished with value: 176.84019710501042 and parameters: {'TEST:X0': 2.31429122600865, 'TEST:X1': 7.333261419725149}. Best is trial 0 with value: 176.84019710501042.
Trial 1 popped from the trial queue.
Trial 1 finished with value: 175.53129594350492 and parameters: {'TEST:X0': 1.8736607895366273, 'TEST:X1': 8.286727243701248}. Best is trial 0 with value: 176.84019710501042.
Trial 2 popped from the trial queue.
Trial 2 finished with value: 177.6758666935867 and parameters: {'TEST:X0': 3.340488807014192, 'TEST:X1': 6.056755017763438}. Best is trial 2 with value: 177.6758666935867.
Trial 3 popped from the trial queue.
Trial 3 finished with value: 183.95391394868722 and parameters: {'TEST:X0': 3.0225513616022424, 'TEST:X1': 6.514792901326296}. Best is trial 3 with value: 183.95391394868722.
Trial 4 popped from the trial queue.
Trial 4 finished with value: 182.35266540419053 and parameters: {'TEST:X0': 3.902527001525307, 'TEST:X1': 6.145892193034773}. Best is trial 3 with value: 183.95391394868722.
Trial 5 popped from the trial queue.
Trial 5 finished with value: 182.35135569810717 and parameters: {'TEST:X0': 3.3001649794403893, 'TEST:X1': 6.43885403315703}. Best is trial 3 with value: 183.95391394868722.
Trial 6 popped from the trial queue.
Trial 6 finished with value: 181.12765391734115 and parameters: {'TEST:X0': 3.2680846205460448, 'TEST:X1': 6.237967423575723}. Best is trial 3 with value: 183.95391394868722.
Trial 7 popped from the trial queue.
Trial 7 finished with value: 177.89596773373148 and parameters: {'TEST:X0': 3.6913812719487478, 'TEST:X1': 8.31108922253935}. Best is trial 3 with value: 183.95391394868722.
Trial 8 popped from the trial queue.
Trial 8 finished with value: 156.89675359661965 and parameters: {'TEST:X0': 3.2206002823189435, 'TEST:X1': 7.223521646584502}. Best is trial 3 with value: 183.95391394868722.
Trial 9 popped from the trial queue.
Trial 9 finished with value: 174.4792246045128 and parameters: {'TEST:X0': 2.94194493592844, 'TEST:X1': 7.1147924202306}. Best is trial 3 with value: 183.95391394868722.
Trial 10 finished with value: 162.29405107700228 and parameters: {'TEST:X0': 7.920729118032552, 'TEST:X1': 6.822574744435226}. Best is trial 3 with value: 183.95391394868722.
Trial 11 finished with value: 179.42822131356303 and parameters: {'TEST:X0': 0.5104057862132034, 'TEST:X1': 5.720670884568008}. Best is trial 3 with value: 183.95391394868722.
Trial 12 finished with value: 181.3717792569131 and parameters: {'TEST:X0': -2.3395768452477768, 'TEST:X1': 5.398788179743993}. Best is trial 3 with value: 183.95391394868722.
Trial 13 finished with value: 159.8289427734609 and parameters: {'TEST:X0': -4.903323996030889, 'TEST:X1': 5.240319030808647}. Best is trial 3 with value: 183.95391394868722.
Trial 14 finished with value: 112.45406835279627 and parameters: {'TEST:X0': 0.2960609737418505, 'TEST:X1': 4.263402929719823}. Best is trial 3 with value: 183.95391394868722.
Trial 15 finished with value: 179.18479441939616 and parameters: {'TEST:X0': -1.470571030021243, 'TEST:X1': 6.127709275794913}. Best is trial 3 with value: 183.95391394868722.
Trial 16 finished with value: 182.82862184922504 and parameters: {'TEST:X0': -3.395857533237138, 'TEST:X1': 6.865974827083087}. Best is trial 3 with value: 183.95391394868722.
Trial 17 finished with value: 162.95016396623362 and parameters: {'TEST:X0': -5.0, 'TEST:X1': 7.743726669209467}. Best is trial 3 with value: 183.95391394868722.
Trial 18 finished with value: 98.0927835185584 and parameters: {'TEST:X0': -4.939660413408703, 'TEST:X1': 6.410893488435061}. Best is trial 3 with value: 183.95391394868722.
Trial 19 finished with value: 179.09773141159212 and parameters: {'TEST:X0': -0.6158784749889561, 'TEST:X1': 7.624770839685977}. Best is trial 3 with value: 183.95391394868722.
Trial 20 finished with value: 181.80729324925363 and parameters: {'TEST:X0': -0.10608021932329681, 'TEST:X1': 8.194008109661409}. Best is trial 3 with value: 183.95391394868722.
Trial 21 finished with value: 176.35555634068987 and parameters: {'TEST:X0': -0.25044416126939595, 'TEST:X1': 8.744818561305644}. Best is trial 3 with value: 183.95391394868722.
Trial 22 finished with value: 175.22962306744193 and parameters: {'TEST:X0': -0.4274962406700862, 'TEST:X1': 9.482191703750617}. Best is trial 3 with value: 183.95391394868722.
Trial 23 finished with value: 173.54353539934885 and parameters: {'TEST:X0': 1.3298522167197016, 'TEST:X1': 10.103706541758207}. Best is trial 3 with value: 183.95391394868722.
Trial 24 failed with parameters: {'TEST:X0': 3.696443469245219, 'TEST:X1': 10.481963846924096} because of the following error: KeyboardInterrupt().
Traceback (most recent call last):
  File "/home/skato/anaconda3/envs/injection/lib/python3.11/site-packages/optuna/study/_optimize.py", line 197, in _run_trial
    value_or_values = func(trial)
                      ^^^^^^^^^^^
  File "/home/skato/work/2024/MLSuperKEKB-master/Injection/optuna_testgui01.py", line 237, in objective
    time.sleep(0.2)
KeyboardInterrupt
Trial 24 failed with value None.
A new study created in RDB with name: 2024_09_11_03_13_55
Trial 0 popped from the trial queue.
Trial 0 finished with value: 142.09011225631994 and parameters: {'TEST:X0': 2.6415529701405887, 'TEST:X1': 6.97294066527807}. Best is trial 0 with value: 142.09011225631994.
Trial 1 popped from the trial queue.
Trial 1 finished with value: 154.93041329186676 and parameters: {'TEST:X0': 3.7689190363893394, 'TEST:X1': 8.382134733622923}. Best is trial 1 with value: 154.93041329186676.
Trial 2 popped from the trial queue.
Trial 2 finished with value: 154.93060456464883 and parameters: {'TEST:X0': 1.5912529434644238, 'TEST:X1': 8.375942334540763}. Best is trial 2 with value: 154.93060456464883.
Trial 3 popped from the trial queue.
Trial 3 finished with value: 168.4440327534162 and parameters: {'TEST:X0': 2.6464162568767007, 'TEST:X1': 6.497339532504442}. Best is trial 3 with value: 168.4440327534162.
Trial 4 popped from the trial queue.
Trial 4 finished with value: 183.9757710926042 and parameters: {'TEST:X0': 2.308115531273544, 'TEST:X1': 6.032562557309817}. Best is trial 4 with value: 183.9757710926042.
Trial 5 popped from the trial queue.
Trial 5 finished with value: 183.97551614569102 and parameters: {'TEST:X0': 1.3236838434267915, 'TEST:X1': 7.6251446526267825}. Best is trial 4 with value: 183.9757710926042.
Trial 6 popped from the trial queue.
Trial 6 finished with value: 175.36336487304072 and parameters: {'TEST:X0': 3.087470161699797, 'TEST:X1': 6.991465982155407}. Best is trial 4 with value: 183.9757710926042.
Trial 7 popped from the trial queue.
Trial 7 finished with value: 177.7424299518804 and parameters: {'TEST:X0': 1.608076312250196, 'TEST:X1': 7.652984235982668}. Best is trial 4 with value: 183.9757710926042.
Trial 8 popped from the trial queue.
Trial 8 finished with value: 175.31701279660916 and parameters: {'TEST:X0': 2.0625682415093602, 'TEST:X1': 7.717788366689088}. Best is trial 4 with value: 183.9757710926042.
Trial 9 popped from the trial queue.
Trial 9 finished with value: 174.7235572376664 and parameters: {'TEST:X0': 3.0738532804680254, 'TEST:X1': 7.943926689946206}. Best is trial 4 with value: 183.9757710926042.
Trial 10 finished with value: 183.69051264403396 and parameters: {'TEST:X0': -2.1781668398730085, 'TEST:X1': 7.692011683787044}. Best is trial 4 with value: 183.9757710926042.
Trial 11 finished with value: 185.2993069270065 and parameters: {'TEST:X0': -4.559607783545131, 'TEST:X1': 7.553238702451251}. Best is trial 11 with value: 185.2993069270065.
Trial 12 finished with value: 121.07986509304331 and parameters: {'TEST:X0': -5.0, 'TEST:X1': 7.3364301740106805}. Best is trial 11 with value: 185.2993069270065.
Trial 13 finished with value: 148.581569186 and parameters: {'TEST:X0': -1.2538983763422111, 'TEST:X1': 6.511653307016093}. Best is trial 11 with value: 185.2993069270065.
Trial 14 finished with value: 182.1624566624446 and parameters: {'TEST:X0': 0.15172986893710227, 'TEST:X1': 4.748987018404536}. Best is trial 11 with value: 185.2993069270065.
Trial 15 finished with value: 179.483401522033 and parameters: {'TEST:X0': 1.613674137913974, 'TEST:X1': 3.5639371632964103}. Best is trial 11 with value: 185.2993069270065.
Trial 16 finished with value: 194.13728763405337 and parameters: {'TEST:X0': 3.5940434056037223, 'TEST:X1': 2.8040405316401538}. Best is trial 16 with value: 194.13728763405337.
Trial 17 finished with value: 197.9038678139034 and parameters: {'TEST:X0': 5.858579765249784, 'TEST:X1': 2.231062851832435}. Best is trial 17 with value: 197.9038678139034.
Trial 18 finished with value: 179.99288343028098 and parameters: {'TEST:X0': 7.566747855390474, 'TEST:X1': 1.8151218342808595}. Best is trial 17 with value: 197.9038678139034.
Trial 19 finished with value: 186.0456013023157 and parameters: {'TEST:X0': 5.247046891110552, 'TEST:X1': 0.9198156805154175}. Best is trial 17 with value: 197.9038678139034.
Trial 20 finished with value: 185.02677001355875 and parameters: {'TEST:X0': 3.3435402099838694, 'TEST:X1': 0.21411969934975433}. Best is trial 17 with value: 197.9038678139034.
Trial 21 finished with value: 190.9118610770604 and parameters: {'TEST:X0': 1.6602821702510093, 'TEST:X1': 0.0}. Best is trial 17 with value: 197.9038678139034.
Trial 22 finished with value: 177.06620191769537 and parameters: {'TEST:X0': 0.06997372863776175, 'TEST:X1': 0.0}. Best is trial 17 with value: 197.9038678139034.
Trial 23 finished with value: 172.56736912161597 and parameters: {'TEST:X0': 4.641155523506017, 'TEST:X1': 0.0}. Best is trial 17 with value: 197.9038678139034.
Trial 24 finished with value: 188.7339112863101 and parameters: {'TEST:X0': 9.244064261769516, 'TEST:X1': 0.0}. Best is trial 17 with value: 197.9038678139034.
Trial 25 finished with value: 194.03036009333528 and parameters: {'TEST:X0': 9.999999999999998, 'TEST:X1': 0.0}. Best is trial 17 with value: 197.9038678139034.
Trial 26 finished with value: 189.03963024524552 and parameters: {'TEST:X0': 9.999999999999998, 'TEST:X1': 0.0}. Best is trial 17 with value: 197.9038678139034.
Trial 27 finished with value: 189.03952086355608 and parameters: {'TEST:X0': 9.999999999999998, 'TEST:X1': 0.0}. Best is trial 17 with value: 197.9038678139034.
Trial 28 finished with value: 189.03971546602818 and parameters: {'TEST:X0': 9.999999999999998, 'TEST:X1': 0.0}. Best is trial 17 with value: 197.9038678139034.
Trial 29 finished with value: 189.040472263273 and parameters: {'TEST:X0': 9.999999999999998, 'TEST:X1': 1.4737264638487195}. Best is trial 17 with value: 197.9038678139034.
Trial 30 finished with value: 195.71880885708907 and parameters: {'TEST:X0': 9.999999999999998, 'TEST:X1': 2.491989808184099}. Best is trial 17 with value: 197.9038678139034.
Trial 31 finished with value: 197.79624737615617 and parameters: {'TEST:X0': 9.999999999999998, 'TEST:X1': 3.105705968776116}. Best is trial 17 with value: 197.9038678139034.
Trial 32 finished with value: 198.04640814438483 and parameters: {'TEST:X0': 9.999999999999998, 'TEST:X1': 3.4856479353646135}. Best is trial 32 with value: 198.04640814438483.
Trial 33 finished with value: 197.8241688962293 and parameters: {'TEST:X0': 9.999999999999998, 'TEST:X1': 3.7403091070120222}. Best is trial 32 with value: 198.04640814438483.
Trial 34 finished with value: 197.51218574141694 and parameters: {'TEST:X0': 9.999999999999998, 'TEST:X1': 3.906859040485326}. Best is trial 32 with value: 198.04640814438483.
Trial 35 finished with value: 197.2395416201594 and parameters: {'TEST:X0': 9.999999999999998, 'TEST:X1': 4.015614119655484}. Best is trial 32 with value: 198.04640814438483.
A new study created in RDB with name: 2024_09_11_03_21_42
Trial 0 popped from the trial queue.
Trial 0 finished with value: 175.8058078182209 and parameters: {'TEST:X0': 1.5191649291437983, 'TEST:X1': 7.043210975730027}. Best is trial 0 with value: 175.8058078182209.
Trial 1 popped from the trial queue.
Trial 1 finished with value: 179.49917568436723 and parameters: {'TEST:X0': 2.258627075299123, 'TEST:X1': 7.285333553971788}. Best is trial 1 with value: 179.49917568436723.
Trial 2 popped from the trial queue.
Trial 2 finished with value: 178.2795809371758 and parameters: {'TEST:X0': 1.162816953870033, 'TEST:X1': 7.9453420734954445}. Best is trial 1 with value: 179.49917568436723.
Trial 3 popped from the trial queue.
Trial 3 finished with value: 173.07755142902744 and parameters: {'TEST:X0': 1.2953771562000376, 'TEST:X1': 6.2288064715237}. Best is trial 1 with value: 179.49917568436723.
Trial 4 popped from the trial queue.
Trial 4 finished with value: 181.12937371552638 and parameters: {'TEST:X0': 1.6442258544121415, 'TEST:X1': 7.12855412780555}. Best is trial 4 with value: 181.12937371552638.
Trial 5 popped from the trial queue.
Trial 5 finished with value: 179.1698034963596 and parameters: {'TEST:X0': 2.065233699525454, 'TEST:X1': 8.519896345039342}. Best is trial 4 with value: 181.12937371552638.
Trial 6 popped from the trial queue.
Trial 6 finished with value: 166.93393490077736 and parameters: {'TEST:X0': 1.8223328917993808, 'TEST:X1': 6.187970048823977}. Best is trial 4 with value: 181.12937371552638.
Trial 7 popped from the trial queue.
Trial 7 finished with value: 185.3168252298865 and parameters: {'TEST:X0': 1.7029723184926588, 'TEST:X1': 7.62330248468065}. Best is trial 7 with value: 185.3168252298865.
Trial 8 popped from the trial queue.
Trial 8 finished with value: 175.59185777543001 and parameters: {'TEST:X0': 1.3067203494526103, 'TEST:X1': 6.90037293670288}. Best is trial 7 with value: 185.3168252298865.
Trial 9 popped from the trial queue.
Trial 9 finished with value: 179.87879718494287 and parameters: {'TEST:X0': 2.070342572367691, 'TEST:X1': 7.02247753135479}. Best is trial 7 with value: 185.3168252298865.
Trial 10 finished with value: 175.43102603444345 and parameters: {'TEST:X0': 5.63543149320909, 'TEST:X1': 7.806363555340018}. Best is trial 7 with value: 185.3168252298865.
Trial 11 finished with value: 137.8150141418361 and parameters: {'TEST:X0': 7.204965281854831, 'TEST:X1': 9.63608454416264}. Best is trial 7 with value: 185.3168252298865.
Trial 12 finished with value: 146.19425605606756 and parameters: {'TEST:X0': -0.8211266580632799, 'TEST:X1': 10.075582009749743}. Best is trial 7 with value: 185.3168252298865.
Trial 13 finished with value: 170.56196327179717 and parameters: {'TEST:X0': 3.0846842690202223, 'TEST:X1': 7.915892689144471}. Best is trial 7 with value: 185.3168252298865.
Trial 14 finished with value: 168.21817919525517 and parameters: {'TEST:X0': 5.525386140452062, 'TEST:X1': 6.337811190749386}. Best is trial 7 with value: 185.3168252298865.
Trial 15 finished with value: 156.11386565162383 and parameters: {'TEST:X0': 7.996581077706374, 'TEST:X1': 5.5689865237263465}. Best is trial 7 with value: 185.3168252298865.
Trial 16 finished with value: 182.06805757854568 and parameters: {'TEST:X0': 9.999999999999998, 'TEST:X1': 4.719587097876812}. Best is trial 7 with value: 185.3168252298865.
Trial 17 finished with value: 195.11085571718522 and parameters: {'TEST:X0': 9.999999999999998, 'TEST:X1': 3.5147897147162204}. Best is trial 17 with value: 195.11085571718522.
