Trial 18 finished with value: 197.79505935346896 and parameters: {'TEST:X0': 9.999999999999998, 'TEST:X1': 2.5643713365120253}. Best is trial 18 with value: 197.79505935346896.
Trial 19 finished with value: 197.86510564139792 and parameters: {'TEST:X0': 9.260099181062502, 'TEST:X1': 2.1211752108591413}. Best is trial 19 with value: 197.86510564139792.
Trial 20 finished with value: 198.64443813485954 and parameters: {'TEST:X0': 9.891677687286009, 'TEST:X1': 1.474001172107711}. Best is trial 20 with value: 198.64443813485954.
Trial 21 failed with parameters: {} because of the following error: KeyboardInterrupt().
Traceback (most recent call last):
  File "/home/skato/anaconda3/envs/injection/lib/python3.11/site-packages/optuna/study/_optimize.py", line 197, in _run_trial
    value_or_values = func(trial)
                      ^^^^^^^^^^^
  File "/home/skato/work/2024/MLSuperKEKB-master/Injection/optuna_testgui01.py", line 227, in objective
    x  = trial.suggest_float(pv.pvname, self.infox[i][0], self.infox[i][1])
         ^^^^^^^^^^^^^^^^^^^^^^^^^^^^^^^^^^^^^^^^^^^^^^^^^^^^^^^^^^^^^^^^^^
  File "/home/skato/anaconda3/envs/injection/lib/python3.11/site-packages/optuna/trial/_trial.py", line 161, in suggest_float
    suggested_value = self._suggest(name, distribution)
                      ^^^^^^^^^^^^^^^^^^^^^^^^^^^^^^^^^
  File "/home/skato/anaconda3/envs/injection/lib/python3.11/site-packages/optuna/trial/_trial.py", line 627, in _suggest
    elif self._is_relative_param(name, distribution):
         ^^^^^^^^^^^^^^^^^^^^^^^^^^^^^^^^^^^^^^^^^^^
  File "/home/skato/anaconda3/envs/injection/lib/python3.11/site-packages/optuna/trial/_trial.py", line 659, in _is_relative_param
    if name not in self.relative_params:
                   ^^^^^^^^^^^^^^^^^^^^
  File "/home/skato/anaconda3/envs/injection/lib/python3.11/site-packages/optuna/trial/_trial.py", line 71, in relative_params
    self._relative_params = self.study.sampler.sample_relative(
                            ^^^^^^^^^^^^^^^^^^^^^^^^^^^^^^^^^^^
  File "/home/skato/anaconda3/envs/injection/lib/python3.11/site-packages/optuna_integration/botorch/botorch.py", line 1216, in sample_relative
    candidates = self._candidates_func(
                 ^^^^^^^^^^^^^^^^^^^^^^
  File "/home/skato/anaconda3/envs/injection/lib/python3.11/site-packages/optuna_integration/botorch/botorch.py", line 170, in proximalei_candidates_func
    fit_gpytorch_mll(mll)
  File "/home/skato/anaconda3/envs/injection/lib/python3.11/site-packages/botorch/fit.py", line 104, in fit_gpytorch_mll
    return FitGPyTorchMLL(
           ^^^^^^^^^^^^^^^
  File "/home/skato/anaconda3/envs/injection/lib/python3.11/site-packages/botorch/utils/dispatcher.py", line 93, in __call__
    return func(*args, **kwargs)
           ^^^^^^^^^^^^^^^^^^^^^
  File "/home/skato/anaconda3/envs/injection/lib/python3.11/site-packages/botorch/fit.py", line 204, in _fit_fallback
    result = optimizer(mll, closure=closure, **optimizer_kwargs)
             ^^^^^^^^^^^^^^^^^^^^^^^^^^^^^^^^^^^^^^^^^^^^^^^^^^^
  File "/home/skato/anaconda3/envs/injection/lib/python3.11/site-packages/botorch/optim/fit.py", line 92, in fit_gpytorch_mll_scipy
    result = scipy_minimize(
             ^^^^^^^^^^^^^^^
  File "/home/skato/anaconda3/envs/injection/lib/python3.11/site-packages/botorch/optim/core.py", line 109, in scipy_minimize
    raw = minimize_with_timeout(
          ^^^^^^^^^^^^^^^^^^^^^^
  File "/home/skato/anaconda3/envs/injection/lib/python3.11/site-packages/botorch/optim/utils/timeout.py", line 82, in minimize_with_timeout
    return optimize.minimize(
           ^^^^^^^^^^^^^^^^^^
  File "/home/skato/anaconda3/envs/injection/lib/python3.11/site-packages/scipy/optimize/_minimize.py", line 731, in minimize
    res = _minimize_lbfgsb(fun, x0, args, jac, bounds,
          ^^^^^^^^^^^^^^^^^^^^^^^^^^^^^^^^^^^^^^^^^^^^
  File "/home/skato/anaconda3/envs/injection/lib/python3.11/site-packages/scipy/optimize/_lbfgsb_py.py", line 407, in _minimize_lbfgsb
    f, g = func_and_grad(x)
           ^^^^^^^^^^^^^^^^
  File "/home/skato/anaconda3/envs/injection/lib/python3.11/site-packages/scipy/optimize/_differentiable_functions.py", line 343, in fun_and_grad
    self._update_fun()
  File "/home/skato/anaconda3/envs/injection/lib/python3.11/site-packages/scipy/optimize/_differentiable_functions.py", line 294, in _update_fun
    fx = self._wrapped_fun(self.x)
         ^^^^^^^^^^^^^^^^^^^^^^^^^
  File "/home/skato/anaconda3/envs/injection/lib/python3.11/site-packages/scipy/optimize/_differentiable_functions.py", line 20, in wrapped
    fx = fun(np.copy(x), *args)
         ^^^^^^^^^^^^^^^^^^^^^^
  File "/home/skato/anaconda3/envs/injection/lib/python3.11/site-packages/scipy/optimize/_optimize.py", line 79, in __call__
    self._compute_if_needed(x, *args)
  File "/home/skato/anaconda3/envs/injection/lib/python3.11/site-packages/scipy/optimize/_optimize.py", line 73, in _compute_if_needed
    fg = self.fun(x, *args)
         ^^^^^^^^^^^^^^^^^^
  File "/home/skato/anaconda3/envs/injection/lib/python3.11/site-packages/botorch/optim/closures/core.py", line 150, in __call__
    value_tensor, grad_tensors = self.closure(**kwargs)
                                 ^^^^^^^^^^^^^^^^^^^^^^
  File "/home/skato/anaconda3/envs/injection/lib/python3.11/site-packages/botorch/optim/closures/core.py", line 66, in __call__
    self.backward(value)
  File "/home/skato/anaconda3/envs/injection/lib/python3.11/site-packages/torch/_tensor.py", line 521, in backward
    torch.autograd.backward(
  File "/home/skato/anaconda3/envs/injection/lib/python3.11/site-packages/torch/autograd/__init__.py", line 289, in backward
    _engine_run_backward(
  File "/home/skato/anaconda3/envs/injection/lib/python3.11/site-packages/torch/autograd/graph.py", line 768, in _engine_run_backward
    return Variable._execution_engine.run_backward(  # Calls into the C++ engine to run the backward pass
           ^^^^^^^^^^^^^^^^^^^^^^^^^^^^^^^^^^^^^^^^^^^^^^^^^^^^^^^^^^^^^^^^^^^^^^^^^^^^^^^^^^^^^^^^^^^^^^
KeyboardInterrupt
Trial 21 failed with value None.
A new study created in RDB with name: 2024_09_11_03_35_15
Trial 0 popped from the trial queue.
Trial 0 failed with parameters: {'TEST:X0': 1.7552084635334488, 'TEST:X1': 8.553251298197829} because of the following error: TypeError("float() argument must be a string or a real number, not 'PV'").
Traceback (most recent call last):
  File "/home/skato/anaconda3/envs/injection/lib/python3.11/site-packages/optuna/study/_optimize.py", line 197, in _run_trial
    value_or_values = func(trial)
                      ^^^^^^^^^^^
  File "/home/skato/work/2024/MLSuperKEKB-master/Injection/optuna_testgui01.py", line 243, in objective
    self.DrawPlot()
  File "/home/skato/work/2024/MLSuperKEKB-master/Injection/optuna_testgui01.py", line 318, in DrawPlot
    self.ax2.plot(   self.itert, self.pvy, label='Y value')
  File "/home/skato/anaconda3/envs/injection/lib/python3.11/site-packages/matplotlib/axes/_axes.py", line 1781, in plot
    self.add_line(line)
  File "/home/skato/anaconda3/envs/injection/lib/python3.11/site-packages/matplotlib/axes/_base.py", line 2339, in add_line
    self._update_line_limits(line)
  File "/home/skato/anaconda3/envs/injection/lib/python3.11/site-packages/matplotlib/axes/_base.py", line 2362, in _update_line_limits
    path = line.get_path()
           ^^^^^^^^^^^^^^^
  File "/home/skato/anaconda3/envs/injection/lib/python3.11/site-packages/matplotlib/lines.py", line 1037, in get_path
    self.recache()
  File "/home/skato/anaconda3/envs/injection/lib/python3.11/site-packages/matplotlib/lines.py", line 679, in recache
    y = _to_unmasked_float_array(yconv).ravel()
        ^^^^^^^^^^^^^^^^^^^^^^^^^^^^^^^
  File "/home/skato/anaconda3/envs/injection/lib/python3.11/site-packages/matplotlib/cbook.py", line 1398, in _to_unmasked_float_array
    return np.asarray(x, float)
           ^^^^^^^^^^^^^^^^^^^^
TypeError: float() argument must be a string or a real number, not 'PV'
Trial 0 failed with value None.
A new study created in RDB with name: 2024_09_11_03_44_55
Trial 0 popped from the trial queue.
Trial 0 finished with value: 182.66708368419393 and parameters: {'TEST:X0': 1.6395449390379335, 'TEST:X1': 6.564869432378991}. Best is trial 0 with value: 182.66708368419393.
Trial 1 popped from the trial queue.
Trial 1 failed with parameters: {'TEST:X0': 2.8326479014225203, 'TEST:X1': 6.986791301922396} because of the following error: ValueError('x and y must have same first dimension, but have shapes (2,) and (1,)').
Traceback (most recent call last):
  File "/home/skato/anaconda3/envs/injection/lib/python3.11/site-packages/optuna/study/_optimize.py", line 197, in _run_trial
    value_or_values = func(trial)
                      ^^^^^^^^^^^
  File "/home/skato/work/2024/MLSuperKEKB-master/Injection/optuna_testgui01.py", line 243, in objective
    self.DrawPlot()
  File "/home/skato/work/2024/MLSuperKEKB-master/Injection/optuna_testgui01.py", line 320, in DrawPlot
    self.ax2.plot(   self.itert, pvy_list, label='Y value')
  File "/home/skato/anaconda3/envs/injection/lib/python3.11/site-packages/matplotlib/axes/_axes.py", line 1779, in plot
    lines = [*self._get_lines(self, *args, data=data, **kwargs)]
            ^^^^^^^^^^^^^^^^^^^^^^^^^^^^^^^^^^^^^^^^^^^^^^^^^^^^
  File "/home/skato/anaconda3/envs/injection/lib/python3.11/site-packages/matplotlib/axes/_base.py", line 296, in __call__
    yield from self._plot_args(
               ^^^^^^^^^^^^^^^^
  File "/home/skato/anaconda3/envs/injection/lib/python3.11/site-packages/matplotlib/axes/_base.py", line 486, in _plot_args
    raise ValueError(f"x and y must have same first dimension, but "
ValueError: x and y must have same first dimension, but have shapes (2,) and (1,)
Trial 1 failed with value None.
A new study created in RDB with name: 2024_09_11_03_51_04
Trial 0 popped from the trial queue.
Trial 0 failed with parameters: {'TEST:X0': 1.6776171600268253, 'TEST:X1': 7.837701015270777} because of the following error: KeyError('TEST:X0').
Traceback (most recent call last):
  File "/home/skato/anaconda3/envs/injection/lib/python3.11/site-packages/optuna/study/_optimize.py", line 197, in _run_trial
    value_or_values = func(trial)
                      ^^^^^^^^^^^
  File "/home/skato/work/2024/MLSuperKEKB-master/Injection/optuna_testgui01.py", line 244, in objective
    self.DrawPlot()
  File "/home/skato/work/2024/MLSuperKEKB-master/Injection/optuna_testgui01.py", line 300, in DrawPlot
    self.yhist[pv.pvname].append(self.dicty[pv.pvname])
                                 ~~~~~~~~~~^^^^^^^^^^^
KeyError: 'TEST:X0'
Trial 0 failed with value None.
A new study created in RDB with name: 2024_09_11_04_10_31
Trial 0 popped from the trial queue.
Trial 0 finished with value: 167.65998326215924 and parameters: {'TEST:X0': 2.6020314649621135, 'TEST:X1': 8.263202837699325}. Best is trial 0 with value: 167.65998326215924.
Trial 1 popped from the trial queue.
Trial 1 finished with value: 168.38700655450867 and parameters: {'TEST:X0': 1.536282057136758, 'TEST:X1': 8.423126514858097}. Best is trial 1 with value: 168.38700655450867.
Trial 2 popped from the trial queue.
Trial 2 finished with value: 168.844824190918 and parameters: {'TEST:X0': 3.9951098249871717, 'TEST:X1': 7.322606353507298}. Best is trial 2 with value: 168.844824190918.
Trial 3 popped from the trial queue.
Trial 3 finished with value: 173.214163859997 and parameters: {'TEST:X0': 3.361667211536405, 'TEST:X1': 7.2238270658275345}. Best is trial 3 with value: 173.214163859997.
Trial 4 popped from the trial queue.
Trial 4 finished with value: 164.16107277712763 and parameters: {'TEST:X0': 2.348416246977739, 'TEST:X1': 8.996131065069365}. Best is trial 3 with value: 173.214163859997.
Trial 5 popped from the trial queue.
Trial 5 finished with value: 160.48176647354398 and parameters: {'TEST:X0': 1.8017411713533105, 'TEST:X1': 8.179930372257434}. Best is trial 3 with value: 173.214163859997.
Trial 6 popped from the trial queue.
Trial 6 finished with value: 170.7784409082647 and parameters: {'TEST:X0': 2.4627231787655646, 'TEST:X1': 7.693995771234041}. Best is trial 3 with value: 173.214163859997.
Trial 7 popped from the trial queue.
Trial 7 finished with value: 174.14437405528858 and parameters: {'TEST:X0': 1.5074256058730473, 'TEST:X1': 6.0636889325095815}. Best is trial 7 with value: 174.14437405528858.
Trial 8 popped from the trial queue.
Trial 8 finished with value: 184.6843272768146 and parameters: {'TEST:X0': 1.9548876023274606, 'TEST:X1': 6.807036036865032}. Best is trial 8 with value: 184.6843272768146.
Trial 9 popped from the trial queue.
Trial 9 finished with value: 179.603946878755 and parameters: {'TEST:X0': 1.357084240750559, 'TEST:X1': 7.867677400793822}. Best is trial 8 with value: 184.6843272768146.
Trial 10 finished with value: 171.5930024627334 and parameters: {'TEST:X0': -3.199507173897312, 'TEST:X1': 7.123749534447671}. Best is trial 8 with value: 184.6843272768146.
Trial 11 finished with value: 171.59354162364303 and parameters: {'TEST:X0': -2.059334901535354, 'TEST:X1': 5.081323319404757}. Best is trial 8 with value: 184.6843272768146.
Trial 12 finished with value: 182.1423257575628 and parameters: {'TEST:X0': 2.605236737780521, 'TEST:X1': 4.0211285854942656}. Best is trial 8 with value: 184.6843272768146.
Trial 13 finished with value: 196.5877794533733 and parameters: {'TEST:X0': 4.8724852132359455, 'TEST:X1': 3.2761344307902505}. Best is trial 13 with value: 196.5877794533733.
Trial 14 finished with value: 184.4453214568286 and parameters: {'TEST:X0': 7.41681024007217, 'TEST:X1': 2.588428663861545}. Best is trial 13 with value: 196.5877794533733.
Trial 15 finished with value: 184.27958361014936 and parameters: {'TEST:X0': 4.495678330326728, 'TEST:X1': 1.35039617293021}. Best is trial 13 with value: 196.5877794533733.
Trial 16 finished with value: 192.05252088639162 and parameters: {'TEST:X0': 9.443063316286127, 'TEST:X1': 0.4889681614085082}. Best is trial 13 with value: 196.5877794533733.
Trial 17 finished with value: 195.5948656374373 and parameters: {'TEST:X0': 9.999999999999998, 'TEST:X1': 0.0}. Best is trial 13 with value: 196.5877794533733.
Trial 18 finished with value: 189.03994832062295 and parameters: {'TEST:X0': 9.999999999999998, 'TEST:X1': 0.0}. Best is trial 13 with value: 196.5877794533733.
Trial 19 finished with value: 189.03937232310358 and parameters: {'TEST:X0': 7.021137093011216, 'TEST:X1': 0.0}. Best is trial 13 with value: 196.5877794533733.
Trial 20 finished with value: 181.47103245715988 and parameters: {'TEST:X0': 9.999999999999998, 'TEST:X1': 1.5811553780994947}. Best is trial 13 with value: 196.5877794533733.
Trial 21 finished with value: 192.80213766639147 and parameters: {'TEST:X0': 5.16722130799023, 'TEST:X1': 0.0}. Best is trial 13 with value: 196.5877794533733.
Trial 22 finished with value: 184.27990457758688 and parameters: {'TEST:X0': 1.5963301454804162, 'TEST:X1': 0.0}. Best is trial 13 with value: 196.5877794533733.
Trial 23 finished with value: 103.39619328628527 and parameters: {'TEST:X0': -4.26896901819166, 'TEST:X1': 0.0}. Best is trial 13 with value: 196.5877794533733.
Trial 24 finished with value: 157.53442314738396 and parameters: {'TEST:X0': 3.804556604903926, 'TEST:X1': 0.0}. Best is trial 13 with value: 196.5877794533733.
Trial 25 finished with value: 192.7574567490242 and parameters: {'TEST:X0': 5.858994028393726, 'TEST:X1': 1.0369237904887656}. Best is trial 13 with value: 196.5877794533733.
Trial 26 finished with value: 181.24318098006114 and parameters: {'TEST:X0': 5.759417918714657, 'TEST:X1': 2.022744757784851}. Best is trial 13 with value: 196.5877794533733.
Trial 27 finished with value: 180.86804748577958 and parameters: {'TEST:X0': 8.092072422521428, 'TEST:X1': 0.0}. Best is trial 13 with value: 196.5877794533733.
Trial 28 finished with value: 189.76609486698442 and parameters: {'TEST:X0': 9.999999999999998, 'TEST:X1': 0.0}. Best is trial 13 with value: 196.5877794533733.
Trial 29 finished with value: 189.03941896675462 and parameters: {'TEST:X0': 6.345723130134727, 'TEST:X1': 0.0}. Best is trial 13 with value: 196.5877794533733.
Trial 30 finished with value: 181.16655772843072 and parameters: {'TEST:X0': 0.2945384765939618, 'TEST:X1': 0.7198749252818616}. Best is trial 13 with value: 196.5877794533733.
Trial 31 finished with value: 157.55455611709817 and parameters: {'TEST:X0': 0.7892383145121524, 'TEST:X1': 2.5075761266646173}. Best is trial 13 with value: 196.5877794533733.
Trial 32 finished with value: 189.00493288656247 and parameters: {'TEST:X0': 4.292280155850531, 'TEST:X1': 3.764637931171621}. Best is trial 13 with value: 196.5877794533733.
Trial 33 finished with value: 189.0055070310864 and parameters: {'TEST:X0': 5.697973420154275, 'TEST:X1': 4.396601036539718}. Best is trial 13 with value: 196.5877794533733.
Trial 34 finished with value: 171.29820153944888 and parameters: {'TEST:X0': 8.433268516739084, 'TEST:X1': 5.270835846412353}. Best is trial 13 with value: 196.5877794533733.
Trial 35 finished with value: 181.390050033593 and parameters: {'TEST:X0': 4.668688063421056, 'TEST:X1': 4.6425725993929525}. Best is trial 13 with value: 196.5877794533733.
Trial 36 finished with value: 177.17386393423652 and parameters: {'TEST:X0': 5.670285731495223, 'TEST:X1': 3.358763880554699}. Best is trial 13 with value: 196.5877794533733.
Trial 37 finished with value: 177.17445092050338 and parameters: {'TEST:X0': 9.999999999999998, 'TEST:X1': 3.2732464360558615}. Best is trial 13 with value: 196.5877794533733.
Trial 38 finished with value: 197.33587383795034 and parameters: {'TEST:X0': 7.950002937156015, 'TEST:X1': 1.643330985643149}. Best is trial 38 with value: 197.33587383795034.
Trial 39 finished with value: 192.34295694651013 and parameters: {'TEST:X0': 8.300617582307414, 'TEST:X1': 0.0}. Best is trial 38 with value: 197.33587383795034.
Trial 40 finished with value: 191.41412076910564 and parameters: {'TEST:X0': 8.337271010208234, 'TEST:X1': 0.0}. Best is trial 38 with value: 197.33587383795034.
Trial 41 finished with value: 191.53685661884407 and parameters: {'TEST:X0': 9.999999999999998, 'TEST:X1': 0.0}. Best is trial 38 with value: 197.33587383795034.
Trial 42 finished with value: 189.04025876088212 and parameters: {'TEST:X0': 8.480493087391102, 'TEST:X1': 0.0}. Best is trial 38 with value: 197.33587383795034.
Trial 43 finished with value: 192.41252676546668 and parameters: {'TEST:X0': 7.618107555240789, 'TEST:X1': 1.1439880750079974}. Best is trial 38 with value: 197.33587383795034.
Trial 44 finished with value: 192.41294657709648 and parameters: {'TEST:X0': 8.641739915329625, 'TEST:X1': 1.463331183495096}. Best is trial 38 with value: 197.33587383795034.
Trial 45 finished with value: 196.27100151529845 and parameters: {'TEST:X0': 8.575664413492802, 'TEST:X1': 1.5838838800191604}. Best is trial 38 with value: 197.33587383795034.
Trial 46 finished with value: 196.27083388544295 and parameters: {'TEST:X0': 8.465995522964565, 'TEST:X1': 1.817731863230404}. Best is trial 38 with value: 197.33587383795034.
Trial 47 finished with value: 195.51506325896895 and parameters: {'TEST:X0': 8.436939939134097, 'TEST:X1': 2.0861657312423922}. Best is trial 38 with value: 197.33587383795034.
Trial 48 finished with value: 195.1837741263002 and parameters: {'TEST:X0': 8.273176181107447, 'TEST:X1': 1.5241278636325164}. Best is trial 38 with value: 197.33587383795034.
Trial 49 finished with value: 193.8853556265429 and parameters: {'TEST:X0': 8.26822611118046, 'TEST:X1': 1.4371654703989292}. Best is trial 38 with value: 197.33587383795034.
Trial 50 finished with value: 193.88456452885276 and parameters: {'TEST:X0': 8.462469617381188, 'TEST:X1': 2.3420652550532597}. Best is trial 38 with value: 197.33587383795034.
Trial 51 finished with value: 195.17563457215843 and parameters: {'TEST:X0': 8.154220926914485, 'TEST:X1': 1.8827353752790141}. Best is trial 38 with value: 197.33587383795034.
Trial 52 finished with value: 188.92007903771656 and parameters: {'TEST:X0': 5.654395243854953, 'TEST:X1': 0.23204336426699385}. Best is trial 38 with value: 197.33587383795034.
Trial 53 finished with value: 182.92986761798585 and parameters: {'TEST:X0': 9.228014559964295, 'TEST:X1': 0.0}. Best is trial 38 with value: 197.33587383795034.
Trial 54 finished with value: 194.06199851609114 and parameters: {'TEST:X0': 8.21209264498386, 'TEST:X1': 1.309528778013946}. Best is trial 38 with value: 197.33587383795034.
Trial 55 finished with value: 193.25546045127192 and parameters: {'TEST:X0': 8.765128769103448, 'TEST:X1': 1.8757543726375974}. Best is trial 38 with value: 197.33587383795034.
Trial 56 finished with value: 197.57767375838546 and parameters: {'TEST:X0': 8.177719907827035, 'TEST:X1': 1.9759668440911633}. Best is trial 56 with value: 197.57767375838546.
Trial 57 finished with value: 191.48796885713764 and parameters: {'TEST:X0': 4.388638581602921, 'TEST:X1': 2.755104145231393}. Best is trial 56 with value: 197.57767375838546.
Trial 58 finished with value: 191.48678347737345 and parameters: {'TEST:X0': 8.33227321656591, 'TEST:X1': 2.6103073432483637}. Best is trial 56 with value: 197.57767375838546.
Trial 59 finished with value: 193.6041959275563 and parameters: {'TEST:X0': 8.092676088266884, 'TEST:X1': 1.708478142681987}. Best is trial 56 with value: 197.57767375838546.
Trial 60 finished with value: 192.2542764814524 and parameters: {'TEST:X0': 8.257099500620257, 'TEST:X1': 1.3925542696696975}. Best is trial 56 with value: 197.57767375838546.
Trial 61 finished with value: 193.69106189672377 and parameters: {'TEST:X0': 3.629017152749478, 'TEST:X1': 2.8710068847238106}. Best is trial 56 with value: 197.57767375838546.
Trial 62 finished with value: 197.58901023884238 and parameters: {'TEST:X0': 3.7666286699664795, 'TEST:X1': 3.3257478538314627}. Best is trial 62 with value: 197.58901023884238.
