Trial 0 finished with value: 162.49913040086204 and parameters: {'TEST:X0': 2.502167106417296, 'TEST:X1': 8.759967740870355}. Best is trial 0 with value: 162.49913040086204.
Trial 1 popped from the trial queue.
Trial 1 finished with value: 166.64311692951145 and parameters: {'TEST:X0': 1.744174001504518, 'TEST:X1': 7.610862569478662}. Best is trial 1 with value: 166.64311692951145.
Trial 2 popped from the trial queue.
Trial 2 finished with value: 175.70662371282782 and parameters: {'TEST:X0': 2.5497046057746173, 'TEST:X1': 6.696645005574586}. Best is trial 2 with value: 175.70662371282782.
Trial 3 popped from the trial queue.
Trial 3 finished with value: 167.50282799104167 and parameters: {'TEST:X0': 3.0885428096814542, 'TEST:X1': 8.388345972162302}. Best is trial 2 with value: 175.70662371282782.
Trial 4 popped from the trial queue.
Trial 4 finished with value: 170.42327840465043 and parameters: {'TEST:X0': 3.3057578572496733, 'TEST:X1': 7.24730856018086}. Best is trial 2 with value: 175.70662371282782.
Trial 5 popped from the trial queue.
Trial 5 finished with value: 172.4033117959549 and parameters: {'TEST:X0': 3.561130831964444, 'TEST:X1': 7.210550945877233}. Best is trial 2 with value: 175.70662371282782.
Trial 6 popped from the trial queue.
Trial 6 finished with value: 157.9860156240469 and parameters: {'TEST:X0': 3.9253724551040277, 'TEST:X1': 8.22071769234406}. Best is trial 2 with value: 175.70662371282782.
Trial 7 popped from the trial queue.
Trial 7 finished with value: 183.02169426294952 and parameters: {'TEST:X0': 1.7624436062041442, 'TEST:X1': 6.56372191355156}. Best is trial 7 with value: 183.02169426294952.
Trial 8 popped from the trial queue.
Trial 8 finished with value: 183.02057063676585 and parameters: {'TEST:X0': 1.7572040765751917, 'TEST:X1': 7.367733189132377}. Best is trial 7 with value: 183.02169426294952.
Trial 9 popped from the trial queue.
Trial 9 finished with value: 177.59993942461892 and parameters: {'TEST:X0': 3.8506770927235103, 'TEST:X1': 7.616404122210106}. Best is trial 7 with value: 183.02169426294952.
Trial 10 finished with value: 181.39167457953988 and parameters: {'TEST:X0': -0.5973001627757881, 'TEST:X1': 6.180445622674785}. Best is trial 7 with value: 183.02169426294952.
Trial 11 finished with value: 179.5747544957401 and parameters: {'TEST:X0': -0.26251184480093936, 'TEST:X1': 5.1212990061165975}. Best is trial 7 with value: 183.02169426294952.
Trial 12 finished with value: 184.20950907825397 and parameters: {'TEST:X0': 2.0724320778240664, 'TEST:X1': 4.532628329429863}. Best is trial 12 with value: 184.20950907825397.
Trial 13 finished with value: 194.4001816385075 and parameters: {'TEST:X0': 3.649572994579785, 'TEST:X1': 3.909549400758859}. Best is trial 13 with value: 194.4001816385075.
Trial 14 finished with value: 185.3898108638228 and parameters: {'TEST:X0': 6.111684718173489, 'TEST:X1': 3.096905631932408}. Best is trial 13 with value: 194.4001816385075.
Trial 15 finished with value: 198.34761394149655 and parameters: {'TEST:X0': 3.1081335428684156, 'TEST:X1': 2.0451077536023554}. Best is trial 15 with value: 198.34761394149655.
Trial 16 finished with value: 193.47954911966076 and parameters: {'TEST:X0': 2.3156073394156325, 'TEST:X1': 1.0314274920841506}. Best is trial 15 with value: 198.34761394149655.
Trial 17 finished with value: 192.9802024447714 and parameters: {'TEST:X0': 4.164104915647597, 'TEST:X1': 0.18995925735357935}. Best is trial 15 with value: 198.34761394149655.
Trial 18 finished with value: 164.30567851603394 and parameters: {'TEST:X0': 0.5576165131459936, 'TEST:X1': 0.0}. Best is trial 15 with value: 198.34761394149655.
Trial 19 finished with value: 194.73546909392445 and parameters: {'TEST:X0': 4.033506941486028, 'TEST:X1': 1.350012740443992}. Best is trial 15 with value: 198.34761394149655.
Trial 20 finished with value: 196.41778838948272 and parameters: {'TEST:X0': 3.9006426992016774, 'TEST:X1': 1.9802559243663533}. Best is trial 15 with value: 198.34761394149655.
Trial 21 finished with value: 197.16652690587597 and parameters: {'TEST:X0': 3.8062325964866037, 'TEST:X1': 2.1909321593261786}. Best is trial 15 with value: 198.34761394149655.
Trial 22 finished with value: 197.41665395470392 and parameters: {'TEST:X0': 3.7552508511356884, 'TEST:X1': 2.2477966668836746}. Best is trial 15 with value: 198.34761394149655.
Trial 23 finished with value: 197.68936042046533 and parameters: {'TEST:X0': 3.7133125079703184, 'TEST:X1': 2.2561643934435462}. Best is trial 15 with value: 198.34761394149655.
Trial 24 finished with value: 197.92698024068795 and parameters: {'TEST:X0': 3.6694785399656187, 'TEST:X1': 2.2497704804471352}. Best is trial 15 with value: 198.34761394149655.
Trial 25 finished with value: 198.29763236560495 and parameters: {'TEST:X0': 3.621424730362067, 'TEST:X1': 2.2375960337942584}. Best is trial 15 with value: 198.34761394149655.
Trial 26 finished with value: 196.53935107466535 and parameters: {'TEST:X0': 9.999999999999998, 'TEST:X1': 1.7710869851742095}. Best is trial 15 with value: 198.34761394149655.
Trial 27 finished with value: 192.9745204960901 and parameters: {'TEST:X0': 9.999999999999998, 'TEST:X1': 0.4402637667871233}. Best is trial 15 with value: 198.34761394149655.
Trial 28 finished with value: 191.48888158743046 and parameters: {'TEST:X0': 9.999999999999998, 'TEST:X1': 0.0}. Best is trial 15 with value: 198.34761394149655.
Trial 29 failed with parameters: {'TEST:X0': 7.9393693498261015, 'TEST:X1': 0.0} because of the following error: KeyboardInterrupt().
Traceback (most recent call last):
  File "/home/skato/anaconda3/envs/injection/lib/python3.11/site-packages/optuna/study/_optimize.py", line 197, in _run_trial
    value_or_values = func(trial)
                      ^^^^^^^^^^^
  File "/home/skato/work/2024/MLSuperKEKB-master/Injection/optuna_testgui01.py", line 248, in objective
    time.sleep(self.sleepstep)
KeyboardInterrupt
Trial 29 failed with value None.
A new study created in RDB with name: 2024_09_11_05_35_06
Trial 0 popped from the trial queue.
Trial 0 finished with value: 177.52804044965313 and parameters: {'TEST:X0': 1.2206390033746577, 'TEST:X1': 8.804090062273746}. Best is trial 0 with value: 177.52804044965313.
Trial 1 popped from the trial queue.
Trial 1 finished with value: 177.81121920052834 and parameters: {'TEST:X0': 2.1771627639285733, 'TEST:X1': 6.825989105411073}. Best is trial 1 with value: 177.81121920052834.
Trial 2 popped from the trial queue.
Trial 2 finished with value: 183.95431172021682 and parameters: {'TEST:X0': 2.4030522585530383, 'TEST:X1': 6.257716894217798}. Best is trial 2 with value: 183.95431172021682.
Trial 3 popped from the trial queue.
Trial 3 finished with value: 180.7745270605469 and parameters: {'TEST:X0': 3.9133516101583963, 'TEST:X1': 8.068596009765816}. Best is trial 2 with value: 183.95431172021682.
Trial 4 popped from the trial queue.
Trial 4 finished with value: 169.90287998493937 and parameters: {'TEST:X0': 1.792375859930044, 'TEST:X1': 7.87881029502144}. Best is trial 2 with value: 183.95431172021682.
Trial 5 popped from the trial queue.
Trial 5 finished with value: 176.55074129796344 and parameters: {'TEST:X0': 3.148502738328616, 'TEST:X1': 6.29506065289992}. Best is trial 2 with value: 183.95431172021682.
Trial 6 popped from the trial queue.
Trial 6 finished with value: 183.63187404361432 and parameters: {'TEST:X0': 1.467446901149585, 'TEST:X1': 6.210994768389034}. Best is trial 2 with value: 183.95431172021682.
Trial 7 popped from the trial queue.
Trial 7 finished with value: 169.01518721056237 and parameters: {'TEST:X0': 1.7024144596045998, 'TEST:X1': 8.791928642223072}. Best is trial 2 with value: 183.95431172021682.
Trial 8 popped from the trial queue.
Trial 8 finished with value: 163.2026162035791 and parameters: {'TEST:X0': 3.2486015034234748, 'TEST:X1': 8.36684222852244}. Best is trial 2 with value: 183.95431172021682.
Trial 9 popped from the trial queue.
Trial 9 finished with value: 178.88896067910775 and parameters: {'TEST:X0': 1.889437305545309, 'TEST:X1': 6.701536170013299}. Best is trial 2 with value: 183.95431172021682.
Trial 10 finished with value: 180.43726145546037 and parameters: {'TEST:X0': -1.7374337492248308, 'TEST:X1': 5.815032966286813}. Best is trial 2 with value: 183.95431172021682.
Trial 11 finished with value: 177.0790834234752 and parameters: {'TEST:X0': -0.5880795871308697, 'TEST:X1': 4.542981646563944}. Best is trial 2 with value: 183.95431172021682.
Trial 12 finished with value: 189.58083276307826 and parameters: {'TEST:X0': 2.836979430846239, 'TEST:X1': 3.877621072603876}. Best is trial 12 with value: 189.58083276307826.
Trial 13 finished with value: 186.1009456275103 and parameters: {'TEST:X0': 5.180531922459, 'TEST:X1': 3.146979500970695}. Best is trial 12 with value: 189.58083276307826.
Trial 14 finished with value: 181.96216228394627 and parameters: {'TEST:X0': 7.642041048643913, 'TEST:X1': 2.743349016466833}. Best is trial 12 with value: 189.58083276307826.
Trial 15 finished with value: 190.25671103513054 and parameters: {'TEST:X0': 3.661270023523352, 'TEST:X1': 1.9192512268265542}. Best is trial 15 with value: 190.25671103513054.
Trial 16 finished with value: 197.5054768583328 and parameters: {'TEST:X0': 2.680602457832487, 'TEST:X1': 1.2751620468530491}. Best is trial 16 with value: 197.5054768583328.
Trial 17 finished with value: 196.6763813982289 and parameters: {'TEST:X0': 1.6944683207820237, 'TEST:X1': 0.042210743172077514}. Best is trial 16 with value: 197.5054768583328.
Trial 18 finished with value: 177.99445320107083 and parameters: {'TEST:X0': 1.5294847819930153, 'TEST:X1': 0.0}. Best is trial 16 with value: 197.5054768583328.
Trial 19 finished with value: 186.0465794285272 and parameters: {'TEST:X0': 4.954267970336948, 'TEST:X1': 0.0}. Best is trial 16 with value: 197.5054768583328.
Trial 20 finished with value: 189.03836885927802 and parameters: {'TEST:X0': 9.999999999999998, 'TEST:X1': 0.0}. Best is trial 16 with value: 197.5054768583328.
Trial 21 finished with value: 189.0391133495666 and parameters: {'TEST:X0': 9.999999999999998, 'TEST:X1': 0.0}. Best is trial 16 with value: 197.5054768583328.
Trial 22 finished with value: 189.0383206684685 and parameters: {'TEST:X0': 9.999999999999998, 'TEST:X1': 0.0}. Best is trial 16 with value: 197.5054768583328.
Trial 23 finished with value: 185.74052413146197 and parameters: {'TEST:X0': 6.230979023495417, 'TEST:X1': 0.0}. Best is trial 16 with value: 197.5054768583328.
Trial 24 finished with value: 179.20374571586933 and parameters: {'TEST:X0': -2.3574191221927854, 'TEST:X1': 0.0}. Best is trial 16 with value: 197.5054768583328.
Trial 25 finished with value: 10.482909019027318 and parameters: {'TEST:X0': -5.0, 'TEST:X1': 0.0}. Best is trial 16 with value: 197.5054768583328.
Trial 26 finished with value: 105.53545410328283 and parameters: {'TEST:X0': 2.0718893792957127, 'TEST:X1': 0.22916498908171423}. Best is trial 16 with value: 197.5054768583328.
Trial 27 finished with value: 135.17901622118495 and parameters: {'TEST:X0': -0.5959015407107824, 'TEST:X1': 0.04668754475508709}. Best is trial 16 with value: 197.5054768583328.
Trial 28 finished with value: 190.47663508520236 and parameters: {'TEST:X0': 4.4292943937443425, 'TEST:X1': 0.0}. Best is trial 16 with value: 197.5054768583328.
Trial 29 finished with value: 190.4765779462267 and parameters: {'TEST:X0': 7.906809991061493, 'TEST:X1': 0.0}. Best is trial 16 with value: 197.5054768583328.
Trial 30 finished with value: 190.37014362676254 and parameters: {'TEST:X0': 8.488788384157868, 'TEST:X1': 0.0}. Best is trial 16 with value: 197.5054768583328.
Trial 31 finished with value: 192.45769767285356 and parameters: {'TEST:X0': 9.999999999999998, 'TEST:X1': 0.0}. Best is trial 16 with value: 197.5054768583328.
Trial 32 finished with value: 191.30911122186217 and parameters: {'TEST:X0': 8.797789537325587, 'TEST:X1': 0.0}. Best is trial 16 with value: 197.5054768583328.
Trial 33 finished with value: 191.1288763823972 and parameters: {'TEST:X0': 7.062758948354146, 'TEST:X1': 0.0}. Best is trial 16 with value: 197.5054768583328.
Trial 34 finished with value: 184.82781135323796 and parameters: {'TEST:X0': 8.666291428270295, 'TEST:X1': 0.0}. Best is trial 16 with value: 197.5054768583328.
Trial 35 finished with value: 195.77770868142238 and parameters: {'TEST:X0': 9.999999999999998, 'TEST:X1': 1.4935672359570789}. Best is trial 16 with value: 197.5054768583328.
Trial 36 finished with value: 197.8230740166258 and parameters: {'TEST:X0': 9.999999999999998, 'TEST:X1': 2.5202369672179277}. Best is trial 36 with value: 197.8230740166258.
Trial 37 finished with value: 197.8892016522342 and parameters: {'TEST:X0': 9.999999999999998, 'TEST:X1': 3.3225955632679876}. Best is trial 37 with value: 197.8892016522342.
Trial 38 finished with value: 197.51559388710294 and parameters: {'TEST:X0': 9.999999999999998, 'TEST:X1': 3.9931178513309433}. Best is trial 37 with value: 197.8892016522342.
Trial 39 finished with value: 197.0763238148397 and parameters: {'TEST:X0': 9.312011832009008, 'TEST:X1': 4.445980651619239}. Best is trial 37 with value: 197.8892016522342.
Trial 40 finished with value: 195.28002666708738 and parameters: {'TEST:X0': 9.999999999999998, 'TEST:X1': 4.97708746455356}. Best is trial 37 with value: 197.8892016522342.
Trial 41 finished with value: 194.1580846955378 and parameters: {'TEST:X0': 9.164161006968198, 'TEST:X1': 5.343446048297038}. Best is trial 37 with value: 197.8892016522342.
Trial 42 finished with value: 190.00573899742096 and parameters: {'TEST:X0': 9.999999999999998, 'TEST:X1': 5.8029494033842}. Best is trial 37 with value: 197.8892016522342.
Trial 43 finished with value: 190.2166957083543 and parameters: {'TEST:X0': 8.46662591553688, 'TEST:X1': 6.18547758507349}. Best is trial 37 with value: 197.8892016522342.
Trial 44 finished with value: 168.46398271415995 and parameters: {'TEST:X0': 6.645016342819453, 'TEST:X1': 6.48900617611048}. Best is trial 37 with value: 197.8892016522342.
Trial 45 finished with value: 152.28563147587118 and parameters: {'TEST:X0': 9.999999999999998, 'TEST:X1': 6.92355065673594}. Best is trial 37 with value: 197.8892016522342.
Trial 46 finished with value: 184.72547810987913 and parameters: {'TEST:X0': 8.808947390045251, 'TEST:X1': 5.157568788971472}. Best is trial 37 with value: 197.8892016522342.
Trial 47 finished with value: 191.20578415896404 and parameters: {'TEST:X0': 9.17666643544002, 'TEST:X1': 3.769545831580322}. Best is trial 37 with value: 197.8892016522342.
Trial 48 finished with value: 197.071589221456 and parameters: {'TEST:X0': 9.294144852967085, 'TEST:X1': 3.0534905764220266}. Best is trial 37 with value: 197.8892016522342.
Trial 49 finished with value: 199.26268811656976 and parameters: {'TEST:X0': 9.335919730172503, 'TEST:X1': 2.6980249659312348}. Best is trial 49 with value: 199.26268811656976.
Trial 50 finished with value: 199.47648409194292 and parameters: {'TEST:X0': 9.326956559961175, 'TEST:X1': 2.5086651542255285}. Best is trial 50 with value: 199.47648409194292.
Trial 51 finished with value: 199.54430166734738 and parameters: {'TEST:X0': 9.340807155396469, 'TEST:X1': 2.422709340072511}. Best is trial 51 with value: 199.54430166734738.
Trial 52 finished with value: 199.56856937711447 and parameters: {'TEST:X0': 9.358075182149983, 'TEST:X1': 2.388413381671282}. Best is trial 52 with value: 199.56856937711447.
Trial 53 finished with value: 199.58027454210327 and parameters: {'TEST:X0': 9.376961377056233, 'TEST:X1': 2.379246096607051}. Best is trial 53 with value: 199.58027454210327.
Trial 54 finished with value: 199.5887848245257 and parameters: {'TEST:X0': 9.397061708511687, 'TEST:X1': 2.3822089145974745}. Best is trial 54 with value: 199.5887848245257.
Trial 55 finished with value: 199.59429493338843 and parameters: {'TEST:X0': 9.418472002043469, 'TEST:X1': 2.3912377595585315}. Best is trial 55 with value: 199.59429493338843.
Trial 56 finished with value: 199.5951149074169 and parameters: {'TEST:X0': 9.44113612760989, 'TEST:X1': 2.4035459910507306}. Best is trial 56 with value: 199.5951149074169.
Trial 57 finished with value: 199.59344259123299 and parameters: {'TEST:X0': 9.465053432160687, 'TEST:X1': 2.41799315628915}. Best is trial 56 with value: 199.5951149074169.
Trial 58 finished with value: 195.21655298973056 and parameters: {'TEST:X0': 8.213490491152236, 'TEST:X1': 2.49582045429107}. Best is trial 56 with value: 199.5951149074169.
Trial 59 finished with value: 195.37186978890253 and parameters: {'TEST:X0': 9.758196956227447, 'TEST:X1': 2.9054303890184814}. Best is trial 56 with value: 199.5951149074169.
Trial 60 finished with value: 193.0414199319285 and parameters: {'TEST:X0': 7.078696637787349, 'TEST:X1': 3.017268644786045}. Best is trial 56 with value: 199.5951149074169.
Trial 61 finished with value: 186.54216696735983 and parameters: {'TEST:X0': 4.5765967776158085, 'TEST:X1': 3.602978932130323}. Best is trial 56 with value: 199.5951149074169.
Trial 62 finished with value: 188.946873787227 and parameters: {'TEST:X0': 9.086282638035215, 'TEST:X1': 2.9556842672317676}. Best is trial 56 with value: 199.5951149074169.
Trial 63 finished with value: 199.00128073006178 and parameters: {'TEST:X0': 9.562834690085099, 'TEST:X1': 2.5871918774233134}. Best is trial 56 with value: 199.5951149074169.
Trial 64 finished with value: 179.41715865781921 and parameters: {'TEST:X0': 5.7808705529559425, 'TEST:X1': 2.588992188045839}. Best is trial 56 with value: 199.5951149074169.
Trial 65 finished with value: 179.41702627211117 and parameters: {'TEST:X0': 3.034620426083043, 'TEST:X1': 1.8008067439715425}. Best is trial 56 with value: 199.5951149074169.
Trial 66 finished with value: 199.02650591705043 and parameters: {'TEST:X0': 4.060605401037737, 'TEST:X1': 1.9362516036411002}. Best is trial 56 with value: 199.5951149074169.
Trial 67 finished with value: 195.44615053731434 and parameters: {'TEST:X0': 4.068705821271955, 'TEST:X1': 2.4529864123566196}. Best is trial 56 with value: 199.5951149074169.
Trial 68 finished with value: 195.1385353754683 and parameters: {'TEST:X0': 0.4245629701753417, 'TEST:X1': 2.645678686820127}. Best is trial 56 with value: 199.5951149074169.
Trial 69 finished with value: 173.9512783615316 and parameters: {'TEST:X0': 1.6588486167196956, 'TEST:X1': 2.665772574005341}. Best is trial 56 with value: 199.5951149074169.
Trial 70 finished with value: 181.4595336591433 and parameters: {'TEST:X0': 0.107565000679819, 'TEST:X1': 3.010015442547592}. Best is trial 56 with value: 199.5951149074169.
Trial 71 finished with value: 172.50143677628176 and parameters: {'TEST:X0': 0.7911268809275924, 'TEST:X1': 3.0036853868193005}. Best is trial 56 with value: 199.5951149074169.
Trial 72 finished with value: 189.78945530112748 and parameters: {'TEST:X0': 3.97291553253104, 'TEST:X1': 3.1980363712110917}. Best is trial 56 with value: 199.5951149074169.
Trial 73 finished with value: 195.1949712681071 and parameters: {'TEST:X0': 9.560988718276379, 'TEST:X1': 2.6660044365035036}. Best is trial 56 with value: 199.5951149074169.
Trial 74 finished with value: 199.44007312161736 and parameters: {'TEST:X0': 9.627863784780349, 'TEST:X1': 2.4700194957805492}. Best is trial 56 with value: 199.5951149074169.
Trial 75 finished with value: 199.37069865526485 and parameters: {'TEST:X0': 9.632642218842784, 'TEST:X1': 2.4043693179459082}. Best is trial 56 with value: 199.5951149074169.
Trial 76 finished with value: 198.21717206507043 and parameters: {'TEST:X0': 9.596537350110614, 'TEST:X1': 1.2592882949100184}. Best is trial 56 with value: 199.5951149074169.
Trial 77 finished with value: 192.3047684743525 and parameters: {'TEST:X0': 6.711568382389958, 'TEST:X1': 1.2544706017446208}. Best is trial 56 with value: 199.5951149074169.
Trial 78 finished with value: 191.37734272940628 and parameters: {'TEST:X0': 3.953548215821428, 'TEST:X1': 0.4639507054630213}. Best is trial 56 with value: 199.5951149074169.
Trial 79 finished with value: 193.89622122589162 and parameters: {'TEST:X0': 4.104424382274692, 'TEST:X1': 0.0}. Best is trial 56 with value: 199.5951149074169.
Trial 80 finished with value: 184.90340589570647 and parameters: {'TEST:X0': 5.445925214159486, 'TEST:X1': 0.0}. Best is trial 56 with value: 199.5951149074169.
Trial 81 finished with value: 194.1650421973951 and parameters: {'TEST:X0': 9.149892146328664, 'TEST:X1': 0.0}. Best is trial 56 with value: 199.5951149074169.
Trial 82 finished with value: 194.16499334247385 and parameters: {'TEST:X0': 8.200041900982818, 'TEST:X1': 0.0}. Best is trial 56 with value: 199.5951149074169.
Trial 83 finished with value: 192.0730531428726 and parameters: {'TEST:X0': 8.370952819506277, 'TEST:X1': 1.281708415167284}. Best is trial 56 with value: 199.5951149074169.
Trial 84 finished with value: 192.15753630202153 and parameters: {'TEST:X0': 7.3640090531235955, 'TEST:X1': 0.8770880057423666}. Best is trial 56 with value: 199.5951149074169.
Trial 85 finished with value: 182.8472496118149 and parameters: {'TEST:X0': 6.396500133100432, 'TEST:X1': 1.8857663397150852}. Best is trial 56 with value: 199.5951149074169.
Trial 86 finished with value: 181.09850699725172 and parameters: {'TEST:X0': 2.731141055196346, 'TEST:X1': 2.150868688335595}. Best is trial 56 with value: 199.5951149074169.
Trial 87 finished with value: 124.2127915708205 and parameters: {'TEST:X0': -2.9244677915130417, 'TEST:X1': 2.2668698465271033}. Best is trial 56 with value: 199.5951149074169.
Trial 88 finished with value: 131.1783433352552 and parameters: {'TEST:X0': -1.8568261318497128, 'TEST:X1': 2.0120684319548245}. Best is trial 56 with value: 199.5951149074169.
Trial 89 finished with value: 194.6415720933955 and parameters: {'TEST:X0': 4.072992930341579, 'TEST:X1': 2.5664729562844166}. Best is trial 56 with value: 199.5951149074169.
