Trial 22 finished with value: 195.38674718362267 and parameters: {'TEST:X0': 9.999999999999998, 'TEST:X1': 4.094179338885437}. Best is trial 22 with value: 195.38674718362267.
Trial 23 finished with value: 196.86711593233963 and parameters: {'TEST:X0': 9.999999999999998, 'TEST:X1': 4.07842188334786}. Best is trial 23 with value: 196.86711593233963.
Trial 24 finished with value: 196.90082719213365 and parameters: {'TEST:X0': 9.999999999999998, 'TEST:X1': 3.9922104472999664}. Best is trial 24 with value: 196.90082719213365.
Trial 25 finished with value: 197.07664014712915 and parameters: {'TEST:X0': 9.999999999999998, 'TEST:X1': 3.571793565129698}. Best is trial 25 with value: 197.07664014712915.
Trial 26 finished with value: 197.73310836224115 and parameters: {'TEST:X0': 9.999999999999998, 'TEST:X1': 2.816603274966489}. Best is trial 26 with value: 197.73310836224115.
Trial 27 finished with value: 197.73323603663346 and parameters: {'TEST:X0': 9.999999999999998, 'TEST:X1': 2.078504102448908}. Best is trial 27 with value: 197.73323603663346.
Trial 28 finished with value: 197.2026483062427 and parameters: {'TEST:X0': 9.999999999999998, 'TEST:X1': 1.4735043511609542}. Best is trial 27 with value: 197.73323603663346.
Trial 29 finished with value: 195.71866271880643 and parameters: {'TEST:X0': 9.999999999999998, 'TEST:X1': 0.9665034962652204}. Best is trial 27 with value: 197.73323603663346.
Trial 30 finished with value: 193.9097845361028 and parameters: {'TEST:X0': 9.999999999999998, 'TEST:X1': 0.5252450496421383}. Best is trial 27 with value: 197.73323603663346.
Trial 31 finished with value: 193.90906800923068 and parameters: {'TEST:X0': 9.999999999999998, 'TEST:X1': 0.1260091094441125}. Best is trial 27 with value: 197.73323603663346.
Trial 32 finished with value: 189.78026838797717 and parameters: {'TEST:X0': 9.999999999999998, 'TEST:X1': 0.0}. Best is trial 27 with value: 197.73323603663346.
A new study created in RDB with name: 2024_09_11_03_05_11
Trial 0 popped from the trial queue.
Trial 0 finished with value: 168.5898173944392 and parameters: {'TEST:X0': 3.5797962810291555, 'TEST:X1': 7.444993830372081}. Best is trial 0 with value: 168.5898173944392.
Trial 1 popped from the trial queue.
Trial 1 finished with value: 172.85596963216113 and parameters: {'TEST:X0': 3.497206333356233, 'TEST:X1': 6.69140175175835}. Best is trial 1 with value: 172.85596963216113.
Trial 2 popped from the trial queue.
Trial 2 finished with value: 172.11981776966627 and parameters: {'TEST:X0': 1.1301148732395416, 'TEST:X1': 8.40120616313232}. Best is trial 1 with value: 172.85596963216113.
Trial 3 popped from the trial queue.
Trial 3 finished with value: 169.62450094922735 and parameters: {'TEST:X0': 1.2810833152402825, 'TEST:X1': 7.404660476218712}. Best is trial 1 with value: 172.85596963216113.
Trial 4 popped from the trial queue.
Trial 4 finished with value: 174.5340686755361 and parameters: {'TEST:X0': 1.5550834638861046, 'TEST:X1': 8.659297069925092}. Best is trial 4 with value: 174.5340686755361.
Trial 5 popped from the trial queue.
Trial 5 finished with value: 173.61509218854607 and parameters: {'TEST:X0': 3.786320978080714, 'TEST:X1': 6.730944014188369}. Best is trial 4 with value: 174.5340686755361.
Trial 6 popped from the trial queue.
Trial 6 finished with value: 183.38647853382122 and parameters: {'TEST:X0': 2.6105633449049774, 'TEST:X1': 6.413455390547832}. Best is trial 6 with value: 183.38647853382122.
Trial 7 popped from the trial queue.
Trial 7 finished with value: 174.40698698289106 and parameters: {'TEST:X0': 3.9695807228750075, 'TEST:X1': 6.417782454495293}. Best is trial 6 with value: 183.38647853382122.
Trial 8 popped from the trial queue.
Trial 8 finished with value: 174.4049400478085 and parameters: {'TEST:X0': 1.7554255756897383, 'TEST:X1': 8.522440629774877}. Best is trial 6 with value: 183.38647853382122.
Trial 9 popped from the trial queue.
Trial 9 finished with value: 167.5727722896882 and parameters: {'TEST:X0': 3.4337369297764986, 'TEST:X1': 8.34461689754076}. Best is trial 6 with value: 183.38647853382122.
Trial 10 finished with value: 172.55425246564192 and parameters: {'TEST:X0': -3.837345811537025, 'TEST:X1': 8.049335343712542}. Best is trial 6 with value: 183.38647853382122.
Trial 11 finished with value: 142.92926040593085 and parameters: {'TEST:X0': -5.0, 'TEST:X1': 5.688057072721769}. Best is trial 6 with value: 183.38647853382122.
Trial 12 finished with value: 188.25445667480318 and parameters: {'TEST:X0': 1.577145717837257, 'TEST:X1': 5.155269267291283}. Best is trial 12 with value: 188.25445667480318.
Trial 13 finished with value: 194.39652892614066 and parameters: {'TEST:X0': 2.718754701232119, 'TEST:X1': 4.71586438727045}. Best is trial 13 with value: 194.39652892614066.
Trial 14 finished with value: 194.3977101285868 and parameters: {'TEST:X0': 2.6598722323487403, 'TEST:X1': 3.6276443254388453}. Best is trial 14 with value: 194.3977101285868.
Trial 15 finished with value: 196.9486026077766 and parameters: {'TEST:X0': 2.242011538169389, 'TEST:X1': 4.041505494370734}. Best is trial 15 with value: 196.9486026077766.
Trial 16 finished with value: 195.04814443039874 and parameters: {'TEST:X0': 1.444847096312425, 'TEST:X1': 2.908572373101625}. Best is trial 15 with value: 196.9486026077766.
Trial 17 finished with value: 187.66529539000544 and parameters: {'TEST:X0': -0.3194624532058752, 'TEST:X1': 2.059112597030842}. Best is trial 15 with value: 196.9486026077766.
Trial 18 finished with value: 160.97013181671275 and parameters: {'TEST:X0': 1.1596484900686859, 'TEST:X1': 0.9137074108332488}. Best is trial 15 with value: 196.9486026077766.
Trial 19 finished with value: 174.50413127722683 and parameters: {'TEST:X0': 0.5234323790778719, 'TEST:X1': 3.210277074563801}. Best is trial 15 with value: 196.9486026077766.
Trial 20 finished with value: 177.71663055019388 and parameters: {'TEST:X0': 1.7717774049139337, 'TEST:X1': 3.460866810191795}. Best is trial 15 with value: 196.9486026077766.
Trial 21 finished with value: 191.90126792798418 and parameters: {'TEST:X0': 4.807683675755051, 'TEST:X1': 3.8661302115813942}. Best is trial 15 with value: 196.9486026077766.
Trial 22 finished with value: 182.67770254528597 and parameters: {'TEST:X0': 4.271687263899969, 'TEST:X1': 4.426763296912877}. Best is trial 15 with value: 196.9486026077766.
Trial 23 finished with value: 185.86954096453832 and parameters: {'TEST:X0': 8.309582967040127, 'TEST:X1': 3.6988222177289827}. Best is trial 15 with value: 196.9486026077766.
Trial 24 finished with value: 190.2108721233776 and parameters: {'TEST:X0': 9.999999999999998, 'TEST:X1': 2.356558939985153}. Best is trial 15 with value: 196.9486026077766.
Trial 25 finished with value: 197.63910047932035 and parameters: {'TEST:X0': 7.500628367560266, 'TEST:X1': 1.9319028095114499}. Best is trial 25 with value: 197.63910047932035.
Trial 26 finished with value: 195.20312647094966 and parameters: {'TEST:X0': 8.481145290853412, 'TEST:X1': 1.1370948016833842}. Best is trial 25 with value: 197.63910047932035.
Trial 27 finished with value: 195.20312647094966 and parameters: {'TEST:X0': 9.999999999999998, 'TEST:X1': 0.47594947870115856}. Best is trial 25 with value: 197.63910047932035.
Trial 28 finished with value: 193.62296907899375 and parameters: {'TEST:X0': 8.745093380473968, 'TEST:X1': 0.0}. Best is trial 25 with value: 197.63910047932035.
Trial 29 finished with value: 193.62138505119088 and parameters: {'TEST:X0': 9.999999999999998, 'TEST:X1': 0.0}. Best is trial 25 with value: 197.63910047932035.
Trial 30 finished with value: 189.0391251400958 and parameters: {'TEST:X0': 9.999999999999998, 'TEST:X1': 0.0}. Best is trial 25 with value: 197.63910047932035.
Trial 31 finished with value: 189.03974800438814 and parameters: {'TEST:X0': 7.714592005824015, 'TEST:X1': 0.9936044243835326}. Best is trial 25 with value: 197.63910047932035.
Trial 32 finished with value: 195.2087955721669 and parameters: {'TEST:X0': 9.999999999999998, 'TEST:X1': 1.3156055210494317}. Best is trial 25 with value: 197.63910047932035.
Trial 33 finished with value: 195.21057865463797 and parameters: {'TEST:X0': 9.999999999999998, 'TEST:X1': 1.354238256701016}. Best is trial 25 with value: 197.63910047932035.
Trial 34 finished with value: 195.33736082254092 and parameters: {'TEST:X0': 8.258664274573036, 'TEST:X1': 1.8800828117170851}. Best is trial 25 with value: 197.63910047932035.
Trial 35 finished with value: 193.73371272672014 and parameters: {'TEST:X0': 6.383488217881567, 'TEST:X1': 2.361622050853824}. Best is trial 25 with value: 197.63910047932035.
Trial 36 finished with value: 178.8663325309243 and parameters: {'TEST:X0': 5.5027743247188745, 'TEST:X1': 2.6131266918548985}. Best is trial 25 with value: 197.63910047932035.
Trial 37 finished with value: 194.42647278346845 and parameters: {'TEST:X0': 8.801309863269605, 'TEST:X1': 1.7889170298701271}. Best is trial 25 with value: 197.63910047932035.
Trial 38 finished with value: 197.75188557624605 and parameters: {'TEST:X0': 9.120251195629635, 'TEST:X1': 1.4298590343187518}. Best is trial 38 with value: 197.75188557624605.
Trial 39 finished with value: 198.51902433574213 and parameters: {'TEST:X0': 9.140268752219368, 'TEST:X1': 1.3385612298347898}. Best is trial 39 with value: 198.51902433574213.
Trial 40 finished with value: 198.39217742763375 and parameters: {'TEST:X0': 9.138313974411174, 'TEST:X1': 1.2817556796662761}. Best is trial 39 with value: 198.51902433574213.
Trial 41 finished with value: 198.28467404956365 and parameters: {'TEST:X0': 9.12544642185343, 'TEST:X1': 1.2482643157660012}. Best is trial 39 with value: 198.51902433574213.
Trial 42 finished with value: 198.20278181197173 and parameters: {'TEST:X0': 9.126023869838532, 'TEST:X1': 1.2114735562876395}. Best is trial 39 with value: 198.51902433574213.
Trial 43 finished with value: 198.13131240796008 and parameters: {'TEST:X0': 9.145877402120828, 'TEST:X1': 1.1607588082604383}. Best is trial 39 with value: 198.51902433574213.
Trial 44 finished with value: 198.04700240997101 and parameters: {'TEST:X0': 9.184390208140357, 'TEST:X1': 1.0965972066807517}. Best is trial 39 with value: 198.51902433574213.
Trial 45 finished with value: 197.92626627552647 and parameters: {'TEST:X0': 9.238488964006933, 'TEST:X1': 1.0229247768510612}. Best is trial 39 with value: 198.51902433574213.
Trial 46 finished with value: 197.7468679921262 and parameters: {'TEST:X0': 7.623303767782877, 'TEST:X1': 2.3496891119891052}. Best is trial 39 with value: 198.51902433574213.
Trial 47 finished with value: 189.99415269082584 and parameters: {'TEST:X0': 1.829519349221278, 'TEST:X1': 2.506642991381145}. Best is trial 39 with value: 198.51902433574213.
Trial 48 finished with value: 196.6708120153852 and parameters: {'TEST:X0': 3.2621876460594184, 'TEST:X1': 3.8741598986962416}. Best is trial 39 with value: 198.51902433574213.
Trial 49 finished with value: 196.67057003124376 and parameters: {'TEST:X0': 2.105100666211186, 'TEST:X1': 4.39627997373469}. Best is trial 39 with value: 198.51902433574213.
A new study created in RDB with name: 2024_09_11_03_09_57
Trial 0 popped from the trial queue.
Trial 0 finished with value: 185.21899164394094 and parameters: {'TEST:X0': 3.309823885242488, 'TEST:X1': 8.259982588918767}. Best is trial 0 with value: 185.21899164394094.
Trial 1 popped from the trial queue.
Trial 1 finished with value: 162.1043242322307 and parameters: {'TEST:X0': 2.4573237399534325, 'TEST:X1': 6.506450973367223}. Best is trial 0 with value: 185.21899164394094.
Trial 2 popped from the trial queue.
Trial 2 finished with value: 184.2105012020581 and parameters: {'TEST:X0': 1.5707915521382754, 'TEST:X1': 6.07989031335194}. Best is trial 0 with value: 185.21899164394094.
Trial 3 popped from the trial queue.
Trial 3 finished with value: 182.81433062142952 and parameters: {'TEST:X0': 2.9721515804896126, 'TEST:X1': 8.78566433974393}. Best is trial 0 with value: 185.21899164394094.
Trial 4 popped from the trial queue.
Trial 4 finished with value: 171.15145685229243 and parameters: {'TEST:X0': 3.6110102256857464, 'TEST:X1': 7.014149139025094}. Best is trial 0 with value: 185.21899164394094.
Trial 5 popped from the trial queue.
Trial 5 finished with value: 172.789202439033 and parameters: {'TEST:X0': 2.8078222860152113, 'TEST:X1': 8.911054698331142}. Best is trial 0 with value: 185.21899164394094.
Trial 6 popped from the trial queue.
Trial 6 finished with value: 158.60608166857645 and parameters: {'TEST:X0': 2.2190284069963466, 'TEST:X1': 8.504138261999143}. Best is trial 0 with value: 185.21899164394094.
Trial 7 popped from the trial queue.
Trial 7 finished with value: 166.6410713002456 and parameters: {'TEST:X0': 2.9920320455492213, 'TEST:X1': 6.817459457898698}. Best is trial 0 with value: 185.21899164394094.
Trial 8 popped from the trial queue.
Trial 8 finished with value: 169.20125354046434 and parameters: {'TEST:X0': 2.809185219011181, 'TEST:X1': 6.982824646662114}. Best is trial 0 with value: 185.21899164394094.
Trial 9 popped from the trial queue.
Trial 9 finished with value: 179.412766547093 and parameters: {'TEST:X0': 2.6469931443725656, 'TEST:X1': 7.101990933166514}. Best is trial 0 with value: 185.21899164394094.
Trial 10 finished with value: 158.55364141309332 and parameters: {'TEST:X0': 7.967460438194918, 'TEST:X1': 7.22394226782652}. Best is trial 0 with value: 185.21899164394094.
Trial 11 finished with value: 178.69873462736155 and parameters: {'TEST:X0': -1.3314357509616292, 'TEST:X1': 7.18741696597121}. Best is trial 0 with value: 185.21899164394094.
Trial 12 finished with value: 181.70368431660674 and parameters: {'TEST:X0': -4.630785222545399, 'TEST:X1': 7.154721497944767}. Best is trial 0 with value: 185.21899164394094.
Trial 13 finished with value: 110.04024959159054 and parameters: {'TEST:X0': -5.0, 'TEST:X1': 7.090260741387155}. Best is trial 0 with value: 185.21899164394094.
Trial 14 finished with value: 149.76336577097533 and parameters: {'TEST:X0': -0.5366934342414318, 'TEST:X1': 6.7668017210355655}. Best is trial 0 with value: 185.21899164394094.
Trial 15 finished with value: 181.8811435111969 and parameters: {'TEST:X0': 4.867732004474801, 'TEST:X1': 5.524799835804465}. Best is trial 0 with value: 185.21899164394094.
Trial 16 finished with value: 170.7816189745431 and parameters: {'TEST:X0': 5.943582168624593, 'TEST:X1': 4.572992163111862}. Best is trial 0 with value: 185.21899164394094.
Trial 17 finished with value: 177.46120866442587 and parameters: {'TEST:X0': 9.406658007792318, 'TEST:X1': 4.015313304167773}. Best is trial 0 with value: 185.21899164394094.
Trial 18 finished with value: 197.18141274312433 and parameters: {'TEST:X0': 9.999999999999998, 'TEST:X1': 3.4108468043779405}. Best is trial 18 with value: 197.18141274312433.
Trial 19 finished with value: 197.8901034068742 and parameters: {'TEST:X0': 9.999999999999998, 'TEST:X1': 2.1260113499996707}. Best is trial 19 with value: 197.8901034068742.
Trial 20 finished with value: 197.28738031146793 and parameters: {'TEST:X0': 9.999999999999998, 'TEST:X1': 1.1474667697410508}. Best is trial 19 with value: 197.8901034068742.
Trial 21 finished with value: 194.61416643178978 and parameters: {'TEST:X0': 9.999999999999998, 'TEST:X1': 0.4231332959825106}. Best is trial 19 with value: 197.8901034068742.
Trial 22 finished with value: 193.00727404799716 and parameters: {'TEST:X0': 9.999999999999998, 'TEST:X1': 0.0}. Best is trial 19 with value: 197.8901034068742.
Trial 23 finished with value: 189.03920769915737 and parameters: {'TEST:X0': 9.999999999999998, 'TEST:X1': 0.0}. Best is trial 19 with value: 197.8901034068742.
Trial 24 finished with value: 189.03962766116985 and parameters: {'TEST:X0': 9.999999999999998, 'TEST:X1': 0.0}. Best is trial 19 with value: 197.8901034068742.
Trial 25 finished with value: 189.0391458665785 and parameters: {'TEST:X0': 7.316361388100793, 'TEST:X1': 0.0}. Best is trial 19 with value: 197.8901034068742.
Trial 26 finished with value: 183.46589977780798 and parameters: {'TEST:X0': 6.123289456765335, 'TEST:X1': 0.0}. Best is trial 19 with value: 197.8901034068742.
Trial 27 finished with value: 181.9092795135557 and parameters: {'TEST:X0': 9.999999999999998, 'TEST:X1': 0.0}. Best is trial 19 with value: 197.8901034068742.
Trial 28 finished with value: 189.03935684379553 and parameters: {'TEST:X0': 9.999999999999998, 'TEST:X1': 0.0}. Best is trial 19 with value: 197.8901034068742.
Trial 29 finished with value: 189.03903990119588 and parameters: {'TEST:X0': 9.999999999999998, 'TEST:X1': 0.0}. Best is trial 19 with value: 197.8901034068742.
Trial 30 finished with value: 189.03833473184892 and parameters: {'TEST:X0': 6.681556631849579, 'TEST:X1': 0.0}. Best is trial 19 with value: 197.8901034068742.
Trial 31 finished with value: 183.15936697792608 and parameters: {'TEST:X0': 3.2096703605716694, 'TEST:X1': 0.0}. Best is trial 19 with value: 197.8901034068742.
Trial 32 finished with value: 194.6401804804933 and parameters: {'TEST:X0': 0.39477474009491687, 'TEST:X1': 0.0}. Best is trial 19 with value: 197.8901034068742.
Trial 33 finished with value: 144.69873086100145 and parameters: {'TEST:X0': -1.910086972570539, 'TEST:X1': 0.0}. Best is trial 19 with value: 197.8901034068742.
Trial 34 finished with value: 189.0398101497245 and parameters: {'TEST:X0': 9.999999999999998, 'TEST:X1': 0.0}. Best is trial 19 with value: 197.8901034068742.
Trial 35 finished with value: 189.03883497105664 and parameters: {'TEST:X0': 9.999999999999998, 'TEST:X1': 0.0}. Best is trial 19 with value: 197.8901034068742.
Trial 36 finished with value: 189.0395721325898 and parameters: {'TEST:X0': 9.999999999999998, 'TEST:X1': 0.0}. Best is trial 19 with value: 197.8901034068742.
Trial 37 finished with value: 189.0399099713561 and parameters: {'TEST:X0': 7.260392109295427, 'TEST:X1': 0.0}. Best is trial 19 with value: 197.8901034068742.
Trial 38 finished with value: 183.05505085360812 and parameters: {'TEST:X0': 5.561003471548265, 'TEST:X1': 0.0}. Best is trial 19 with value: 197.8901034068742.
Trial 39 finished with value: 181.48587559877342 and parameters: {'TEST:X0': 4.404672763526364, 'TEST:X1': 0.0}. Best is trial 19 with value: 197.8901034068742.
Trial 40 finished with value: 189.03718687913556 and parameters: {'TEST:X0': 9.999999999999998, 'TEST:X1': 0.0}. Best is trial 19 with value: 197.8901034068742.
Trial 41 finished with value: 189.0395602846037 and parameters: {'TEST:X0': 9.999999999999998, 'TEST:X1': 0.0}. Best is trial 19 with value: 197.8901034068742.
Trial 42 finished with value: 189.03956336455002 and parameters: {'TEST:X0': 9.999999999999998, 'TEST:X1': 1.7800806700929}. Best is trial 19 with value: 197.8901034068742.
Trial 43 finished with value: 196.56027093436154 and parameters: {'TEST:X0': 9.999999999999998, 'TEST:X1': 2.411247275918897}. Best is trial 19 with value: 197.8901034068742.
Trial 44 finished with value: 197.70610420884586 and parameters: {'TEST:X0': 9.999999999999998, 'TEST:X1': 2.591534375946706}. Best is trial 19 with value: 197.8901034068742.
Trial 45 finished with value: 197.88599439807896 and parameters: {'TEST:X0': 9.999999999999998, 'TEST:X1': 2.574457560800888}. Best is trial 19 with value: 197.8901034068742.
Trial 46 finished with value: 197.87188288811103 and parameters: {'TEST:X0': 9.999999999999998, 'TEST:X1': 2.482774893440637}. Best is trial 19 with value: 197.8901034068742.
Trial 47 finished with value: 197.7854833189748 and parameters: {'TEST:X0': 9.999999999999998, 'TEST:X1': 2.3825212707344336}. Best is trial 19 with value: 197.8901034068742.
Trial 48 finished with value: 197.67222893444915 and parameters: {'TEST:X0': 9.999999999999998, 'TEST:X1': 2.3004713333053646}. Best is trial 19 with value: 197.8901034068742.
Trial 49 finished with value: 197.56371013440165 and parameters: {'TEST:X0': 9.999999999999998, 'TEST:X1': 2.2405710114654513}. Best is trial 19 with value: 197.8901034068742.
Trial 50 finished with value: 197.47506823884066 and parameters: {'TEST:X0': 9.999999999999998, 'TEST:X1': 2.1992460040358988}. Best is trial 19 with value: 197.8901034068742.
Trial 51 finished with value: 197.41115624635634 and parameters: {'TEST:X0': 8.852592804201933, 'TEST:X1': 1.9680112315008862}. Best is trial 19 with value: 197.8901034068742.
Trial 52 finished with value: 198.06750201511443 and parameters: {'TEST:X0': 8.767586425846023, 'TEST:X1': 1.9168793449600567}. Best is trial 52 with value: 198.06750201511443.
Trial 53 finished with value: 197.5982119281893 and parameters: {'TEST:X0': 8.709195154922465, 'TEST:X1': 1.9065523744013695}. Best is trial 52 with value: 198.06750201511443.
Trial 54 finished with value: 197.24550673106484 and parameters: {'TEST:X0': 9.999999999999998, 'TEST:X1': 2.001173109789797}. Best is trial 52 with value: 198.06750201511443.
Trial 55 finished with value: 197.53319365657222 and parameters: {'TEST:X0': 8.844016239294877, 'TEST:X1': 1.9078944610116586}. Best is trial 52 with value: 198.06750201511443.
Trial 56 finished with value: 198.0126343093816 and parameters: {'TEST:X0': 8.790877016432542, 'TEST:X1': 1.8806438697379337}. Best is trial 52 with value: 198.06750201511443.
Trial 57 finished with value: 197.72529740325263 and parameters: {'TEST:X0': 8.842523258822187, 'TEST:X1': 1.8627146760889657}. Best is trial 52 with value: 198.06750201511443.
Trial 58 finished with value: 197.99292032305004 and parameters: {'TEST:X0': 8.971052145145384, 'TEST:X1': 1.8092202078458923}. Best is trial 52 with value: 198.06750201511443.
Trial 59 finished with value: 198.5343039000655 and parameters: {'TEST:X0': 9.828160788647741, 'TEST:X1': 2.1591250189433104}. Best is trial 59 with value: 198.5343039000655.
Trial 60 finished with value: 198.37256457092545 and parameters: {'TEST:X0': 8.478235291246174, 'TEST:X1': 1.9906094851272373}. Best is trial 59 with value: 198.5343039000655.
