Trial 38 finished with value: 175.87173675385952 and parameters: {'TEST:X0': -1.737541117335887, 'TEST:X1': 11.052576037769958}. Best is trial 34 with value: 195.24732205941905.
Trial 39 finished with value: 187.9935715698296 and parameters: {'TEST:X0': -0.9684572705238406, 'TEST:X1': 11.174276789411621}. Best is trial 34 with value: 195.24732205941905.
Trial 40 finished with value: 172.2279266757018 and parameters: {'TEST:X0': -2.294105012812647, 'TEST:X1': 11.976891592968592}. Best is trial 34 with value: 195.24732205941905.
Trial 41 finished with value: 193.6455904644753 and parameters: {'TEST:X0': -0.8777240194434457, 'TEST:X1': 11.96914191800871}. Best is trial 34 with value: 195.24732205941905.
Trial 42 finished with value: 163.8614929006561 and parameters: {'TEST:X0': -1.2856898002317982, 'TEST:X1': 12.358663587086886}. Best is trial 34 with value: 195.24732205941905.
Trial 43 finished with value: 170.49956437690318 and parameters: {'TEST:X0': -2.90314485724155, 'TEST:X1': 11.28557228359532}. Best is trial 34 with value: 195.24732205941905.
Trial 44 finished with value: 198.3160532395284 and parameters: {'TEST:X0': -2.4646987303257735, 'TEST:X1': 10.019469972159923}. Best is trial 44 with value: 198.3160532395284.
Trial 45 finished with value: 197.01147562543701 and parameters: {'TEST:X0': -2.2709934007206765, 'TEST:X1': 9.378918695324854}. Best is trial 44 with value: 198.3160532395284.
Trial 46 finished with value: 195.37365092326834 and parameters: {'TEST:X0': -2.7836031250527586, 'TEST:X1': 9.410552960174531}. Best is trial 44 with value: 198.3160532395284.
Trial 47 finished with value: 194.90963130225265 and parameters: {'TEST:X0': -2.527530480059164, 'TEST:X1': 8.598679962780789}. Best is trial 44 with value: 198.3160532395284.
Trial 48 finished with value: 192.78822710796646 and parameters: {'TEST:X0': -1.642978385498048, 'TEST:X1': 8.4589876292391}. Best is trial 44 with value: 198.3160532395284.
Trial 49 finished with value: 190.43678514917053 and parameters: {'TEST:X0': -2.110180380627226, 'TEST:X1': 7.788890249956716}. Best is trial 44 with value: 198.3160532395284.
Trial 50 finished with value: 190.33155943508083 and parameters: {'TEST:X0': -1.006917159814324, 'TEST:X1': 7.585215651569779}. Best is trial 44 with value: 198.3160532395284.
Trial 51 finished with value: 184.8470880431312 and parameters: {'TEST:X0': -1.061767791539597, 'TEST:X1': 6.7107195292897925}. Best is trial 44 with value: 198.3160532395284.
Trial 52 finished with value: 184.05411385029566 and parameters: {'TEST:X0': -0.14893321766291745, 'TEST:X1': 5.646828478635147}. Best is trial 44 with value: 198.3160532395284.
Trial 53 finished with value: 180.15271809000208 and parameters: {'TEST:X0': -0.07614318850703228, 'TEST:X1': 6.6365466979717604}. Best is trial 44 with value: 198.3160532395284.
Trial 54 finished with value: 181.19813869797503 and parameters: {'TEST:X0': -2.0831891486724854, 'TEST:X1': 6.415881543639772}. Best is trial 44 with value: 198.3160532395284.
Trial 55 finished with value: 182.73429425105164 and parameters: {'TEST:X0': -1.2223447948639383, 'TEST:X1': 5.450562361909264}. Best is trial 44 with value: 198.3160532395284.
Trial 56 finished with value: 179.49692759355653 and parameters: {'TEST:X0': 0.7490968623479413, 'TEST:X1': 5.192054161400838}. Best is trial 44 with value: 198.3160532395284.
Trial 57 finished with value: 182.87002470679994 and parameters: {'TEST:X0': -0.2824049141869569, 'TEST:X1': 4.44164516905582}. Best is trial 44 with value: 198.3160532395284.
Trial 58 finished with value: 176.7046081735307 and parameters: {'TEST:X0': -1.437942660256935, 'TEST:X1': 4.059094714396439}. Best is trial 44 with value: 198.3160532395284.
Trial 59 failed with parameters: {'TEST:X0': 1.242073676258034, 'TEST:X1': 3.4048985722889253} because of the following error: KeyboardInterrupt().
Traceback (most recent call last):
  File "/home/skato/anaconda3/envs/injection/lib/python3.11/site-packages/optuna/study/_optimize.py", line 197, in _run_trial
    value_or_values = func(trial)
                      ^^^^^^^^^^^
  File "/home/skato/work/2024/MLSuperKEKB-master/Injection/optuna_testgui01.py", line 240, in objective
    time.sleep(0.2)
KeyboardInterrupt
Trial 59 failed with value None.
A new study created in RDB with name: 2024_09_11_04_57_46
Trial 0 popped from the trial queue.
Trial 0 finished with value: 166.3834410542393 and parameters: {'TEST:X0': 3.243413308668834, 'TEST:X1': 8.137839009780656}. Best is trial 0 with value: 166.3834410542393.
Trial 1 popped from the trial queue.
Trial 1 finished with value: 178.87960952964184 and parameters: {'TEST:X0': 1.9577222254258957, 'TEST:X1': 6.128603241257554}. Best is trial 1 with value: 178.87960952964184.
Trial 2 popped from the trial queue.
Trial 2 finished with value: 183.48484141203153 and parameters: {'TEST:X0': 3.6372920641386335, 'TEST:X1': 6.8167667133699466}. Best is trial 2 with value: 183.48484141203153.
Trial 3 popped from the trial queue.
Trial 3 finished with value: 170.19747006590663 and parameters: {'TEST:X0': 2.627496573294114, 'TEST:X1': 8.902224469722263}. Best is trial 2 with value: 183.48484141203153.
Trial 4 popped from the trial queue.
Trial 4 finished with value: 180.43016639574648 and parameters: {'TEST:X0': 2.4994600572750953, 'TEST:X1': 6.577893366734093}. Best is trial 2 with value: 183.48484141203153.
Trial 5 popped from the trial queue.
Trial 5 finished with value: 169.06773724316054 and parameters: {'TEST:X0': 3.569882447684601, 'TEST:X1': 8.660011866071276}. Best is trial 2 with value: 183.48484141203153.
Trial 6 popped from the trial queue.
Trial 6 finished with value: 153.90801529260898 and parameters: {'TEST:X0': 1.824342058901275, 'TEST:X1': 7.106390411081691}. Best is trial 2 with value: 183.48484141203153.
Trial 7 popped from the trial queue.
Trial 7 finished with value: 167.619397182986 and parameters: {'TEST:X0': 2.8773352250362882, 'TEST:X1': 8.430104539681608}. Best is trial 2 with value: 183.48484141203153.
Trial 8 popped from the trial queue.
Trial 8 finished with value: 176.08183701965547 and parameters: {'TEST:X0': 1.1207026775490438, 'TEST:X1': 7.161349500932662}. Best is trial 2 with value: 183.48484141203153.
Trial 9 popped from the trial queue.
Trial 9 finished with value: 178.07977884813943 and parameters: {'TEST:X0': 2.005317397728436, 'TEST:X1': 6.937389417805729}. Best is trial 2 with value: 183.48484141203153.
Trial 10 finished with value: 163.17452186967978 and parameters: {'TEST:X0': 6.506967099194277, 'TEST:X1': 6.060281293620941}. Best is trial 2 with value: 183.48484141203153.
Trial 11 finished with value: 188.3856106468547 and parameters: {'TEST:X0': 9.999999999999998, 'TEST:X1': 5.7946549453439635}. Best is trial 11 with value: 188.3856106468547.
Trial 12 finished with value: 192.019972646356 and parameters: {'TEST:X0': 9.999999999999998, 'TEST:X1': 5.072303559106275}. Best is trial 12 with value: 192.019972646356.
Trial 13 finished with value: 194.79487353032192 and parameters: {'TEST:X0': 9.999999999999998, 'TEST:X1': 3.929517980297954}. Best is trial 13 with value: 194.79487353032192.
Trial 14 finished with value: 197.5446413434545 and parameters: {'TEST:X0': 9.999999999999998, 'TEST:X1': 2.8931578296185316}. Best is trial 14 with value: 197.5446413434545.
Trial 15 finished with value: 198.04440678027845 and parameters: {'TEST:X0': 9.999999999999998, 'TEST:X1': 1.9373955172708563}. Best is trial 15 with value: 198.04440678027845.
Trial 16 finished with value: 195.80672341323884 and parameters: {'TEST:X0': 9.999999999999998, 'TEST:X1': 1.168684786506334}. Best is trial 15 with value: 198.04440678027845.
Trial 17 finished with value: 193.25692861051866 and parameters: {'TEST:X0': 9.999999999999998, 'TEST:X1': 0.5056355458009293}. Best is trial 15 with value: 198.04440678027845.
Trial 18 finished with value: 191.8203726448741 and parameters: {'TEST:X0': 9.999999999999998, 'TEST:X1': 0.0}. Best is trial 15 with value: 198.04440678027845.
Trial 19 finished with value: 188.71043974489095 and parameters: {'TEST:X0': 7.919093377648242, 'TEST:X1': 0.0}. Best is trial 15 with value: 198.04440678027845.
Trial 20 finished with value: 192.10464964937032 and parameters: {'TEST:X0': 3.694516758558432, 'TEST:X1': 0.0}. Best is trial 15 with value: 198.04440678027845.
Trial 21 finished with value: 194.62378755660114 and parameters: {'TEST:X0': 0.8085822952680184, 'TEST:X1': 0.0}. Best is trial 15 with value: 198.04440678027845.
Trial 22 finished with value: 93.55558094293318 and parameters: {'TEST:X0': -2.187372540499575, 'TEST:X1': 0.0}. Best is trial 15 with value: 198.04440678027845.
Trial 23 finished with value: 158.2214977920294 and parameters: {'TEST:X0': 1.9375361007625962, 'TEST:X1': 0.0}. Best is trial 15 with value: 198.04440678027845.
Trial 24 finished with value: 175.049010613728 and parameters: {'TEST:X0': 0.3719535496018791, 'TEST:X1': 0.1045303862650001}. Best is trial 15 with value: 198.04440678027845.
Trial 25 finished with value: 152.73858477695464 and parameters: {'TEST:X0': 3.278937187195968, 'TEST:X1': 0.1070048813231201}. Best is trial 15 with value: 198.04440678027845.
Trial 26 finished with value: 195.2525994323094 and parameters: {'TEST:X0': 4.054097555528511, 'TEST:X1': 0.3283612674384921}. Best is trial 15 with value: 198.04440678027845.
Trial 27 finished with value: 191.5884286643642 and parameters: {'TEST:X0': 4.699184625830439, 'TEST:X1': 0.36262179651032866}. Best is trial 15 with value: 198.04440678027845.
Trial 28 finished with value: 194.7639677444718 and parameters: {'TEST:X0': 9.469231802732741, 'TEST:X1': 0.4731206906882723}. Best is trial 15 with value: 198.04440678027845.
Trial 29 finished with value: 195.43165413125735 and parameters: {'TEST:X0': 8.710867259780745, 'TEST:X1': 0.4719515621635583}. Best is trial 15 with value: 198.04440678027845.
Trial 30 finished with value: 195.10731119172186 and parameters: {'TEST:X0': 9.16842785753404, 'TEST:X1': 1.4670836346185796}. Best is trial 15 with value: 198.04440678027845.
Trial 31 finished with value: 196.02357818978948 and parameters: {'TEST:X0': 8.56315492029732, 'TEST:X1': 2.3227383614423505}. Best is trial 15 with value: 198.04440678027845.
Trial 32 finished with value: 192.98833311854028 and parameters: {'TEST:X0': 4.280753504504446, 'TEST:X1': 2.567967704462976}. Best is trial 15 with value: 198.04440678027845.
Trial 33 finished with value: 192.99046849224868 and parameters: {'TEST:X0': 9.171357552134861, 'TEST:X1': 3.1039355674901223}. Best is trial 15 with value: 198.04440678027845.
Trial 34 finished with value: 198.59971062222493 and parameters: {'TEST:X0': 9.736451906116752, 'TEST:X1': 2.9851716889752766}. Best is trial 34 with value: 198.59971062222493.
Trial 35 finished with value: 193.4832744584213 and parameters: {'TEST:X0': 8.158904713639826, 'TEST:X1': 3.328773671336842}. Best is trial 34 with value: 198.59971062222493.
Trial 36 finished with value: 189.94329345679097 and parameters: {'TEST:X0': 3.879230436921114, 'TEST:X1': 3.2288422622420963}. Best is trial 34 with value: 198.59971062222493.
Trial 37 finished with value: 185.54481630011648 and parameters: {'TEST:X0': 0.8005893744093262, 'TEST:X1': 3.383717471164959}. Best is trial 34 with value: 198.59971062222493.
Trial 38 finished with value: 181.2832107963259 and parameters: {'TEST:X0': 5.037180300192231, 'TEST:X1': 3.648656465249514}. Best is trial 34 with value: 198.59971062222493.
Trial 39 finished with value: 181.23360317542142 and parameters: {'TEST:X0': 7.529947976974732, 'TEST:X1': 3.8037169336707644}. Best is trial 34 with value: 198.59971062222493.
Trial 40 finished with value: 182.64914611638812 and parameters: {'TEST:X0': 8.698548075446654, 'TEST:X1': 4.428767914908666}. Best is trial 34 with value: 198.59971062222493.
Trial 41 finished with value: 194.3450742015052 and parameters: {'TEST:X0': 9.999999999999998, 'TEST:X1': 3.0965880056712844}. Best is trial 34 with value: 198.59971062222493.
Trial 42 finished with value: 198.04803874652492 and parameters: {'TEST:X0': 9.507437017714011, 'TEST:X1': 3.266593642467883}. Best is trial 34 with value: 198.59971062222493.
Trial 43 finished with value: 198.66316117333633 and parameters: {'TEST:X0': 8.355929515682018, 'TEST:X1': 1.7661361297682008}. Best is trial 43 with value: 198.66316117333633.
Trial 44 finished with value: 194.44012460076408 and parameters: {'TEST:X0': 8.431998158800878, 'TEST:X1': 0.7731542896109569}. Best is trial 43 with value: 198.66316117333633.
Trial 45 finished with value: 194.26272225493307 and parameters: {'TEST:X0': 5.699536195467806, 'TEST:X1': 0.46455483798142083}. Best is trial 43 with value: 198.66316117333633.
Trial 46 finished with value: 182.8794458738329 and parameters: {'TEST:X0': 5.350665276590462, 'TEST:X1': 0.0}. Best is trial 43 with value: 198.66316117333633.
Trial 47 finished with value: 182.21431087188475 and parameters: {'TEST:X0': 6.07764257658479, 'TEST:X1': 0.0}. Best is trial 43 with value: 198.66316117333633.
Trial 48 finished with value: 179.3934932366862 and parameters: {'TEST:X0': 5.740872755141238, 'TEST:X1': 2.0273379306350994}. Best is trial 43 with value: 198.66316117333633.
Trial 49 finished with value: 197.97873633724606 and parameters: {'TEST:X0': 9.637132371247326, 'TEST:X1': 2.06821018895995}. Best is trial 43 with value: 198.66316117333633.
Trial 50 finished with value: 193.92275257083034 and parameters: {'TEST:X0': 7.063081051623611, 'TEST:X1': 1.322035712894774}. Best is trial 43 with value: 198.66316117333633.
Trial 51 finished with value: 197.94799425916403 and parameters: {'TEST:X0': 9.520814495881265, 'TEST:X1': 1.6685939717331086}. Best is trial 43 with value: 198.66316117333633.
Trial 52 finished with value: 198.76900388735675 and parameters: {'TEST:X0': 9.609435766984344, 'TEST:X1': 1.965981919763983}. Best is trial 52 with value: 198.76900388735675.
Trial 53 finished with value: 198.99218788071977 and parameters: {'TEST:X0': 9.650386357089214, 'TEST:X1': 2.139925468394037}. Best is trial 53 with value: 198.99218788071977.
Trial 54 finished with value: 198.82708939085518 and parameters: {'TEST:X0': 8.365020625005391, 'TEST:X1': 2.5930186286203485}. Best is trial 53 with value: 198.99218788071977.
Trial 55 finished with value: 198.33011580697908 and parameters: {'TEST:X0': 9.832191266821637, 'TEST:X1': 2.143094610954359}. Best is trial 53 with value: 198.99218788071977.
Trial 56 finished with value: 188.1273574686848 and parameters: {'TEST:X0': 7.322855443093127, 'TEST:X1': 0.5183557682937954}. Best is trial 53 with value: 198.99218788071977.
Trial 57 finished with value: 184.5668671737652 and parameters: {'TEST:X0': 6.8264069964359955, 'TEST:X1': 0.0}. Best is trial 53 with value: 198.99218788071977.
Trial 58 finished with value: 180.44524690555954 and parameters: {'TEST:X0': 4.38169917166789, 'TEST:X1': 0.0}. Best is trial 53 with value: 198.99218788071977.
Trial 59 finished with value: 189.03880101344333 and parameters: {'TEST:X0': 9.999999999999998, 'TEST:X1': 0.0}. Best is trial 53 with value: 198.99218788071977.
Trial 60 finished with value: 191.12046443715684 and parameters: {'TEST:X0': 8.971509709813807, 'TEST:X1': 0.0}. Best is trial 53 with value: 198.99218788071977.
Trial 61 finished with value: 187.14517788771798 and parameters: {'TEST:X0': 1.101765400663532, 'TEST:X1': 0.0}. Best is trial 53 with value: 198.99218788071977.
Trial 62 finished with value: -1.83098814228714 and parameters: {'TEST:X0': -4.288094872890793, 'TEST:X1': 0.0}. Best is trial 53 with value: 198.99218788071977.
Trial 63 finished with value: 51.37807689132248 and parameters: {'TEST:X0': 0.017214885428325388, 'TEST:X1': 2.438154987423466}. Best is trial 53 with value: 198.99218788071977.
Trial 64 failed with parameters: {'TEST:X0': 1.6645213045141576, 'TEST:X1': 3.9424035095645635} because of the following error: KeyboardInterrupt().
Traceback (most recent call last):
  File "/home/skato/anaconda3/envs/injection/lib/python3.11/site-packages/optuna/study/_optimize.py", line 197, in _run_trial
    value_or_values = func(trial)
                      ^^^^^^^^^^^
  File "/home/skato/work/2024/MLSuperKEKB-master/Injection/optuna_testgui01.py", line 252, in objective
    time.sleep(self.sleepeval)
KeyboardInterrupt
Trial 64 failed with value None.
A new study created in RDB with name: 2024_09_11_05_02_25
Trial 0 popped from the trial queue.
Trial 0 finished with value: 178.2538113611563 and parameters: {'TEST:X0': 3.3130691415168085, 'TEST:X1': 7.1317401666292355}. Best is trial 0 with value: 178.2538113611563.
Trial 1 popped from the trial queue.
Trial 1 finished with value: 171.51892428629088 and parameters: {'TEST:X0': 3.1815023237706277, 'TEST:X1': 8.518731671277703}. Best is trial 0 with value: 178.2538113611563.
Trial 2 popped from the trial queue.
Trial 2 finished with value: 160.22197737379565 and parameters: {'TEST:X0': 2.5643345621054787, 'TEST:X1': 8.930974466935428}. Best is trial 0 with value: 178.2538113611563.
Trial 3 popped from the trial queue.
Trial 3 finished with value: 160.06677063567827 and parameters: {'TEST:X0': 3.353921251132707, 'TEST:X1': 8.96185137829117}. Best is trial 0 with value: 178.2538113611563.
Trial 4 popped from the trial queue.
Trial 4 finished with value: 160.31600302875455 and parameters: {'TEST:X0': 3.5663593649128207, 'TEST:X1': 8.146326851331276}. Best is trial 0 with value: 178.2538113611563.
Trial 5 popped from the trial queue.
Trial 5 finished with value: 160.5668087063332 and parameters: {'TEST:X0': 2.587583648772154, 'TEST:X1': 8.812405721691395}. Best is trial 0 with value: 178.2538113611563.
Trial 6 popped from the trial queue.
Trial 6 finished with value: 161.37422460199463 and parameters: {'TEST:X0': 3.4138352776832495, 'TEST:X1': 6.012650246318441}. Best is trial 0 with value: 178.2538113611563.
Trial 7 popped from the trial queue.
Trial 7 finished with value: 176.65211972952878 and parameters: {'TEST:X0': 3.5779298405217865, 'TEST:X1': 7.048143679868276}. Best is trial 0 with value: 178.2538113611563.
Trial 8 popped from the trial queue.
Trial 8 finished with value: 172.83940478604558 and parameters: {'TEST:X0': 2.4969645987311417, 'TEST:X1': 7.522715917034747}. Best is trial 0 with value: 178.2538113611563.
Trial 9 popped from the trial queue.
Trial 9 finished with value: 174.0163926446388 and parameters: {'TEST:X0': 2.7616756883481344, 'TEST:X1': 7.742813449511951}. Best is trial 0 with value: 178.2538113611563.
Trial 10 finished with value: 178.36141787213853 and parameters: {'TEST:X0': -0.4614006532704238, 'TEST:X1': 7.223410771496876}. Best is trial 10 with value: 178.36141787213853.
Trial 11 finished with value: 181.19002125828547 and parameters: {'TEST:X0': -2.798528531629069, 'TEST:X1': 7.156195617356962}. Best is trial 11 with value: 181.19002125828547.
Trial 12 finished with value: 110.0927008386166 and parameters: {'TEST:X0': -5.0, 'TEST:X1': 7.243915929809689}. Best is trial 11 with value: 181.19002125828547.
Trial 13 finished with value: 184.33666014586615 and parameters: {'TEST:X0': -1.8908015876493804, 'TEST:X1': 7.043280247993671}. Best is trial 13 with value: 184.33666014586615.
Trial 14 finished with value: 187.12454312874632 and parameters: {'TEST:X0': -1.7792331520516682, 'TEST:X1': 6.11714117249578}. Best is trial 14 with value: 187.12454312874632.
Trial 15 finished with value: 180.49453885130634 and parameters: {'TEST:X0': -1.1912959383597483, 'TEST:X1': 5.307082149016502}. Best is trial 14 with value: 187.12454312874632.
Trial 16 finished with value: 177.0006210525916 and parameters: {'TEST:X0': -2.38418483420751, 'TEST:X1': 5.156605834619392}. Best is trial 14 with value: 187.12454312874632.
Trial 17 finished with value: 174.13393694380528 and parameters: {'TEST:X0': -1.7593270557801746, 'TEST:X1': 6.417170783803735}. Best is trial 14 with value: 187.12454312874632.
Trial 18 finished with value: 182.27062759758778 and parameters: {'TEST:X0': 0.6927241954231498, 'TEST:X1': 5.543935411119305}. Best is trial 14 with value: 187.12454312874632.
Trial 19 finished with value: 182.26973488959908 and parameters: {'TEST:X0': 0.15996368728978627, 'TEST:X1': 4.187865485747646}. Best is trial 14 with value: 187.12454312874632.
Trial 20 finished with value: 180.5273535498382 and parameters: {'TEST:X0': 1.3920297093254241, 'TEST:X1': 3.4893167238789005}. Best is trial 14 with value: 187.12454312874632.
Trial 21 finished with value: 168.50989352427632 and parameters: {'TEST:X0': -0.4871217251457516, 'TEST:X1': 2.5393445435141344}. Best is trial 14 with value: 187.12454312874632.
Trial 22 finished with value: 163.31223244097185 and parameters: {'TEST:X0': 2.5520866250065684, 'TEST:X1': 1.7077100923240474}. Best is trial 14 with value: 187.12454312874632.
Trial 23 finished with value: 183.94781215780066 and parameters: {'TEST:X0': 7.1596896194705035, 'TEST:X1': 1.711915782186136}. Best is trial 14 with value: 187.12454312874632.
Trial 24 finished with value: 195.88709084876194 and parameters: {'TEST:X0': 9.147382669251845, 'TEST:X1': 1.7208912999649955}. Best is trial 24 with value: 195.88709084876194.
Trial 25 finished with value: 198.95348493627958 and parameters: {'TEST:X0': 9.999999999999998, 'TEST:X1': 1.7134282990140044}. Best is trial 25 with value: 198.95348493627958.
Trial 26 finished with value: 195.53099570680303 and parameters: {'TEST:X0': 9.999999999999998, 'TEST:X1': 0.6108099576229574}. Best is trial 25 with value: 198.95348493627958.
Trial 27 finished with value: 193.26375080870247 and parameters: {'TEST:X0': 9.105658893866476, 'TEST:X1': 0.0}. Best is trial 25 with value: 198.95348493627958.
Trial 28 finished with value: 194.1933697693519 and parameters: {'TEST:X0': 9.999999999999998, 'TEST:X1': 0.0}. Best is trial 25 with value: 198.95348493627958.
Trial 29 finished with value: 195.36163005930945 and parameters: {'TEST:X0': 9.999999999999998, 'TEST:X1': 1.9095150861264347}. Best is trial 25 with value: 198.95348493627958.
