Trial 90 finished with value: 198.22189331341644 and parameters: {'TEST:X0': 9.691775594834898, 'TEST:X1': 2.5287113014719504}. Best is trial 56 with value: 199.5951149074169.
Trial 91 finished with value: 198.08467913994053 and parameters: {'TEST:X0': 8.05237898978145, 'TEST:X1': 3.786757699446039}. Best is trial 56 with value: 199.5951149074169.
Trial 92 finished with value: 186.68277648954785 and parameters: {'TEST:X0': 8.24679625607602, 'TEST:X1': 4.352435141929157}. Best is trial 56 with value: 199.5951149074169.
Trial 93 finished with value: 186.4291072869301 and parameters: {'TEST:X0': 7.870807673504629, 'TEST:X1': 5.264483812872125}. Best is trial 56 with value: 199.5951149074169.
Trial 94 finished with value: 167.19019746373078 and parameters: {'TEST:X0': 4.9548660358129535, 'TEST:X1': 5.81383012365618}. Best is trial 56 with value: 199.5951149074169.
Trial 95 finished with value: 179.75500251531423 and parameters: {'TEST:X0': -0.12042115641739493, 'TEST:X1': 7.037051128935066}. Best is trial 56 with value: 199.5951149074169.
Trial 96 finished with value: 179.75683952846947 and parameters: {'TEST:X0': -1.10732182410097, 'TEST:X1': 8.714053940983593}. Best is trial 56 with value: 199.5951149074169.
Trial 97 finished with value: 185.07774597049735 and parameters: {'TEST:X0': -2.0421717460426847, 'TEST:X1': 10.290912826018644}. Best is trial 56 with value: 199.5951149074169.
Trial 98 finished with value: 185.0783545859102 and parameters: {'TEST:X0': -0.8824481165471783, 'TEST:X1': 11.523360928949543}. Best is trial 56 with value: 199.5951149074169.
Trial 99 finished with value: 181.7923812480477 and parameters: {'TEST:X0': -2.1323797519525556, 'TEST:X1': 12.901788617948464}. Best is trial 56 with value: 199.5951149074169.
A new study created in RDB with name: 2024_09_11_05_38_47
Trial 0 popped from the trial queue.
Trial 0 finished with value: 172.5228224863876 and parameters: {'TEST:X0': 1.83910589211746, 'TEST:X1': 6.61473804569069}. Best is trial 0 with value: 172.5228224863876.
Trial 1 popped from the trial queue.
Trial 1 finished with value: 182.9056617864215 and parameters: {'TEST:X0': 2.0793328968977, 'TEST:X1': 6.016454110107827}. Best is trial 1 with value: 182.9056617864215.
Trial 2 popped from the trial queue.
Trial 2 finished with value: 153.75569581767837 and parameters: {'TEST:X0': 3.780509381043177, 'TEST:X1': 8.926280897288269}. Best is trial 1 with value: 182.9056617864215.
Trial 3 popped from the trial queue.
Trial 3 finished with value: 169.19581025668205 and parameters: {'TEST:X0': 1.9668455296387135, 'TEST:X1': 7.832927072715018}. Best is trial 1 with value: 182.9056617864215.
Trial 4 popped from the trial queue.
Trial 4 finished with value: 173.78116795121696 and parameters: {'TEST:X0': 3.286054412162896, 'TEST:X1': 7.616140434940183}. Best is trial 1 with value: 182.9056617864215.
Trial 5 popped from the trial queue.
Trial 5 finished with value: 182.44032842218436 and parameters: {'TEST:X0': 2.731808687915889, 'TEST:X1': 6.326601299771426}. Best is trial 1 with value: 182.9056617864215.
Trial 6 popped from the trial queue.
Trial 6 finished with value: 185.04030421936787 and parameters: {'TEST:X0': 2.2299193257056786, 'TEST:X1': 8.248883145258926}. Best is trial 6 with value: 185.04030421936787.
Trial 7 popped from the trial queue.
Trial 7 finished with value: 180.52460193839283 and parameters: {'TEST:X0': 2.0284581253614036, 'TEST:X1': 7.006708560151799}. Best is trial 6 with value: 185.04030421936787.
Trial 8 popped from the trial queue.
Trial 8 finished with value: 170.592443871022 and parameters: {'TEST:X0': 3.08430143258824, 'TEST:X1': 7.886611977213775}. Best is trial 6 with value: 185.04030421936787.
Trial 9 popped from the trial queue.
Trial 9 finished with value: 172.88843596749035 and parameters: {'TEST:X0': 1.4036111454327211, 'TEST:X1': 7.371264226054654}. Best is trial 6 with value: 185.04030421936787.
Trial 10 finished with value: 177.17576181187712 and parameters: {'TEST:X0': -2.0096504163566995, 'TEST:X1': 7.359206216418308}. Best is trial 6 with value: 185.04030421936787.
Trial 11 finished with value: 158.0177973917913 and parameters: {'TEST:X0': -5.0, 'TEST:X1': 7.007047528441649}. Best is trial 6 with value: 185.04030421936787.
Trial 12 finished with value: 176.26688106578155 and parameters: {'TEST:X0': -0.4588271890745803, 'TEST:X1': 5.481222475980174}. Best is trial 6 with value: 185.04030421936787.
Trial 13 finished with value: 187.97409356639514 and parameters: {'TEST:X0': 2.2745548604342023, 'TEST:X1': 4.290846273561792}. Best is trial 13 with value: 187.97409356639514.
Trial 14 finished with value: 196.10152061967506 and parameters: {'TEST:X0': 3.406133686373794, 'TEST:X1': 3.394585752751896}. Best is trial 14 with value: 196.10152061967506.
Trial 15 finished with value: 195.40140756609426 and parameters: {'TEST:X0': 5.0847848780998515, 'TEST:X1': 2.5963442567520536}. Best is trial 14 with value: 196.10152061967506.
Trial 16 finished with value: 189.95751320688504 and parameters: {'TEST:X0': 4.134744370194353, 'TEST:X1': 1.7502598037926769}. Best is trial 14 with value: 196.10152061967506.
Trial 17 finished with value: 191.6398613272081 and parameters: {'TEST:X0': 7.189736448732921, 'TEST:X1': 1.716241390777335}. Best is trial 14 with value: 196.10152061967506.
Trial 18 finished with value: 185.95236794164055 and parameters: {'TEST:X0': 9.999999999999998, 'TEST:X1': 1.7371378817739005}. Best is trial 14 with value: 196.10152061967506.
Trial 19 finished with value: 192.45326675916343 and parameters: {'TEST:X0': 6.50348341022246, 'TEST:X1': 2.8372414200034433}. Best is trial 14 with value: 196.10152061967506.
A new study created in RDB with name: 2024_09_11_05_39_39
Trial 0 popped from the trial queue.
Trial 0 failed with parameters: {'TEST:X0': 3.998133922268659, 'TEST:X1': 8.508965887555114} because of the following error: ValueError('left cannot be >= right').
Traceback (most recent call last):
  File "/home/skato/anaconda3/envs/injection/lib/python3.11/site-packages/optuna/study/_optimize.py", line 197, in _run_trial
    value_or_values = func(trial)
                      ^^^^^^^^^^^
  File "/home/skato/work/2024/MLSuperKEKB-master/Injection/optuna_testgui01.py", line 253, in objective
    self.DrawPlot()
  File "/home/skato/work/2024/MLSuperKEKB-master/Injection/optuna_testgui01.py", line 339, in DrawPlot
    self.fig.subplots_adjust(left=0.1, right=0.1, top=0.1, bottom=0.1)
  File "/home/skato/anaconda3/envs/injection/lib/python3.11/site-packages/matplotlib/figure.py", line 1294, in subplots_adjust
    self.subplotpars.update(left, bottom, right, top, wspace, hspace)
  File "/home/skato/anaconda3/envs/injection/lib/python3.11/site-packages/matplotlib/gridspec.py", line 773, in update
    raise ValueError('left cannot be >= right')
ValueError: left cannot be >= right
Trial 0 failed with value None.
A new study created in RDB with name: 2024_09_11_05_40_31
Trial 0 popped from the trial queue.
Trial 0 failed with parameters: {'TEST:X0': 2.5349530948928543, 'TEST:X1': 7.538844506719781} because of the following error: ValueError('bottom cannot be >= top').
Traceback (most recent call last):
  File "/home/skato/anaconda3/envs/injection/lib/python3.11/site-packages/optuna/study/_optimize.py", line 197, in _run_trial
    value_or_values = func(trial)
                      ^^^^^^^^^^^
  File "/home/skato/work/2024/MLSuperKEKB-master/Injection/optuna_testgui01.py", line 253, in objective
    self.DrawPlot()
  File "/home/skato/work/2024/MLSuperKEKB-master/Injection/optuna_testgui01.py", line 339, in DrawPlot
    self.fig.subplots_adjust(left=0.1, right=0.2, top=0.1, bottom=0.2)
  File "/home/skato/anaconda3/envs/injection/lib/python3.11/site-packages/matplotlib/figure.py", line 1294, in subplots_adjust
    self.subplotpars.update(left, bottom, right, top, wspace, hspace)
  File "/home/skato/anaconda3/envs/injection/lib/python3.11/site-packages/matplotlib/gridspec.py", line 776, in update
    raise ValueError('bottom cannot be >= top')
ValueError: bottom cannot be >= top
Trial 0 failed with value None.
A new study created in RDB with name: 2024_09_11_05_41_18
Trial 0 popped from the trial queue.
Trial 0 failed with parameters: {'TEST:X0': 2.796335211293845, 'TEST:X1': 6.879605756125408} because of the following error: ValueError('left cannot be >= right').
Traceback (most recent call last):
  File "/home/skato/anaconda3/envs/injection/lib/python3.11/site-packages/optuna/study/_optimize.py", line 197, in _run_trial
    value_or_values = func(trial)
                      ^^^^^^^^^^^
  File "/home/skato/work/2024/MLSuperKEKB-master/Injection/optuna_testgui01.py", line 253, in objective
    self.DrawPlot()
  File "/home/skato/work/2024/MLSuperKEKB-master/Injection/optuna_testgui01.py", line 339, in DrawPlot
    self.fig.subplots_adjust(left=0.2, right=0.1, top=0.2, bottom=0.1)
  File "/home/skato/anaconda3/envs/injection/lib/python3.11/site-packages/matplotlib/figure.py", line 1294, in subplots_adjust
    self.subplotpars.update(left, bottom, right, top, wspace, hspace)
  File "/home/skato/anaconda3/envs/injection/lib/python3.11/site-packages/matplotlib/gridspec.py", line 773, in update
    raise ValueError('left cannot be >= right')
ValueError: left cannot be >= right
Trial 0 failed with value None.
A new study created in RDB with name: 2024_09_11_05_41_54
Trial 0 popped from the trial queue.
Trial 0 finished with value: 181.82603734663775 and parameters: {'TEST:X0': 1.200081646622721, 'TEST:X1': 6.077000773793568}. Best is trial 0 with value: 181.82603734663775.
Trial 1 popped from the trial queue.
Trial 1 finished with value: 177.2464296817557 and parameters: {'TEST:X0': 3.2768388369358123, 'TEST:X1': 7.727249071499438}. Best is trial 0 with value: 181.82603734663775.
Trial 2 popped from the trial queue.
Trial 2 finished with value: 166.0749671403185 and parameters: {'TEST:X0': 1.1641568189093114, 'TEST:X1': 8.923844356090619}. Best is trial 0 with value: 181.82603734663775.
Trial 3 popped from the trial queue.
Trial 3 finished with value: 173.46127636460625 and parameters: {'TEST:X0': 2.593026206377369, 'TEST:X1': 6.68395633504371}. Best is trial 0 with value: 181.82603734663775.
Trial 4 popped from the trial queue.
Trial 4 finished with value: 174.2824308115748 and parameters: {'TEST:X0': 1.1010356520822646, 'TEST:X1': 8.927561234386104}. Best is trial 0 with value: 181.82603734663775.
Trial 5 popped from the trial queue.
Trial 5 finished with value: 168.68836387644802 and parameters: {'TEST:X0': 3.699916310419443, 'TEST:X1': 6.170487747776643}. Best is trial 0 with value: 181.82603734663775.
Trial 6 popped from the trial queue.
Trial 6 finished with value: 178.98213635077414 and parameters: {'TEST:X0': 1.2433857819941252, 'TEST:X1': 7.669433453341899}. Best is trial 0 with value: 181.82603734663775.
Trial 7 popped from the trial queue.
Trial 7 finished with value: 176.93453119326335 and parameters: {'TEST:X0': 1.3234366729217124, 'TEST:X1': 6.547795769779219}. Best is trial 0 with value: 181.82603734663775.
Trial 8 popped from the trial queue.
Trial 8 finished with value: 181.7547147321195 and parameters: {'TEST:X0': 2.0953694673784513, 'TEST:X1': 6.941981591641575}. Best is trial 0 with value: 181.82603734663775.
Trial 9 popped from the trial queue.
Trial 9 finished with value: 181.0468135105587 and parameters: {'TEST:X0': 1.9115024097051285, 'TEST:X1': 7.242315339164211}. Best is trial 0 with value: 181.82603734663775.
Trial 10 finished with value: 181.26439630391621 and parameters: {'TEST:X0': -1.1848997342241958, 'TEST:X1': 6.503031366510924}. Best is trial 0 with value: 181.82603734663775.
Trial 11 finished with value: 182.00361053869432 and parameters: {'TEST:X0': -2.7209757480820205, 'TEST:X1': 5.924924988899654}. Best is trial 11 with value: 182.00361053869432.
A new study created in RDB with name: 2024_09_11_05_42_55
Trial 0 popped from the trial queue.
Trial 0 finished with value: 167.3579426975987 and parameters: {'TEST:X0': 1.0353470931159403, 'TEST:X1': 8.703021596931169}. Best is trial 0 with value: 167.3579426975987.
Trial 1 popped from the trial queue.
Trial 1 finished with value: 167.35776381707905 and parameters: {'TEST:X0': 2.8317927197095045, 'TEST:X1': 6.444143831401154}. Best is trial 0 with value: 167.3579426975987.
Trial 2 popped from the trial queue.
Trial 2 finished with value: 175.0546480394852 and parameters: {'TEST:X0': 2.6993128784370595, 'TEST:X1': 7.806169812070653}. Best is trial 2 with value: 175.0546480394852.
Trial 3 popped from the trial queue.
Trial 3 finished with value: 172.04227240225345 and parameters: {'TEST:X0': 1.2060992549937333, 'TEST:X1': 7.480563566284042}. Best is trial 2 with value: 175.0546480394852.
Trial 4 popped from the trial queue.
Trial 4 finished with value: 174.0229425615642 and parameters: {'TEST:X0': 1.6767989834076185, 'TEST:X1': 8.677508116132572}. Best is trial 2 with value: 175.0546480394852.
Trial 5 popped from the trial queue.
Trial 5 finished with value: 170.32798769686246 and parameters: {'TEST:X0': 1.2688542367906752, 'TEST:X1': 7.748431795316604}. Best is trial 2 with value: 175.0546480394852.
Trial 6 popped from the trial queue.
Trial 6 finished with value: 174.47142148771542 and parameters: {'TEST:X0': 2.558540372777894, 'TEST:X1': 7.678627958811655}. Best is trial 2 with value: 175.0546480394852.
Trial 7 popped from the trial queue.
Trial 7 finished with value: 156.76066750257058 and parameters: {'TEST:X0': 3.177173659693072, 'TEST:X1': 8.792329100862407}. Best is trial 2 with value: 175.0546480394852.
Trial 8 popped from the trial queue.
Trial 8 finished with value: 157.62161960942709 and parameters: {'TEST:X0': 3.650985790961296, 'TEST:X1': 7.663707962973141}. Best is trial 2 with value: 175.0546480394852.
Trial 9 popped from the trial queue.
Trial 9 finished with value: 165.29330790451777 and parameters: {'TEST:X0': 2.9970417872794513, 'TEST:X1': 7.75194070766228}. Best is trial 2 with value: 175.0546480394852.
Trial 10 finished with value: 170.7569016094092 and parameters: {'TEST:X0': 2.1451027172103245, 'TEST:X1': 7.552330266324555}. Best is trial 2 with value: 175.0546480394852.
Trial 11 finished with value: 176.68107379100576 and parameters: {'TEST:X0': -1.6485112409505263, 'TEST:X1': 7.489544318788521}. Best is trial 11 with value: 176.68107379100576.
Trial 12 finished with value: 188.53911633832823 and parameters: {'TEST:X0': -2.8075892708436614, 'TEST:X1': 7.4839287336821325}. Best is trial 12 with value: 188.53911633832823.
