A new study created in RDB with name: 2024_09_10_19_38_11
Trial 0 popped from the trial queue.
Trial 0 finished with value: 180.09175950410753 and parameters: {'TEST:X0': 3.4986766489586403, 'TEST:X1': 7.795215708955164}. Best is trial 0 with value: 180.09175950410753.
Trial 1 popped from the trial queue.
Trial 1 finished with value: 165.5618680576553 and parameters: {'TEST:X0': 1.6710560087256119, 'TEST:X1': 8.7853920441645}. Best is trial 0 with value: 180.09175950410753.
Trial 2 popped from the trial queue.
Trial 2 finished with value: 165.11251622182345 and parameters: {'TEST:X0': 3.450288099405236, 'TEST:X1': 7.259273251891295}. Best is trial 0 with value: 180.09175950410753.
Trial 3 popped from the trial queue.
Trial 3 finished with value: 171.97680998269038 and parameters: {'TEST:X0': 2.0481165262272123, 'TEST:X1': 7.438063846322227}. Best is trial 0 with value: 180.09175950410753.
Trial 4 popped from the trial queue.
Trial 4 finished with value: 176.12829462669373 and parameters: {'TEST:X0': 1.6351698242851418, 'TEST:X1': 7.462186542290768}. Best is trial 0 with value: 180.09175950410753.
Trial 5 popped from the trial queue.
Trial 5 finished with value: 176.78363531223323 and parameters: {'TEST:X0': 3.559696460276286, 'TEST:X1': 7.63795675748793}. Best is trial 0 with value: 180.09175950410753.
Trial 6 popped from the trial queue.
Trial 6 finished with value: 166.66807718839482 and parameters: {'TEST:X0': 1.9060849554888648, 'TEST:X1': 6.378679515210699}. Best is trial 0 with value: 180.09175950410753.
Trial 7 popped from the trial queue.
Trial 7 finished with value: 184.4981080405172 and parameters: {'TEST:X0': 3.4101615873702578, 'TEST:X1': 8.88206031124874}. Best is trial 7 with value: 184.4981080405172.
Trial 8 popped from the trial queue.
Trial 8 finished with value: 161.97968995495464 and parameters: {'TEST:X0': 1.418476099891509, 'TEST:X1': 6.303918078109539}. Best is trial 7 with value: 184.4981080405172.
Trial 9 popped from the trial queue.
Trial 9 finished with value: 181.1427013200767 and parameters: {'TEST:X0': 3.6216785199180506, 'TEST:X1': 8.100102288643738}. Best is trial 7 with value: 184.4981080405172.
Trial 10 finished with value: 150.35534788307797 and parameters: {'TEST:X0': 6.658389317599566, 'TEST:X1': 8.77775403630965}. Best is trial 7 with value: 184.4981080405172.
Trial 11 finished with value: 122.57921885208387 and parameters: {'TEST:X0': 3.996313516512471, 'TEST:X1': 9.161551385812446}. Best is trial 7 with value: 184.4981080405172.
Trial 12 finished with value: 164.5208807493218 and parameters: {'TEST:X0': -1.7008464975642297, 'TEST:X1': 9.299973525633389}. Best is trial 7 with value: 184.4981080405172.
Trial 13 finished with value: 191.19686187751947 and parameters: {'TEST:X0': -5.0, 'TEST:X1': 9.203213122206343}. Best is trial 13 with value: 191.19686187751947.
Trial 14 finished with value: 174.53787202415216 and parameters: {'TEST:X0': -5.0, 'TEST:X1': 9.072387343556162}. Best is trial 13 with value: 191.19686187751947.
Trial 15 finished with value: 121.42164167183643 and parameters: {'TEST:X0': -5.0, 'TEST:X1': 7.856195556331482}. Best is trial 13 with value: 191.19686187751947.
Trial 16 finished with value: 100.20694570776435 and parameters: {'TEST:X0': -5.0, 'TEST:X1': 9.944141920289631}. Best is trial 13 with value: 191.19686187751947.
Trial 17 finished with value: 153.17172440763437 and parameters: {'TEST:X0': -0.0478129865517003, 'TEST:X1': 11.295367783475845}. Best is trial 13 with value: 191.19686187751947.
Trial 18 finished with value: 142.96299028976028 and parameters: {'TEST:X0': 3.154955295910531, 'TEST:X1': 12.630045804419018}. Best is trial 13 with value: 191.19686187751947.
Trial 19 finished with value: 59.16597029502003 and parameters: {'TEST:X0': 9.351199626614358, 'TEST:X1': 13.029714294899653}. Best is trial 13 with value: 191.19686187751947.
Trial 20 finished with value: 54.15796121622887 and parameters: {'TEST:X0': -0.238053501818432, 'TEST:X1': 14.332060464171237}. Best is trial 13 with value: 191.19686187751947.
Trial 21 finished with value: 154.37588300652328 and parameters: {'TEST:X0': -5.0, 'TEST:X1': 14.999999999999998}. Best is trial 13 with value: 191.19686187751947.
Trial 22 finished with value: 182.48995716311018 and parameters: {'TEST:X0': -5.0, 'TEST:X1': 13.40241896222826}. Best is trial 13 with value: 191.19686187751947.
Trial 23 finished with value: 172.94977079883216 and parameters: {'TEST:X0': -5.0, 'TEST:X1': 12.737208068543307}. Best is trial 13 with value: 191.19686187751947.
Trial 24 finished with value: 167.47179207602295 and parameters: {'TEST:X0': -5.0, 'TEST:X1': 12.398280293303058}. Best is trial 13 with value: 191.19686187751947.
Trial 25 finished with value: 164.34005820914174 and parameters: {'TEST:X0': -5.0, 'TEST:X1': 12.21481369233846}. Best is trial 13 with value: 191.19686187751947.
Trial 26 finished with value: 162.54984798718738 and parameters: {'TEST:X0': -3.0819146984891503, 'TEST:X1': 11.243232784578465}. Best is trial 13 with value: 191.19686187751947.
Trial 27 finished with value: 196.9747799124927 and parameters: {'TEST:X0': -0.34575557937843726, 'TEST:X1': 9.226696774144115}. Best is trial 27 with value: 196.9747799124927.
Trial 28 finished with value: 179.32342647356958 and parameters: {'TEST:X0': -0.49657467702649605, 'TEST:X1': 8.316830147167304}. Best is trial 27 with value: 196.9747799124927.
Trial 29 finished with value: 179.32387567757695 and parameters: {'TEST:X0': -1.0092251946100754, 'TEST:X1': 7.44193275538416}. Best is trial 27 with value: 196.9747799124927.
Trial 30 finished with value: 184.79862545452892 and parameters: {'TEST:X0': -1.4577543821800525, 'TEST:X1': 6.127560252725232}. Best is trial 27 with value: 196.9747799124927.
Trial 31 finished with value: 181.06673205929633 and parameters: {'TEST:X0': -1.40357687860102, 'TEST:X1': 4.816112290297731}. Best is trial 27 with value: 196.9747799124927.
Trial 32 finished with value: 174.91773442810592 and parameters: {'TEST:X0': 0.1827524681380659, 'TEST:X1': 3.6573490515334766}. Best is trial 27 with value: 196.9747799124927.
Trial 33 finished with value: 188.9702822580241 and parameters: {'TEST:X0': 4.11889657299268, 'TEST:X1': 3.1442364507274685}. Best is trial 27 with value: 196.9747799124927.
Trial 34 finished with value: 189.38441206792587 and parameters: {'TEST:X0': 6.538871412703749, 'TEST:X1': 2.8099982301509394}. Best is trial 27 with value: 196.9747799124927.
Trial 35 finished with value: 186.3054101024978 and parameters: {'TEST:X0': 8.608512732774113, 'TEST:X1': 2.4570049454658576}. Best is trial 27 with value: 196.9747799124927.
Trial 36 finished with value: 193.2119110970928 and parameters: {'TEST:X0': 6.405551954760586, 'TEST:X1': 1.5377918924863707}. Best is trial 27 with value: 196.9747799124927.
Trial 37 finished with value: 180.28398674133516 and parameters: {'TEST:X0': 5.126851191863, 'TEST:X1': 0.8569304939222264}. Best is trial 27 with value: 196.9747799124927.
Trial 38 finished with value: 185.98941312892737 and parameters: {'TEST:X0': 8.059029684156965, 'TEST:X1': 0.26970282335271856}. Best is trial 27 with value: 196.9747799124927.
Trial 39 finished with value: 190.2789665153574 and parameters: {'TEST:X0': 9.999999999999998, 'TEST:X1': 0.0}. Best is trial 27 with value: 196.9747799124927.
Trial 40 finished with value: 189.03869180187814 and parameters: {'TEST:X0': 9.999999999999998, 'TEST:X1': 0.0}. Best is trial 27 with value: 196.9747799124927.
Trial 41 finished with value: 189.03827517922696 and parameters: {'TEST:X0': 7.608790745200865, 'TEST:X1': 0.0}. Best is trial 27 with value: 196.9747799124927.
Trial 42 finished with value: 185.79415028361365 and parameters: {'TEST:X0': 4.32925360699274, 'TEST:X1': 0.0}. Best is trial 27 with value: 196.9747799124927.
Trial 43 finished with value: 191.2459162852885 and parameters: {'TEST:X0': 1.343334189982901, 'TEST:X1': 0.0}. Best is trial 27 with value: 196.9747799124927.
Trial 44 finished with value: 171.06343322454097 and parameters: {'TEST:X0': -1.28346810058731, 'TEST:X1': 0.0}. Best is trial 27 with value: 196.9747799124927.
Trial 45 finished with value: 70.78274760764097 and parameters: {'TEST:X0': -5.0, 'TEST:X1': 0.0}. Best is trial 27 with value: 196.9747799124927.
Trial 46 finished with value: 129.92524320964003 and parameters: {'TEST:X0': 1.6196923085723132, 'TEST:X1': 0.0}. Best is trial 27 with value: 196.9747799124927.
Trial 47 finished with value: 179.57415066015363 and parameters: {'TEST:X0': 6.584755611687891, 'TEST:X1': 0.0}. Best is trial 27 with value: 196.9747799124927.
Trial 48 finished with value: 179.5734980990727 and parameters: {'TEST:X0': 8.423603235073179, 'TEST:X1': 0.0}. Best is trial 27 with value: 196.9747799124927.
Trial 49 finished with value: 186.9877619705777 and parameters: {'TEST:X0': 9.999999999999998, 'TEST:X1': 0.0}. Best is trial 27 with value: 196.9747799124927.
Trial 50 finished with value: 192.18376848475043 and parameters: {'TEST:X0': 9.999999999999998, 'TEST:X1': 1.2013940285308382}. Best is trial 27 with value: 196.9747799124927.
Trial 51 finished with value: 194.81091099023536 and parameters: {'TEST:X0': 9.999999999999998, 'TEST:X1': 1.9930046860728876}. Best is trial 27 with value: 196.9747799124927.
Trial 52 finished with value: 197.03695900040142 and parameters: {'TEST:X0': 9.999999999999998, 'TEST:X1': 2.4810945617341194}. Best is trial 52 with value: 197.03695900040142.
Trial 53 finished with value: 197.03701290421526 and parameters: {'TEST:X0': 8.559081254265097, 'TEST:X1': 2.767718993835738}. Best is trial 53 with value: 197.03701290421526.
Trial 54 finished with value: 196.20131196171644 and parameters: {'TEST:X0': 8.011353679959162, 'TEST:X1': 2.965793861990306}. Best is trial 53 with value: 197.03701290421526.
Trial 55 finished with value: 189.47454419106282 and parameters: {'TEST:X0': 7.702427789448922, 'TEST:X1': 3.1113036783815002}. Best is trial 53 with value: 197.03701290421526.
Trial 56 finished with value: 185.6408694182885 and parameters: {'TEST:X0': 9.999999999999998, 'TEST:X1': 3.1749164752376235}. Best is trial 53 with value: 197.03701290421526.
Trial 57 finished with value: 198.0274678420376 and parameters: {'TEST:X0': 7.438636118480165, 'TEST:X1': 3.2004848039556384}. Best is trial 57 with value: 198.0274678420376.
Trial 58 finished with value: 182.54841441488924 and parameters: {'TEST:X0': 6.432091455524498, 'TEST:X1': 3.431390010064296}. Best is trial 57 with value: 198.0274678420376.
Trial 59 finished with value: 177.45003165262656 and parameters: {'TEST:X0': 8.468380651571731, 'TEST:X1': 3.1404644429155115}. Best is trial 57 with value: 198.0274678420376.
Trial 60 finished with value: 193.70248349730386 and parameters: {'TEST:X0': 9.999999999999998, 'TEST:X1': 2.9651693835030684}. Best is trial 57 with value: 198.0274678420376.
Trial 61 finished with value: 198.05503305454033 and parameters: {'TEST:X0': 9.999999999999998, 'TEST:X1': 2.5588559301216702}. Best is trial 61 with value: 198.05503305454033.
Trial 62 finished with value: 197.8587503918199 and parameters: {'TEST:X0': 9.999999999999998, 'TEST:X1': 2.149124293564428}. Best is trial 61 with value: 198.05503305454033.
Trial 63 finished with value: 197.32695749615687 and parameters: {'TEST:X0': 9.999999999999998, 'TEST:X1': 1.8944024471132934}. Best is trial 61 with value: 198.05503305454033.
Trial 64 finished with value: 196.82770984033726 and parameters: {'TEST:X0': 9.999999999999998, 'TEST:X1': 1.762327724477064}. Best is trial 61 with value: 198.05503305454033.
Trial 65 finished with value: 196.51731711575337 and parameters: {'TEST:X0': 9.999999999999998, 'TEST:X1': 1.6990720855915946}. Best is trial 61 with value: 198.05503305454033.
Trial 66 finished with value: 196.35715651315917 and parameters: {'TEST:X0': 9.064834991064558, 'TEST:X1': 1.7171893285634015}. Best is trial 61 with value: 198.05503305454033.
Trial 67 finished with value: 198.7642608626213 and parameters: {'TEST:X0': 9.999999999999998, 'TEST:X1': 1.683000951034363}. Best is trial 67 with value: 198.7642608626213.
Trial 68 finished with value: 196.31489694794658 and parameters: {'TEST:X0': 9.999999999999998, 'TEST:X1': 1.6473020312838496}. Best is trial 67 with value: 198.7642608626213.
Trial 69 finished with value: 196.31459142157456 and parameters: {'TEST:X0': 9.041201790594032, 'TEST:X1': 1.694497507054944}. Best is trial 67 with value: 198.7642608626213.
Trial 70 finished with value: 198.67692166032498 and parameters: {'TEST:X0': 9.00968258620031, 'TEST:X1': 1.7153195267181711}. Best is trial 67 with value: 198.7642608626213.
Trial 71 finished with value: 198.60004388920794 and parameters: {'TEST:X0': 7.1910966241511485, 'TEST:X1': 2.053252516247639}. Best is trial 67 with value: 198.7642608626213.
Trial 72 finished with value: 183.42217165306946 and parameters: {'TEST:X0': 4.483434156354539, 'TEST:X1': 2.1593188675820607}. Best is trial 67 with value: 198.7642608626213.
Trial 73 finished with value: 188.4164534301337 and parameters: {'TEST:X0': 7.727121499735583, 'TEST:X1': 2.022227678273998}. Best is trial 67 with value: 198.7642608626213.
Trial 74 finished with value: 188.417869208379 and parameters: {'TEST:X0': 8.355238130917746, 'TEST:X1': 1.2265534809128031}. Best is trial 67 with value: 198.7642608626213.
Trial 75 finished with value: 194.37017626167932 and parameters: {'TEST:X0': 9.999999999999998, 'TEST:X1': 0.8034004077849262}. Best is trial 67 with value: 198.7642608626213.
Trial 76 finished with value: 193.21782775545933 and parameters: {'TEST:X0': 9.999999999999998, 'TEST:X1': 0.781289320355619}. Best is trial 67 with value: 198.7642608626213.
Trial 77 finished with value: 193.2387783460268 and parameters: {'TEST:X0': 2.8595137523520258, 'TEST:X1': 1.4535930031889286}. Best is trial 67 with value: 198.7642608626213.
Trial 78 finished with value: 198.1150273011248 and parameters: {'TEST:X0': 0.516734453921945, 'TEST:X1': 1.9687534055637466}. Best is trial 67 with value: 198.7642608626213.
Trial 79 finished with value: 171.13242204478857 and parameters: {'TEST:X0': -0.14639948115638113, 'TEST:X1': 2.3925225880196854}. Best is trial 67 with value: 198.7642608626213.
Trial 80 finished with value: 166.84120134775833 and parameters: {'TEST:X0': 0.5660269196849939, 'TEST:X1': 1.4064473078473065}. Best is trial 67 with value: 198.7642608626213.
Trial 81 finished with value: 167.9524700738501 and parameters: {'TEST:X0': 2.757422708547442, 'TEST:X1': 2.06856490044913}. Best is trial 67 with value: 198.7642608626213.
Trial 82 finished with value: 198.62631978773766 and parameters: {'TEST:X0': 3.8962814486708215, 'TEST:X1': 4.176280932074404}. Best is trial 67 with value: 198.7642608626213.
Trial 83 finished with value: 191.1563529888561 and parameters: {'TEST:X0': 5.360549794954942, 'TEST:X1': 4.134927084702244}. Best is trial 67 with value: 198.7642608626213.
Trial 84 finished with value: 175.4749448214138 and parameters: {'TEST:X0': 5.475953344129868, 'TEST:X1': 4.0626136379567415}. Best is trial 67 with value: 198.7642608626213.
Trial 85 finished with value: 183.0334719417798 and parameters: {'TEST:X0': 9.999999999999998, 'TEST:X1': 3.88158852311646}. Best is trial 67 with value: 198.7642608626213.
Trial 86 finished with value: 197.2853237218561 and parameters: {'TEST:X0': 9.999999999999998, 'TEST:X1': 2.525166648806268}. Best is trial 67 with value: 198.7642608626213.
Trial 87 finished with value: 197.82845772049222 and parameters: {'TEST:X0': 9.999999999999998, 'TEST:X1': 1.9202806665682102}. Best is trial 67 with value: 198.7642608626213.
Trial 88 finished with value: 196.88520216342627 and parameters: {'TEST:X0': 9.999999999999998, 'TEST:X1': 2.1644229075999393}. Best is trial 67 with value: 198.7642608626213.
Trial 89 finished with value: 197.35422376008574 and parameters: {'TEST:X0': 9.999999999999998, 'TEST:X1': 2.182757216332374}. Best is trial 67 with value: 198.7642608626213.
Trial 90 finished with value: 197.384759026743 and parameters: {'TEST:X0': 9.999999999999998, 'TEST:X1': 2.1798893906783094}. Best is trial 67 with value: 198.7642608626213.
Trial 91 finished with value: 197.37972409428102 and parameters: {'TEST:X0': 9.999999999999998, 'TEST:X1': 2.172777109658721}. Best is trial 67 with value: 198.7642608626213.
Trial 92 finished with value: 197.36816448537792 and parameters: {'TEST:X0': 9.999999999999998, 'TEST:X1': 2.1563809410625137}. Best is trial 67 with value: 198.7642608626213.
Trial 93 finished with value: 197.33964597306112 and parameters: {'TEST:X0': 9.999999999999998, 'TEST:X1': 1.5512297993555717}. Best is trial 67 with value: 198.7642608626213.
Trial 94 finished with value: 195.94982858272982 and parameters: {'TEST:X0': 8.925783580087714, 'TEST:X1': 2.019898607223285}. Best is trial 67 with value: 198.7642608626213.
Trial 95 finished with value: 198.42691830464224 and parameters: {'TEST:X0': 9.999999999999998, 'TEST:X1': 1.934541498891438}. Best is trial 67 with value: 198.7642608626213.
Trial 96 finished with value: 196.91577342543616 and parameters: {'TEST:X0': 9.999999999999998, 'TEST:X1': 2.2863177536217587}. Best is trial 67 with value: 198.7642608626213.
Trial 97 finished with value: 197.5439748068609 and parameters: {'TEST:X0': 9.999999999999998, 'TEST:X1': 2.388979026047748}. Best is trial 67 with value: 198.7642608626213.
Trial 98 finished with value: 197.67909932217896 and parameters: {'TEST:X0': 9.999999999999998, 'TEST:X1': 1.9288939835708385}. Best is trial 67 with value: 198.7642608626213.
Trial 99 finished with value: 197.67909932217896 and parameters: {'TEST:X0': 9.999999999999998, 'TEST:X1': 1.493149933750379}. Best is trial 67 with value: 198.7642608626213.
A new study created in RDB with name: 2024_09_11_03_03_42
Trial 0 popped from the trial queue.
Trial 0 finished with value: 181.189830654944 and parameters: {'TEST:X0': 2.8029545519728525, 'TEST:X1': 6.374088472745434}. Best is trial 0 with value: 181.189830654944.
Trial 1 popped from the trial queue.
Trial 1 finished with value: 179.72107060295323 and parameters: {'TEST:X0': 3.0141083656632843, 'TEST:X1': 8.287253820787747}. Best is trial 0 with value: 181.189830654944.
Trial 2 popped from the trial queue.
Trial 2 finished with value: 168.75452084287065 and parameters: {'TEST:X0': 2.5545399162185043, 'TEST:X1': 7.784599720425712}. Best is trial 0 with value: 181.189830654944.
Trial 3 popped from the trial queue.
Trial 3 finished with value: 172.92089276892108 and parameters: {'TEST:X0': 3.144884998618863, 'TEST:X1': 7.816065773909083}. Best is trial 0 with value: 181.189830654944.
Trial 4 popped from the trial queue.
Trial 4 finished with value: 168.87114107827256 and parameters: {'TEST:X0': 3.6379556660000896, 'TEST:X1': 7.195394454103326}. Best is trial 0 with value: 181.189830654944.
Trial 5 popped from the trial queue.
Trial 5 finished with value: 180.27592597111854 and parameters: {'TEST:X0': 2.5313389369752124, 'TEST:X1': 6.993272707345792}. Best is trial 0 with value: 181.189830654944.
Trial 6 popped from the trial queue.
Trial 6 finished with value: 183.580486287878 and parameters: {'TEST:X0': 2.359441571649534, 'TEST:X1': 6.601260062896946}. Best is trial 6 with value: 183.580486287878.
Trial 7 popped from the trial queue.
Trial 7 finished with value: 183.24336197519528 and parameters: {'TEST:X0': 2.2707679587541123, 'TEST:X1': 6.649714143609462}. Best is trial 6 with value: 183.580486287878.
Trial 8 popped from the trial queue.
Trial 8 finished with value: 183.2423666543631 and parameters: {'TEST:X0': 1.4175548737867978, 'TEST:X1': 6.600438642504234}. Best is trial 6 with value: 183.580486287878.
Trial 9 popped from the trial queue.
Trial 9 finished with value: 181.79100020484532 and parameters: {'TEST:X0': 3.3129365330695295, 'TEST:X1': 6.052741267568164}. Best is trial 6 with value: 183.580486287878.
Trial 10 finished with value: 184.19191970216104 and parameters: {'TEST:X0': 0.03423157785841813, 'TEST:X1': 5.847107093414529}. Best is trial 10 with value: 184.19191970216104.
Trial 11 finished with value: 180.39343905326552 and parameters: {'TEST:X0': -1.8343100879856955, 'TEST:X1': 6.370652039499702}. Best is trial 10 with value: 184.19191970216104.
Trial 12 finished with value: 183.5991555785306 and parameters: {'TEST:X0': -1.7531490949588653, 'TEST:X1': 5.19710006662441}. Best is trial 10 with value: 184.19191970216104.
Trial 13 finished with value: 175.8202667148306 and parameters: {'TEST:X0': -0.8425984747591633, 'TEST:X1': 4.460848885457847}. Best is trial 10 with value: 184.19191970216104.
Trial 14 finished with value: 174.7787159020483 and parameters: {'TEST:X0': 0.40185106807828497, 'TEST:X1': 5.425551438899942}. Best is trial 10 with value: 184.19191970216104.
Trial 15 finished with value: 180.48849757875703 and parameters: {'TEST:X0': -3.7345879870714764, 'TEST:X1': 5.500438855850384}. Best is trial 10 with value: 184.19191970216104.
Trial 16 finished with value: 145.32486247071364 and parameters: {'TEST:X0': -5.0, 'TEST:X1': 4.933707193202721}. Best is trial 10 with value: 184.19191970216104.
Trial 17 finished with value: 37.12557673376196 and parameters: {'TEST:X0': -2.561802662743044, 'TEST:X1': 4.943253570766781}. Best is trial 10 with value: 184.19191970216104.
Trial 18 finished with value: 176.33896432254923 and parameters: {'TEST:X0': 2.609392951681863, 'TEST:X1': 4.431917446678666}. Best is trial 10 with value: 184.19191970216104.
Trial 19 finished with value: 188.76701735728142 and parameters: {'TEST:X0': 5.175341466092391, 'TEST:X1': 4.210768024534095}. Best is trial 19 with value: 188.76701735728142.
Trial 20 finished with value: 176.7853457413147 and parameters: {'TEST:X0': 7.192396919663018, 'TEST:X1': 4.109416129872618}. Best is trial 19 with value: 188.76701735728142.
Trial 21 finished with value: 175.84335010913895 and parameters: {'TEST:X0': 9.067754145615439, 'TEST:X1': 4.090581518064741}. Best is trial 19 with value: 188.76701735728142.
