Trial 30 finished with value: 197.92865331818518 and parameters: {'TEST:X0': 9.999999999999998, 'TEST:X1': 3.109869072004916}. Best is trial 25 with value: 198.95348493627958.
Trial 31 finished with value: 198.04484964968623 and parameters: {'TEST:X0': 9.11669696761846, 'TEST:X1': 3.8115800580744605}. Best is trial 25 with value: 198.95348493627958.
Trial 32 finished with value: 196.64071328611254 and parameters: {'TEST:X0': 9.999999999999998, 'TEST:X1': 4.521560452092081}. Best is trial 25 with value: 198.95348493627958.
Trial 33 finished with value: 194.21430571002043 and parameters: {'TEST:X0': 8.764493279032285, 'TEST:X1': 5.069227112089473}. Best is trial 25 with value: 198.95348493627958.
Trial 34 finished with value: 188.00766258185615 and parameters: {'TEST:X0': 9.999999999999998, 'TEST:X1': 5.707670156660905}. Best is trial 25 with value: 198.95348493627958.
Trial 35 finished with value: 188.45823628606666 and parameters: {'TEST:X0': 7.641143843749289, 'TEST:X1': 6.099041301267313}. Best is trial 25 with value: 198.95348493627958.
Trial 36 finished with value: 186.5426731100096 and parameters: {'TEST:X0': 9.036078349818181, 'TEST:X1': 4.043432691182156}. Best is trial 25 with value: 198.95348493627958.
Trial 37 finished with value: 196.58932844024048 and parameters: {'TEST:X0': 9.999999999999998, 'TEST:X1': 2.9473660946624243}. Best is trial 25 with value: 198.95348493627958.
Trial 38 finished with value: 198.05272979655928 and parameters: {'TEST:X0': 9.999999999999998, 'TEST:X1': 2.478329657154595}. Best is trial 25 with value: 198.95348493627958.
Trial 39 finished with value: 197.66291406964922 and parameters: {'TEST:X0': 9.999999999999998, 'TEST:X1': 2.285939114518136}. Best is trial 25 with value: 198.95348493627958.
Trial 40 finished with value: 197.48082734406483 and parameters: {'TEST:X0': 9.999999999999998, 'TEST:X1': 2.204672007753651}. Best is trial 25 with value: 198.95348493627958.
Trial 41 finished with value: 197.41853250917012 and parameters: {'TEST:X0': 9.999999999999998, 'TEST:X1': 2.171882028904535}. Best is trial 25 with value: 198.95348493627958.
Trial 42 finished with value: 197.36524081466433 and parameters: {'TEST:X0': 9.999999999999998, 'TEST:X1': 2.163850358756135}. Best is trial 25 with value: 198.95348493627958.
Trial 43 finished with value: 197.3547455598266 and parameters: {'TEST:X0': 9.999999999999998, 'TEST:X1': 2.1749066236974004}. Best is trial 25 with value: 198.95348493627958.
Trial 44 finished with value: 197.3710448438 and parameters: {'TEST:X0': 9.42795295047047, 'TEST:X1': 2.1063749023658715}. Best is trial 25 with value: 198.95348493627958.
Trial 45 finished with value: 199.43193633278264 and parameters: {'TEST:X0': 9.448669499542092, 'TEST:X1': 2.0859441460231305}. Best is trial 45 with value: 199.43193633278264.
Trial 46 finished with value: 199.43283412690528 and parameters: {'TEST:X0': 9.373974843579362, 'TEST:X1': 2.0455155183990428}. Best is trial 46 with value: 199.43283412690528.
Trial 47 finished with value: 199.43952369248632 and parameters: {'TEST:X0': 9.390429978659075, 'TEST:X1': 2.0314889994293592}. Best is trial 47 with value: 199.43952369248632.
Trial 48 finished with value: 199.42402018338163 and parameters: {'TEST:X0': 9.408249989383306, 'TEST:X1': 2.0249610730003074}. Best is trial 47 with value: 199.43952369248632.
Trial 49 finished with value: 198.5717132347678 and parameters: {'TEST:X0': 8.179144318512677, 'TEST:X1': 2.1363922014644996}. Best is trial 47 with value: 199.43952369248632.
Trial 50 finished with value: 192.80620633048852 and parameters: {'TEST:X0': 9.998101120817724, 'TEST:X1': 2.2737201372777753}. Best is trial 47 with value: 199.43952369248632.
Trial 51 finished with value: 197.74063463416297 and parameters: {'TEST:X0': 8.82960063738788, 'TEST:X1': 2.0977266982039016}. Best is trial 47 with value: 199.43952369248632.
Trial 52 finished with value: 197.99732423822724 and parameters: {'TEST:X0': 8.84806133192375, 'TEST:X1': 2.017542803687746}. Best is trial 47 with value: 199.43952369248632.
Trial 53 finished with value: 198.04838658555494 and parameters: {'TEST:X0': 9.999999999999998, 'TEST:X1': 1.3228479216950493}. Best is trial 47 with value: 199.43952369248632.
Trial 54 finished with value: 198.39225221366422 and parameters: {'TEST:X0': 8.97988360764025, 'TEST:X1': 1.6014611749340835}. Best is trial 47 with value: 199.43952369248632.
Trial 55 finished with value: 198.39356358822022 and parameters: {'TEST:X0': 8.465779319736745, 'TEST:X1': 1.2027090662312832}. Best is trial 47 with value: 199.43952369248632.
Trial 56 finished with value: 195.175963525607 and parameters: {'TEST:X0': 8.938635627172719, 'TEST:X1': 1.6176013874192312}. Best is trial 47 with value: 199.43952369248632.
Trial 57 finished with value: 198.26127287340535 and parameters: {'TEST:X0': 8.538778093585089, 'TEST:X1': 2.410143719674779}. Best is trial 47 with value: 199.43952369248632.
Trial 58 failed with parameters: {'TEST:X0': 9.999999999999998, 'TEST:X1': 1.431244691031373} because of the following error: KeyboardInterrupt().
Traceback (most recent call last):
  File "/home/skato/anaconda3/envs/injection/lib/python3.11/site-packages/optuna/study/_optimize.py", line 197, in _run_trial
    value_or_values = func(trial)
                      ^^^^^^^^^^^
  File "/home/skato/work/2024/MLSuperKEKB-master/Injection/optuna_testgui01.py", line 252, in objective
    time.sleep(self.sleepeval)
KeyboardInterrupt
Trial 58 failed with value None.
A new study created in RDB with name: 2024_09_11_05_04_20
Trial 0 popped from the trial queue.
Trial 0 finished with value: 166.57991194031626 and parameters: {'TEST:X0': 2.990450491776408, 'TEST:X1': 7.9336730255631105}. Best is trial 0 with value: 166.57991194031626.
Trial 1 popped from the trial queue.
Trial 1 finished with value: 181.9094280884234 and parameters: {'TEST:X0': 3.203335788254502, 'TEST:X1': 6.431380474958167}. Best is trial 1 with value: 181.9094280884234.
Trial 2 popped from the trial queue.
Trial 2 finished with value: 163.25810272120916 and parameters: {'TEST:X0': 3.9300487116471334, 'TEST:X1': 8.604565206464404}. Best is trial 1 with value: 181.9094280884234.
Trial 3 popped from the trial queue.
Trial 3 finished with value: 153.02414679150507 and parameters: {'TEST:X0': 3.1135814220903075, 'TEST:X1': 8.869768436462895}. Best is trial 1 with value: 181.9094280884234.
Trial 4 popped from the trial queue.
Trial 4 finished with value: 177.18398457948615 and parameters: {'TEST:X0': 2.932781024104712, 'TEST:X1': 6.798143318392852}. Best is trial 1 with value: 181.9094280884234.
Trial 5 popped from the trial queue.
Trial 5 finished with value: 180.42947744867695 and parameters: {'TEST:X0': 3.0765418618232827, 'TEST:X1': 8.084948296446715}. Best is trial 1 with value: 181.9094280884234.
Trial 6 popped from the trial queue.
Trial 6 finished with value: 168.83413676897825 and parameters: {'TEST:X0': 1.7821629754045714, 'TEST:X1': 7.996856076657109}. Best is trial 1 with value: 181.9094280884234.
Trial 7 popped from the trial queue.
Trial 7 finished with value: 172.45288602769222 and parameters: {'TEST:X0': 3.7743610565569554, 'TEST:X1': 6.520615876197897}. Best is trial 1 with value: 181.9094280884234.
Trial 8 popped from the trial queue.
Trial 8 finished with value: 181.87955026784135 and parameters: {'TEST:X0': 1.154509267115029, 'TEST:X1': 6.393411589411038}. Best is trial 1 with value: 181.9094280884234.
Trial 9 popped from the trial queue.
Trial 9 finished with value: 179.02398044251373 and parameters: {'TEST:X0': 1.9640351519367907, 'TEST:X1': 7.457716230718379}. Best is trial 1 with value: 181.9094280884234.
Trial 10 finished with value: 182.07137928811494 and parameters: {'TEST:X0': -1.0766516669700872, 'TEST:X1': 6.392473592247904}. Best is trial 10 with value: 182.07137928811494.
Trial 11 finished with value: 183.28204808947993 and parameters: {'TEST:X0': -1.280633156889079, 'TEST:X1': 5.50567529376434}. Best is trial 11 with value: 183.28204808947993.
Trial 12 finished with value: 178.856007218014 and parameters: {'TEST:X0': -0.2838157876067413, 'TEST:X1': 4.791991321763202}. Best is trial 11 with value: 183.28204808947993.
Trial 13 finished with value: 159.67479007218796 and parameters: {'TEST:X0': -3.98749557427466, 'TEST:X1': 4.9874003344946765}. Best is trial 11 with value: 183.28204808947993.
Trial 14 finished with value: 182.52307580750355 and parameters: {'TEST:X0': 0.731827300973162, 'TEST:X1': 5.481524227957823}. Best is trial 11 with value: 183.28204808947993.
Trial 15 finished with value: 182.52350500376667 and parameters: {'TEST:X0': 0.8997518790416796, 'TEST:X1': 5.74066413984346}. Best is trial 11 with value: 183.28204808947993.
Trial 16 finished with value: 182.52350500376667 and parameters: {'TEST:X0': 0.6363115320695805, 'TEST:X1': 5.957434662380629}. Best is trial 11 with value: 183.28204808947993.
Trial 17 finished with value: 181.43394869435687 and parameters: {'TEST:X0': 0.4988070968015501, 'TEST:X1': 6.05438140403225}. Best is trial 11 with value: 183.28204808947993.
Trial 18 finished with value: 180.90126796474507 and parameters: {'TEST:X0': 0.45134814310697813, 'TEST:X1': 6.080840076796237}. Best is trial 11 with value: 183.28204808947993.
Trial 19 finished with value: 183.0449116788413 and parameters: {'TEST:X0': 1.8481070332828313, 'TEST:X1': 5.205646199070875}. Best is trial 11 with value: 183.28204808947993.
Trial 20 finished with value: 192.17929453744756 and parameters: {'TEST:X0': 2.8628057846799235, 'TEST:X1': 4.433065937255861}. Best is trial 20 with value: 192.17929453744756.
Trial 21 finished with value: 194.76828109613135 and parameters: {'TEST:X0': 4.568870657060888, 'TEST:X1': 3.3206733661982923}. Best is trial 21 with value: 194.76828109613135.
Trial 22 finished with value: 185.93503923314813 and parameters: {'TEST:X0': 5.776929612599579, 'TEST:X1': 2.5044674170428007}. Best is trial 21 with value: 194.76828109613135.
Trial 23 finished with value: 197.87033937720403 and parameters: {'TEST:X0': 3.093473316585195, 'TEST:X1': 2.1324234532603965}. Best is trial 23 with value: 197.87033937720403.
Trial 24 finished with value: 199.5574064161027 and parameters: {'TEST:X0': 2.9383418492196096, 'TEST:X1': 1.3458799603690235}. Best is trial 24 with value: 199.5574064161027.
Trial 25 finished with value: 197.3599032540908 and parameters: {'TEST:X0': 3.155167012445542, 'TEST:X1': 0.5061358953075621}. Best is trial 24 with value: 199.5574064161027.
Trial 26 finished with value: 196.50947397145904 and parameters: {'TEST:X0': 3.690726740692993, 'TEST:X1': 0.0}. Best is trial 24 with value: 199.5574064161027.
Trial 27 finished with value: 193.47350824042945 and parameters: {'TEST:X0': 1.8588525627268089, 'TEST:X1': 0.0}. Best is trial 24 with value: 199.5574064161027.
Trial 28 finished with value: 180.56280138641392 and parameters: {'TEST:X0': 4.074561269321908, 'TEST:X1': 0.0}. Best is trial 24 with value: 199.5574064161027.
Trial 29 finished with value: 191.69633541441272 and parameters: {'TEST:X0': 2.1135729223145123, 'TEST:X1': 1.4066969407710141}. Best is trial 24 with value: 199.5574064161027.
Trial 30 finished with value: 191.6964070715307 and parameters: {'TEST:X0': 2.888409624816296, 'TEST:X1': 2.0990348157475243}. Best is trial 24 with value: 199.5574064161027.
Trial 31 finished with value: 184.8393877812511 and parameters: {'TEST:X0': 0.5472337486852794, 'TEST:X1': 0.9455679406958821}. Best is trial 24 with value: 199.5574064161027.
Trial 32 finished with value: 194.70828617595248 and parameters: {'TEST:X0': 9.562865119718978, 'TEST:X1': 0.6282562872946398}. Best is trial 24 with value: 199.5574064161027.
Trial 33 finished with value: 195.64655205736608 and parameters: {'TEST:X0': 9.999999999999998, 'TEST:X1': 0.0}. Best is trial 24 with value: 199.5574064161027.
Trial 34 finished with value: 195.64654137232407 and parameters: {'TEST:X0': 9.999999999999998, 'TEST:X1': 1.6668035518221882}. Best is trial 24 with value: 199.5574064161027.
Trial 35 finished with value: 197.72158976704765 and parameters: {'TEST:X0': 9.999999999999998, 'TEST:X1': 2.7714739163837354}. Best is trial 24 with value: 199.5574064161027.
Trial 36 finished with value: 198.00248945464114 and parameters: {'TEST:X0': 9.999999999999998, 'TEST:X1': 3.615721279368842}. Best is trial 24 with value: 199.5574064161027.
Trial 37 finished with value: 197.67991990072863 and parameters: {'TEST:X0': 9.999999999999998, 'TEST:X1': 4.368372425246809}. Best is trial 24 with value: 199.5574064161027.
Trial 38 finished with value: 196.19215013574419 and parameters: {'TEST:X0': 9.999999999999998, 'TEST:X1': 5.110195409674606}. Best is trial 24 with value: 199.5574064161027.
Trial 39 finished with value: 193.6162378140627 and parameters: {'TEST:X0': 9.999999999999998, 'TEST:X1': 5.9720668259745056}. Best is trial 24 with value: 199.5574064161027.
Trial 40 finished with value: 189.24038310481714 and parameters: {'TEST:X0': 8.672475913311775, 'TEST:X1': 4.892827996688447}. Best is trial 24 with value: 199.5574064161027.
Trial 41 finished with value: 192.21878552829867 and parameters: {'TEST:X0': 9.999999999999998, 'TEST:X1': 3.5215393657556224}. Best is trial 24 with value: 199.5574064161027.
Trial 42 finished with value: 197.7889940288394 and parameters: {'TEST:X0': 9.999999999999998, 'TEST:X1': 2.7536247594691337}. Best is trial 24 with value: 199.5574064161027.
Trial 43 finished with value: 197.82462731854594 and parameters: {'TEST:X0': 9.999999999999998, 'TEST:X1': 2.3682645437913203}. Best is trial 24 with value: 199.5574064161027.
Trial 44 finished with value: 197.65380578822845 and parameters: {'TEST:X0': 9.999999999999998, 'TEST:X1': 2.1286538237936248}. Best is trial 24 with value: 199.5574064161027.
Trial 45 finished with value: 197.2912964998916 and parameters: {'TEST:X0': 9.999999999999998, 'TEST:X1': 1.8871979576749194}. Best is trial 24 with value: 199.5574064161027.
Trial 46 finished with value: 195.31195486891409 and parameters: {'TEST:X0': 9.999999999999998, 'TEST:X1': 0.0}. Best is trial 24 with value: 199.5574064161027.
Trial 47 finished with value: 189.03913599848033 and parameters: {'TEST:X0': 9.999999999999998, 'TEST:X1': 0.0}. Best is trial 24 with value: 199.5574064161027.
Trial 48 finished with value: 189.03866378724175 and parameters: {'TEST:X0': 9.999999999999998, 'TEST:X1': 0.0}. Best is trial 24 with value: 199.5574064161027.
Trial 49 finished with value: 189.98608767335014 and parameters: {'TEST:X0': 2.5268321240436906, 'TEST:X1': 0.0}. Best is trial 24 with value: 199.5574064161027.
Trial 50 finished with value: 188.41042205206892 and parameters: {'TEST:X0': 7.733615327726431, 'TEST:X1': 0.0}. Best is trial 24 with value: 199.5574064161027.
Trial 51 finished with value: 195.66652527363226 and parameters: {'TEST:X0': 8.932687784645758, 'TEST:X1': 2.0601335287299003}. Best is trial 24 with value: 199.5574064161027.
Trial 52 finished with value: 198.46167567886397 and parameters: {'TEST:X0': 9.999999999999998, 'TEST:X1': 2.9273646655119085}. Best is trial 24 with value: 199.5574064161027.
Trial 53 finished with value: 198.2558936711797 and parameters: {'TEST:X0': 9.999999999999998, 'TEST:X1': 3.175773571182757}. Best is trial 24 with value: 199.5574064161027.
Trial 54 finished with value: 198.0254576027168 and parameters: {'TEST:X0': 9.999999999999998, 'TEST:X1': 3.253261842027547}. Best is trial 24 with value: 199.5574064161027.
Trial 55 finished with value: 197.9940735185732 and parameters: {'TEST:X0': 9.999999999999998, 'TEST:X1': 3.2785326438534392}. Best is trial 24 with value: 199.5574064161027.
Trial 56 finished with value: 197.98041423937374 and parameters: {'TEST:X0': 9.999999999999998, 'TEST:X1': 3.28617507776598}. Best is trial 24 with value: 199.5574064161027.
Trial 57 finished with value: 197.97590998137002 and parameters: {'TEST:X0': 9.999999999999998, 'TEST:X1': 3.286958030415933}. Best is trial 24 with value: 199.5574064161027.
Trial 58 finished with value: 197.97739746623242 and parameters: {'TEST:X0': 9.999999999999998, 'TEST:X1': 3.2836040981532935}. Best is trial 24 with value: 199.5574064161027.
Trial 59 finished with value: 197.97898210317967 and parameters: {'TEST:X0': 9.999999999999998, 'TEST:X1': 3.266426822198979}. Best is trial 24 with value: 199.5574064161027.
Trial 60 finished with value: 198.405214745054 and parameters: {'TEST:X0': 9.131823912956799, 'TEST:X1': 2.8466901166799725}. Best is trial 24 with value: 199.5574064161027.
Trial 61 finished with value: 198.82222709423132 and parameters: {'TEST:X0': 9.999999999999998, 'TEST:X1': 2.703867131422558}. Best is trial 24 with value: 199.5574064161027.
Trial 62 finished with value: 197.9682555303801 and parameters: {'TEST:X0': 9.164910626110888, 'TEST:X1': 2.699664376644098}. Best is trial 24 with value: 199.5574064161027.
Trial 63 finished with value: 199.09174463231219 and parameters: {'TEST:X0': 9.17909236158961, 'TEST:X1': 2.6891813791612305}. Best is trial 24 with value: 199.5574064161027.
Trial 64 finished with value: 199.14301557351757 and parameters: {'TEST:X0': 9.19842667703139, 'TEST:X1': 2.673976280182228}. Best is trial 24 with value: 199.5574064161027.
Trial 65 finished with value: 198.5513828967227 and parameters: {'TEST:X0': 9.999999999999998, 'TEST:X1': 2.5973484292705864}. Best is trial 24 with value: 199.5574064161027.
Trial 66 finished with value: 197.89319645107042 and parameters: {'TEST:X0': 9.234933141024976, 'TEST:X1': 2.6274393376986875}. Best is trial 24 with value: 199.5574064161027.
Trial 67 finished with value: 199.3366756426741 and parameters: {'TEST:X0': 9.246792722317684, 'TEST:X1': 2.6262717363472237}. Best is trial 24 with value: 199.5574064161027.
Trial 68 finished with value: 199.36284271247172 and parameters: {'TEST:X0': 9.262765858303116, 'TEST:X1': 2.607986608899134}. Best is trial 24 with value: 199.5574064161027.
Trial 69 finished with value: 199.4074382821683 and parameters: {'TEST:X0': 9.277475208811332, 'TEST:X1': 2.5825329693849324}. Best is trial 24 with value: 199.5574064161027.
Trial 70 finished with value: 199.4468923091897 and parameters: {'TEST:X0': 9.290821849037611, 'TEST:X1': 2.5529832308163933}. Best is trial 24 with value: 199.5574064161027.
Trial 71 finished with value: 199.49543812988372 and parameters: {'TEST:X0': 9.30278151019358, 'TEST:X1': 2.5209042270060875}. Best is trial 24 with value: 199.5574064161027.
Trial 72 finished with value: 199.50736860023173 and parameters: {'TEST:X0': 9.999999999999998, 'TEST:X1': 2.468253612322592}. Best is trial 24 with value: 199.5574064161027.
Trial 73 finished with value: 198.67356267731617 and parameters: {'TEST:X0': 9.35236141249173, 'TEST:X1': 2.442524055037835}. Best is trial 24 with value: 199.5574064161027.
Trial 74 finished with value: 199.5777869273153 and parameters: {'TEST:X0': 9.35529135629864, 'TEST:X1': 2.4236634953216725}. Best is trial 74 with value: 199.5777869273153.
Trial 75 finished with value: 199.57873104083836 and parameters: {'TEST:X0': 9.356729644559783, 'TEST:X1': 2.389123411525225}. Best is trial 75 with value: 199.57873104083836.
Trial 76 finished with value: 199.57940678460716 and parameters: {'TEST:X0': 9.362469606433201, 'TEST:X1': 2.362533807362922}. Best is trial 76 with value: 199.57940678460716.
Trial 77 finished with value: 199.57939937502007 and parameters: {'TEST:X0': 9.367730830935331, 'TEST:X1': 2.3403382267409514}. Best is trial 76 with value: 199.57940678460716.
Trial 78 finished with value: 199.5783698263628 and parameters: {'TEST:X0': 9.372780767995604, 'TEST:X1': 2.321549796250694}. Best is trial 76 with value: 199.57940678460716.
Trial 79 finished with value: 199.57651685185778 and parameters: {'TEST:X0': 9.377397914616008, 'TEST:X1': 2.30477512013968}. Best is trial 76 with value: 199.57940678460716.
Trial 80 finished with value: 199.57399244151634 and parameters: {'TEST:X0': 9.38168772111716, 'TEST:X1': 2.2897915080029594}. Best is trial 76 with value: 199.57940678460716.
Trial 81 finished with value: 199.57044035794854 and parameters: {'TEST:X0': 9.385672876552697, 'TEST:X1': 2.2761314382966127}. Best is trial 76 with value: 199.57940678460716.
Trial 82 finished with value: 199.5652435149996 and parameters: {'TEST:X0': 9.389391206515084, 'TEST:X1': 2.263736497711061}. Best is trial 76 with value: 199.57940678460716.
Trial 83 finished with value: 199.5624219302679 and parameters: {'TEST:X0': 9.392929172803527, 'TEST:X1': 2.252433568532989}. Best is trial 76 with value: 199.57940678460716.
Trial 84 finished with value: 199.55746189888845 and parameters: {'TEST:X0': 9.396328068420395, 'TEST:X1': 2.2421330869040803}. Best is trial 76 with value: 199.57940678460716.
Trial 85 finished with value: 199.5536117971086 and parameters: {'TEST:X0': 9.399660453406872, 'TEST:X1': 2.2327617563706923}. Best is trial 76 with value: 199.57940678460716.
Trial 86 finished with value: 199.549435158136 and parameters: {'TEST:X0': 9.402941448831465, 'TEST:X1': 2.224390408232102}. Best is trial 76 with value: 199.57940678460716.
Trial 87 failed with parameters: {'TEST:X0': 9.406249374122021, 'TEST:X1': 2.2169291789194947} because of the following error: KeyboardInterrupt().
Traceback (most recent call last):
  File "/home/skato/anaconda3/envs/injection/lib/python3.11/site-packages/optuna/study/_optimize.py", line 197, in _run_trial
    value_or_values = func(trial)
                      ^^^^^^^^^^^
  File "/home/skato/work/2024/MLSuperKEKB-master/Injection/optuna_testgui01.py", line 250, in objective
    self.root.update_idletasks()
  File "/home/skato/anaconda3/envs/injection/lib/python3.11/tkinter/__init__.py", line 1378, in update_idletasks
    self.tk.call('update', 'idletasks')
KeyboardInterrupt
Trial 87 failed with value None.
A new study created in RDB with name: 2024_09_11_05_23_42
Trial 0 popped from the trial queue.
