Trial 13 finished with value: 148.68291710419373 and parameters: {'TEST:X0': -5.0, 'TEST:X1': 7.3505989305553046}. Best is trial 12 with value: 188.53911633832823.
Trial 14 failed with parameters: {} because of the following error: KeyboardInterrupt().
Traceback (most recent call last):
  File "/home/skato/anaconda3/envs/injection/lib/python3.11/site-packages/optuna/study/_optimize.py", line 197, in _run_trial
    value_or_values = func(trial)
                      ^^^^^^^^^^^
  File "/home/skato/work/2024/MLSuperKEKB-master/Injection/optuna_testgui01.py", line 237, in objective
    x  = trial.suggest_float(pv.pvname, self.infox[i][0], self.infox[i][1])
         ^^^^^^^^^^^^^^^^^^^^^^^^^^^^^^^^^^^^^^^^^^^^^^^^^^^^^^^^^^^^^^^^^^
  File "/home/skato/anaconda3/envs/injection/lib/python3.11/site-packages/optuna/trial/_trial.py", line 161, in suggest_float
    suggested_value = self._suggest(name, distribution)
                      ^^^^^^^^^^^^^^^^^^^^^^^^^^^^^^^^^
  File "/home/skato/anaconda3/envs/injection/lib/python3.11/site-packages/optuna/trial/_trial.py", line 627, in _suggest
    elif self._is_relative_param(name, distribution):
         ^^^^^^^^^^^^^^^^^^^^^^^^^^^^^^^^^^^^^^^^^^^
  File "/home/skato/anaconda3/envs/injection/lib/python3.11/site-packages/optuna/trial/_trial.py", line 659, in _is_relative_param
    if name not in self.relative_params:
                   ^^^^^^^^^^^^^^^^^^^^
  File "/home/skato/anaconda3/envs/injection/lib/python3.11/site-packages/optuna/trial/_trial.py", line 71, in relative_params
    self._relative_params = self.study.sampler.sample_relative(
                            ^^^^^^^^^^^^^^^^^^^^^^^^^^^^^^^^^^^
  File "/home/skato/anaconda3/envs/injection/lib/python3.11/site-packages/optuna_integration/botorch/botorch.py", line 1216, in sample_relative
    candidates = self._candidates_func(
                 ^^^^^^^^^^^^^^^^^^^^^^
  File "/home/skato/anaconda3/envs/injection/lib/python3.11/site-packages/optuna_integration/botorch/botorch.py", line 170, in proximalei_candidates_func
    fit_gpytorch_mll(mll)
  File "/home/skato/anaconda3/envs/injection/lib/python3.11/site-packages/botorch/fit.py", line 104, in fit_gpytorch_mll
    return FitGPyTorchMLL(
           ^^^^^^^^^^^^^^^
  File "/home/skato/anaconda3/envs/injection/lib/python3.11/site-packages/botorch/utils/dispatcher.py", line 93, in __call__
    return func(*args, **kwargs)
           ^^^^^^^^^^^^^^^^^^^^^
  File "/home/skato/anaconda3/envs/injection/lib/python3.11/site-packages/botorch/fit.py", line 204, in _fit_fallback
    result = optimizer(mll, closure=closure, **optimizer_kwargs)
             ^^^^^^^^^^^^^^^^^^^^^^^^^^^^^^^^^^^^^^^^^^^^^^^^^^^
  File "/home/skato/anaconda3/envs/injection/lib/python3.11/site-packages/botorch/optim/fit.py", line 92, in fit_gpytorch_mll_scipy
    result = scipy_minimize(
             ^^^^^^^^^^^^^^^
  File "/home/skato/anaconda3/envs/injection/lib/python3.11/site-packages/botorch/optim/core.py", line 109, in scipy_minimize
    raw = minimize_with_timeout(
          ^^^^^^^^^^^^^^^^^^^^^^
  File "/home/skato/anaconda3/envs/injection/lib/python3.11/site-packages/botorch/optim/utils/timeout.py", line 82, in minimize_with_timeout
    return optimize.minimize(
           ^^^^^^^^^^^^^^^^^^
  File "/home/skato/anaconda3/envs/injection/lib/python3.11/site-packages/scipy/optimize/_minimize.py", line 731, in minimize
    res = _minimize_lbfgsb(fun, x0, args, jac, bounds,
          ^^^^^^^^^^^^^^^^^^^^^^^^^^^^^^^^^^^^^^^^^^^^
  File "/home/skato/anaconda3/envs/injection/lib/python3.11/site-packages/scipy/optimize/_lbfgsb_py.py", line 407, in _minimize_lbfgsb
    f, g = func_and_grad(x)
           ^^^^^^^^^^^^^^^^
  File "/home/skato/anaconda3/envs/injection/lib/python3.11/site-packages/scipy/optimize/_differentiable_functions.py", line 343, in fun_and_grad
    self._update_fun()
  File "/home/skato/anaconda3/envs/injection/lib/python3.11/site-packages/scipy/optimize/_differentiable_functions.py", line 294, in _update_fun
    fx = self._wrapped_fun(self.x)
         ^^^^^^^^^^^^^^^^^^^^^^^^^
  File "/home/skato/anaconda3/envs/injection/lib/python3.11/site-packages/scipy/optimize/_differentiable_functions.py", line 20, in wrapped
    fx = fun(np.copy(x), *args)
         ^^^^^^^^^^^^^^^^^^^^^^
  File "/home/skato/anaconda3/envs/injection/lib/python3.11/site-packages/scipy/optimize/_optimize.py", line 79, in __call__
    self._compute_if_needed(x, *args)
  File "/home/skato/anaconda3/envs/injection/lib/python3.11/site-packages/scipy/optimize/_optimize.py", line 73, in _compute_if_needed
    fg = self.fun(x, *args)
         ^^^^^^^^^^^^^^^^^^
  File "/home/skato/anaconda3/envs/injection/lib/python3.11/site-packages/botorch/optim/closures/core.py", line 150, in __call__
    value_tensor, grad_tensors = self.closure(**kwargs)
                                 ^^^^^^^^^^^^^^^^^^^^^^
  File "/home/skato/anaconda3/envs/injection/lib/python3.11/site-packages/botorch/optim/closures/core.py", line 64, in __call__
    values = self.forward(**kwargs)
             ^^^^^^^^^^^^^^^^^^^^^^
  File "/home/skato/anaconda3/envs/injection/lib/python3.11/site-packages/botorch/optim/closures/model_closures.py", line 176, in closure
    log_likelihood = mll(
                     ^^^^
  File "/home/skato/anaconda3/envs/injection/lib/python3.11/site-packages/gpytorch/module.py", line 31, in __call__
    outputs = self.forward(*inputs, **kwargs)
              ^^^^^^^^^^^^^^^^^^^^^^^^^^^^^^^
  File "/home/skato/anaconda3/envs/injection/lib/python3.11/site-packages/gpytorch/mlls/exact_marginal_log_likelihood.py", line 82, in forward
    res = output.log_prob(target)
          ^^^^^^^^^^^^^^^^^^^^^^^
  File "/home/skato/anaconda3/envs/injection/lib/python3.11/site-packages/gpytorch/distributions/multivariate_normal.py", line 171, in log_prob
    return super().log_prob(value)
           ^^^^^^^^^^^^^^^^^^^^^^^
  File "/home/skato/anaconda3/envs/injection/lib/python3.11/site-packages/torch/distributions/multivariate_normal.py", line 249, in log_prob
    M = _batch_mahalanobis(self._unbroadcasted_scale_tril, diff)
                           ^^^^^^^^^^^^^^^^^^^^^^^^^^^^^^
  File "/home/skato/anaconda3/envs/injection/lib/python3.11/site-packages/gpytorch/distributions/multivariate_normal.py", line 88, in _unbroadcasted_scale_tril
    ust = to_dense(self.lazy_covariance_matrix.cholesky())
                   ^^^^^^^^^^^^^^^^^^^^^^^^^^^^^^^^^^^^^^
  File "/home/skato/anaconda3/envs/injection/lib/python3.11/site-packages/linear_operator/operators/_linear_operator.py", line 1303, in cholesky
    chol = self._cholesky(upper=False)
           ^^^^^^^^^^^^^^^^^^^^^^^^^^^
  File "/home/skato/anaconda3/envs/injection/lib/python3.11/site-packages/linear_operator/utils/memoize.py", line 59, in g
    return _add_to_cache(self, cache_name, method(self, *args, **kwargs), *args, kwargs_pkl=kwargs_pkl)
                                           ^^^^^^^^^^^^^^^^^^^^^^^^^^^^^
  File "/home/skato/anaconda3/envs/injection/lib/python3.11/site-packages/linear_operator/operators/_linear_operator.py", line 510, in _cholesky
    evaluated_kern_mat = self.evaluate_kernel()
                         ^^^^^^^^^^^^^^^^^^^^^^
  File "/home/skato/anaconda3/envs/injection/lib/python3.11/site-packages/linear_operator/operators/added_diag_linear_operator.py", line 209, in evaluate_kernel
    added_diag_linear_op = self.representation_tree()(*self.representation())
                           ^^^^^^^^^^^^^^^^^^^^^^^^^^^^^^^^^^^^^^^^^^^^^^^^^^
  File "/home/skato/anaconda3/envs/injection/lib/python3.11/site-packages/linear_operator/operators/linear_operator_representation_tree.py", line 30, in __call__
    unflattened_representation.append(subtree(*sub_representation))
                                      ^^^^^^^^^^^^^^^^^^^^^^^^^^^^
  File "/home/skato/anaconda3/envs/injection/lib/python3.11/site-packages/linear_operator/operators/linear_operator_representation_tree.py", line 27, in __call__
    unflattened_representation.append(flattened_representation[index])
KeyboardInterrupt
Trial 14 failed with value None.
A new study created in RDB with name: 2024_09_11_05_43_52
Trial 0 popped from the trial queue.
Trial 0 finished with value: 171.0491074133322 and parameters: {'TEST:X0': 1.2618682159934744, 'TEST:X1': 8.368884831782822}. Best is trial 0 with value: 171.0491074133322.
Trial 1 popped from the trial queue.
Trial 1 finished with value: 172.56727423647433 and parameters: {'TEST:X0': 2.3372731951146175, 'TEST:X1': 7.590578787599121}. Best is trial 1 with value: 172.56727423647433.
Trial 2 popped from the trial queue.
Trial 2 finished with value: 175.45599437155056 and parameters: {'TEST:X0': 3.4821126821697046, 'TEST:X1': 7.437216545954357}. Best is trial 2 with value: 175.45599437155056.
Trial 3 popped from the trial queue.
Trial 3 finished with value: 169.75237808958693 and parameters: {'TEST:X0': 2.707350767708777, 'TEST:X1': 8.602597807162741}. Best is trial 2 with value: 175.45599437155056.
Trial 4 popped from the trial queue.
Trial 4 finished with value: 164.1917579932703 and parameters: {'TEST:X0': 3.5424016906397964, 'TEST:X1': 7.779008312325985}. Best is trial 2 with value: 175.45599437155056.
Trial 5 popped from the trial queue.
Trial 5 finished with value: 165.24991953932746 and parameters: {'TEST:X0': 2.7703085311580153, 'TEST:X1': 7.465396703916433}. Best is trial 2 with value: 175.45599437155056.
Trial 6 popped from the trial queue.
Trial 6 finished with value: 175.19735153896897 and parameters: {'TEST:X0': 3.586671242419876, 'TEST:X1': 6.111344754095585}. Best is trial 2 with value: 175.45599437155056.
Trial 7 popped from the trial queue.
Trial 7 finished with value: 181.37780760999448 and parameters: {'TEST:X0': 1.8811522549450612, 'TEST:X1': 7.31808932815267}. Best is trial 7 with value: 181.37780760999448.
Trial 8 popped from the trial queue.
Trial 8 finished with value: 175.08996902154138 and parameters: {'TEST:X0': 1.7811196519331571, 'TEST:X1': 8.75313607404498}. Best is trial 7 with value: 181.37780760999448.
Trial 9 popped from the trial queue.
Trial 9 finished with value: 168.17478111029965 and parameters: {'TEST:X0': 1.15303089277993, 'TEST:X1': 7.653068128975909}. Best is trial 7 with value: 181.37780760999448.
Trial 10 finished with value: 162.20510123407286 and parameters: {'TEST:X0': -4.000230020032297, 'TEST:X1': 7.474595290768696}. Best is trial 7 with value: 181.37780760999448.
Trial 11 finished with value: 147.84490647178472 and parameters: {'TEST:X0': -0.0956832560040155, 'TEST:X1': 5.022944155031839}. Best is trial 7 with value: 181.37780760999448.
Trial 12 finished with value: 181.1759257742497 and parameters: {'TEST:X0': 5.184322864258016, 'TEST:X1': 4.699802498762967}. Best is trial 7 with value: 181.37780760999448.
Trial 13 finished with value: 171.1744619487588 and parameters: {'TEST:X0': 6.627094769699681, 'TEST:X1': 4.610805123912763}. Best is trial 7 with value: 181.37780760999448.
Trial 14 finished with value: 181.82859144277774 and parameters: {'TEST:X0': 4.608563460528909, 'TEST:X1': 3.7674782827260564}. Best is trial 14 with value: 181.82859144277774.
Trial 15 finished with value: 185.43403001776346 and parameters: {'TEST:X0': 4.6241447205730495, 'TEST:X1': 3.0239451862634814}. Best is trial 15 with value: 185.43403001776346.
Trial 16 finished with value: 188.21858172255378 and parameters: {'TEST:X0': 4.024796131167706, 'TEST:X1': 2.0928461146742707}. Best is trial 16 with value: 188.21858172255378.
Trial 17 finished with value: 195.9287625623444 and parameters: {'TEST:X0': 3.624816428451286, 'TEST:X1': 1.2081893320176458}. Best is trial 17 with value: 195.9287625623444.
Trial 18 finished with value: 194.33316558150833 and parameters: {'TEST:X0': 9.682123096139964, 'TEST:X1': 1.0882817008243928}. Best is trial 17 with value: 195.9287625623444.
Trial 19 finished with value: 193.9992462816858 and parameters: {'TEST:X0': 9.999999999999998, 'TEST:X1': 0.40596730601452924}. Best is trial 17 with value: 195.9287625623444.
Trial 20 finished with value: 192.31257560553007 and parameters: {'TEST:X0': 8.925151453449752, 'TEST:X1': 0.0}. Best is trial 17 with value: 195.9287625623444.
Trial 21 finished with value: 193.69334298806945 and parameters: {'TEST:X0': 9.999999999999998, 'TEST:X1': 0.0}. Best is trial 17 with value: 195.9287625623444.
Trial 22 finished with value: 189.0392368625808 and parameters: {'TEST:X0': 9.999999999999998, 'TEST:X1': 0.0}. Best is trial 17 with value: 195.9287625623444.
Trial 23 finished with value: 190.7353802261734 and parameters: {'TEST:X0': 3.3043769413386936, 'TEST:X1': 0.0}. Best is trial 17 with value: 195.9287625623444.
Trial 24 finished with value: -63.332750843567965 and parameters: {'TEST:X0': -5.0, 'TEST:X1': 0.0}. Best is trial 17 with value: 195.9287625623444.
Trial 25 finished with value: 131.7122021156738 and parameters: {'TEST:X0': 4.654194871595692, 'TEST:X1': 0.0}. Best is trial 17 with value: 195.9287625623444.
Trial 26 finished with value: 190.8462711836337 and parameters: {'TEST:X0': 2.3084547539009854, 'TEST:X1': 0.6454203541428845}. Best is trial 17 with value: 195.9287625623444.
Trial 27 finished with value: 190.84648530919912 and parameters: {'TEST:X0': 2.987331533465147, 'TEST:X1': 1.4743549599442702}. Best is trial 17 with value: 195.9287625623444.
Trial 28 finished with value: 199.0607995315226 and parameters: {'TEST:X0': 3.269932740736607, 'TEST:X1': 1.9872391937932012}. Best is trial 28 with value: 199.0607995315226.
Trial 29 finished with value: 195.51335451801202 and parameters: {'TEST:X0': 8.913733519744817, 'TEST:X1': 2.7942271120936866}. Best is trial 28 with value: 199.0607995315226.
Trial 30 finished with value: 197.8619270156397 and parameters: {'TEST:X0': 9.999999999999998, 'TEST:X1': 3.7000911615370584}. Best is trial 28 with value: 199.0607995315226.
Trial 31 finished with value: 196.78191787312227 and parameters: {'TEST:X0': 9.32677704860532, 'TEST:X1': 4.860561253024282}. Best is trial 28 with value: 199.0607995315226.
Trial 32 finished with value: 190.9457979962654 and parameters: {'TEST:X0': 9.999999999999998, 'TEST:X1': 5.921936062392671}. Best is trial 28 with value: 199.0607995315226.
Trial 33 finished with value: 185.1488140031921 and parameters: {'TEST:X0': 8.4907398660058, 'TEST:X1': 6.650504077137746}. Best is trial 28 with value: 199.0607995315226.
Trial 34 finished with value: 133.85267977150437 and parameters: {'TEST:X0': 6.392236123994087, 'TEST:X1': 8.089996272063013}. Best is trial 28 with value: 199.0607995315226.
Trial 35 finished with value: 131.66615283112952 and parameters: {'TEST:X0': 9.999999999999998, 'TEST:X1': 9.135517712486946}. Best is trial 28 with value: 199.0607995315226.
Trial 36 finished with value: 181.9787908212756 and parameters: {'TEST:X0': -1.6513699714557353, 'TEST:X1': 10.018975666247131}. Best is trial 28 with value: 199.0607995315226.
Trial 37 finished with value: 189.69386936608265 and parameters: {'TEST:X0': -3.9050274093811437, 'TEST:X1': 10.828939244094187}. Best is trial 28 with value: 199.0607995315226.
Trial 38 finished with value: 164.88334395296891 and parameters: {'TEST:X0': -5.0, 'TEST:X1': 11.478140677790933}. Best is trial 28 with value: 199.0607995315226.
Trial 39 finished with value: 197.71756559905714 and parameters: {'TEST:X0': -2.7227540989643293, 'TEST:X1': 12.316818144118283}. Best is trial 28 with value: 199.0607995315226.
Trial 40 finished with value: 197.7182405508179 and parameters: {'TEST:X0': -0.8567428288706287, 'TEST:X1': 13.29028383786122}. Best is trial 28 with value: 199.0607995315226.
Trial 41 finished with value: 159.54219784808322 and parameters: {'TEST:X0': -1.8451945579890205, 'TEST:X1': 14.195085526571281}. Best is trial 28 with value: 199.0607995315226.
Trial 42 failed with parameters: {'TEST:X0': 0.9245819934583448, 'TEST:X1': 13.956972112801568} because of the following error: KeyboardInterrupt().
Traceback (most recent call last):
  File "/home/skato/anaconda3/envs/injection/lib/python3.11/site-packages/optuna/study/_optimize.py", line 197, in _run_trial
    value_or_values = func(trial)
                      ^^^^^^^^^^^
  File "/home/skato/work/2024/MLSuperKEKB-master/Injection/optuna_testgui01.py", line 254, in objective
    self.root.update_idletasks()
  File "/home/skato/anaconda3/envs/injection/lib/python3.11/tkinter/__init__.py", line 1378, in update_idletasks
    self.tk.call('update', 'idletasks')
KeyboardInterrupt
Trial 42 failed with value None.
A new study created in RDB with name: 2024_09_11_05_45_21
Trial 0 popped from the trial queue.
Trial 0 finished with value: 182.6401646677731 and parameters: {'TEST:X0': 2.7270225062023608, 'TEST:X1': 6.119093619816162}. Best is trial 0 with value: 182.6401646677731.
Trial 1 popped from the trial queue.
Trial 1 finished with value: 176.22858854761287 and parameters: {'TEST:X0': 2.3918084813549765, 'TEST:X1': 8.82224452133917}. Best is trial 0 with value: 182.6401646677731.
Trial 2 popped from the trial queue.
Trial 2 finished with value: 183.5366296035324 and parameters: {'TEST:X0': 2.6169206162526595, 'TEST:X1': 6.078707672941774}. Best is trial 2 with value: 183.5366296035324.
Trial 3 popped from the trial queue.
Trial 3 finished with value: 187.02752941515183 and parameters: {'TEST:X0': 3.693142757940418, 'TEST:X1': 8.052328152906586}. Best is trial 3 with value: 187.02752941515183.
Trial 4 popped from the trial queue.
Trial 4 finished with value: 169.10840128507925 and parameters: {'TEST:X0': 1.9393812611951426, 'TEST:X1': 7.126688837498481}. Best is trial 3 with value: 187.02752941515183.
Trial 5 popped from the trial queue.
Trial 5 finished with value: 179.56506852498376 and parameters: {'TEST:X0': 2.8578438866967253, 'TEST:X1': 7.597754642656879}. Best is trial 3 with value: 187.02752941515183.
Trial 6 popped from the trial queue.
Trial 6 finished with value: 171.09178722931645 and parameters: {'TEST:X0': 1.6995832104356392, 'TEST:X1': 8.951398283957637}. Best is trial 3 with value: 187.02752941515183.
Trial 7 popped from the trial queue.
Trial 7 finished with value: 163.32221547336 and parameters: {'TEST:X0': 3.942468323617838, 'TEST:X1': 6.031203411758926}. Best is trial 3 with value: 187.02752941515183.
Trial 8 popped from the trial queue.
Trial 8 finished with value: 177.52007331355708 and parameters: {'TEST:X0': 2.984128391257025, 'TEST:X1': 7.802344610624617}. Best is trial 3 with value: 187.02752941515183.
Trial 9 popped from the trial queue.
Trial 9 finished with value: 176.92869461861247 and parameters: {'TEST:X0': 1.7393181650560288, 'TEST:X1': 7.454306987885511}. Best is trial 3 with value: 187.02752941515183.
Trial 10 finished with value: 176.99043844014946 and parameters: {'TEST:X0': -3.5354769545369074, 'TEST:X1': 7.312062971326671}. Best is trial 3 with value: 187.02752941515183.
Trial 11 finished with value: 163.70623460374384 and parameters: {'TEST:X0': -5.0, 'TEST:X1': 7.0410214904614}. Best is trial 3 with value: 187.02752941515183.
Trial 12 finished with value: 142.89818654373676 and parameters: {'TEST:X0': -1.1819521737312337, 'TEST:X1': 4.949233655505271}. Best is trial 3 with value: 187.02752941515183.
Trial 13 finished with value: 178.10636132430358 and parameters: {'TEST:X0': 2.1423115416565945, 'TEST:X1': 3.8709831514830135}. Best is trial 3 with value: 187.02752941515183.
Trial 14 failed with parameters: {'TEST:X0': 7.247612001921599, 'TEST:X1': 3.899139767751278} because of the following error: KeyboardInterrupt().
Traceback (most recent call last):
  File "/home/skato/anaconda3/envs/injection/lib/python3.11/site-packages/optuna/study/_optimize.py", line 197, in _run_trial
    value_or_values = func(trial)
                      ^^^^^^^^^^^
  File "/home/skato/work/2024/MLSuperKEKB-master/Injection/optuna_testgui01.py", line 249, in objective
    time.sleep(self.sleepstep)
KeyboardInterrupt
Trial 14 failed with value None.
A new study created in RDB with name: 2024_09_11_05_46_09
Trial 0 popped from the trial queue.
Trial 0 finished with value: 184.1065543330983 and parameters: {'TEST:X0': 2.808565575910798, 'TEST:X1': 6.883312091210668}. Best is trial 0 with value: 184.1065543330983.
Trial 1 popped from the trial queue.
Trial 1 finished with value: 180.2894040454213 and parameters: {'TEST:X0': 3.0215252869321585, 'TEST:X1': 6.4674230890556235}. Best is trial 0 with value: 184.1065543330983.
Trial 2 popped from the trial queue.
Trial 2 finished with value: 182.74715845290928 and parameters: {'TEST:X0': 3.46011240421091, 'TEST:X1': 6.7086002755763054}. Best is trial 0 with value: 184.1065543330983.
Trial 3 popped from the trial queue.
Trial 3 finished with value: 176.69411506525898 and parameters: {'TEST:X0': 2.7473618712046677, 'TEST:X1': 8.045215433557832}. Best is trial 0 with value: 184.1065543330983.
Trial 4 popped from the trial queue.
Trial 4 finished with value: 170.7370162062013 and parameters: {'TEST:X0': 3.412550998008462, 'TEST:X1': 6.497727069739253}. Best is trial 0 with value: 184.1065543330983.
Trial 5 popped from the trial queue.
Trial 5 finished with value: 177.0490019889939 and parameters: {'TEST:X0': 2.8510151498414116, 'TEST:X1': 8.482714227474801}. Best is trial 0 with value: 184.1065543330983.
Trial 6 popped from the trial queue.
Trial 6 finished with value: 163.5552772792882 and parameters: {'TEST:X0': 3.712048767014366, 'TEST:X1': 8.433350111296821}. Best is trial 0 with value: 184.1065543330983.
Trial 7 popped from the trial queue.
Trial 7 finished with value: 155.03248000975265 and parameters: {'TEST:X0': 3.467069770888873, 'TEST:X1': 7.498060337709395}. Best is trial 0 with value: 184.1065543330983.
Trial 8 popped from the trial queue.
Trial 8 finished with value: 173.41943851490828 and parameters: {'TEST:X0': 3.350534335485851, 'TEST:X1': 6.076336542664237}. Best is trial 0 with value: 184.1065543330983.
Trial 9 popped from the trial queue.
