Trial 9 finished with value: 179.18590412056517 and parameters: {'TEST:X0': 3.404031431679306, 'TEST:X1': 8.006046527976736}. Best is trial 0 with value: 184.1065543330983.
Trial 10 finished with value: 164.1469771984377 and parameters: {'TEST:X0': -0.4179087874511511, 'TEST:X1': 7.847104447843135}. Best is trial 0 with value: 184.1065543330983.
Trial 11 failed with parameters: {'TEST:X0': -5.0, 'TEST:X1': 7.766659030506336} because of the following error: KeyboardInterrupt().
Traceback (most recent call last):
  File "/home/skato/anaconda3/envs/injection/lib/python3.11/site-packages/optuna/study/_optimize.py", line 197, in _run_trial
    value_or_values = func(trial)
                      ^^^^^^^^^^^
  File "/home/skato/work/2024/MLSuperKEKB-master/Injection/optuna_testgui01.py", line 247, in objective
    time.sleep(0.2)
KeyboardInterrupt
Trial 11 failed with value None.
A new study created in RDB with name: 2024_09_11_05_46_46
Trial 0 popped from the trial queue.
Trial 0 finished with value: 176.14532009528034 and parameters: {'TEST:X0': 1.5540215044814565, 'TEST:X1': 7.539214099070382}. Best is trial 0 with value: 176.14532009528034.
Trial 1 popped from the trial queue.
Trial 1 finished with value: 176.1454467563734 and parameters: {'TEST:X0': 1.93995406534078, 'TEST:X1': 7.116370001828451}. Best is trial 1 with value: 176.1454467563734.
Trial 2 popped from the trial queue.
Trial 2 finished with value: 171.31642727903852 and parameters: {'TEST:X0': 2.9614461832877215, 'TEST:X1': 8.849147247098703}. Best is trial 1 with value: 176.1454467563734.
Trial 3 popped from the trial queue.
Trial 3 finished with value: 171.64818654773666 and parameters: {'TEST:X0': 1.3701569052867946, 'TEST:X1': 6.291584562201713}. Best is trial 1 with value: 176.1454467563734.
Trial 4 popped from the trial queue.
Trial 4 finished with value: 175.28234217767152 and parameters: {'TEST:X0': 3.9360418947771185, 'TEST:X1': 8.765566845312492}. Best is trial 1 with value: 176.1454467563734.
Trial 5 popped from the trial queue.
Trial 5 finished with value: 182.10225621086164 and parameters: {'TEST:X0': 2.6374753393903165, 'TEST:X1': 6.738780258199661}. Best is trial 5 with value: 182.10225621086164.
Trial 6 popped from the trial queue.
Trial 6 finished with value: 178.83977300919838 and parameters: {'TEST:X0': 1.9831602026324842, 'TEST:X1': 7.626459329880614}. Best is trial 5 with value: 182.10225621086164.
Trial 7 popped from the trial queue.
Trial 7 finished with value: 175.57622299622193 and parameters: {'TEST:X0': 2.626108334463807, 'TEST:X1': 6.657055614791697}. Best is trial 5 with value: 182.10225621086164.
Trial 8 popped from the trial queue.
Trial 8 finished with value: 180.9648186627545 and parameters: {'TEST:X0': 1.9541388390885497, 'TEST:X1': 7.711182514181795}. Best is trial 5 with value: 182.10225621086164.
Trial 9 popped from the trial queue.
Trial 9 finished with value: 175.623696923103 and parameters: {'TEST:X0': 2.889678770969489, 'TEST:X1': 7.266174432192105}. Best is trial 5 with value: 182.10225621086164.
Trial 10 finished with value: 166.40404046308208 and parameters: {'TEST:X0': 8.215369446553616, 'TEST:X1': 6.839003932317735}. Best is trial 5 with value: 182.10225621086164.
Trial 11 finished with value: 168.46655961882465 and parameters: {'TEST:X0': 4.343816888083351, 'TEST:X1': 4.940031335856615}. Best is trial 5 with value: 182.10225621086164.
Trial 12 finished with value: 178.62322272414553 and parameters: {'TEST:X0': -2.801519581588253, 'TEST:X1': 5.1081815750679915}. Best is trial 5 with value: 182.10225621086164.
Trial 13 finished with value: 78.46229724470444 and parameters: {'TEST:X0': -5.0, 'TEST:X1': 5.6203967045484475}. Best is trial 5 with value: 182.10225621086164.
Trial 14 finished with value: 128.12215201386857 and parameters: {'TEST:X0': -1.7135849010043924, 'TEST:X1': 5.611540052116643}. Best is trial 5 with value: 182.10225621086164.
Trial 15 finished with value: 179.15114855004205 and parameters: {'TEST:X0': -3.1655201294993356, 'TEST:X1': 6.090948149411752}. Best is trial 5 with value: 182.10225621086164.
Trial 16 finished with value: 179.47542332580196 and parameters: {'TEST:X0': 0.2115333032353508, 'TEST:X1': 6.150509095432029}. Best is trial 5 with value: 182.10225621086164.
Trial 17 finished with value: 180.37982018241183 and parameters: {'TEST:X0': 0.5760531675221667, 'TEST:X1': 7.21260487871258}. Best is trial 5 with value: 182.10225621086164.
Trial 18 finished with value: 168.55098942746696 and parameters: {'TEST:X0': 5.83531738781886, 'TEST:X1': 7.324818910688441}. Best is trial 5 with value: 182.10225621086164.
Trial 19 finished with value: 154.148772503618 and parameters: {'TEST:X0': 9.999999999999998, 'TEST:X1': 7.550598876488789}. Best is trial 5 with value: 182.10225621086164.
Trial 20 finished with value: 177.3745042998466 and parameters: {'TEST:X0': 6.300051693033367, 'TEST:X1': 8.635246247760715}. Best is trial 5 with value: 182.10225621086164.
Trial 21 finished with value: 123.62798981141003 and parameters: {'TEST:X0': 4.743260518297607, 'TEST:X1': 9.574796175714443}. Best is trial 5 with value: 182.10225621086164.
Trial 22 finished with value: 128.00711620391897 and parameters: {'TEST:X0': 0.3682536706166877, 'TEST:X1': 9.735200517323918}. Best is trial 5 with value: 182.10225621086164.
Trial 23 failed with parameters: {'TEST:X0': 3.5062236192399467, 'TEST:X1': 7.246560888462788} because of the following error: KeyboardInterrupt().
Traceback (most recent call last):
  File "/home/skato/anaconda3/envs/injection/lib/python3.11/site-packages/optuna/study/_optimize.py", line 197, in _run_trial
    value_or_values = func(trial)
                      ^^^^^^^^^^^
  File "/home/skato/work/2024/MLSuperKEKB-master/Injection/optuna_testgui01.py", line 253, in objective
    self.DrawPlot()
  File "/home/skato/work/2024/MLSuperKEKB-master/Injection/optuna_testgui01.py", line 341, in DrawPlot
    self.canvas.draw()
  File "/home/skato/anaconda3/envs/injection/lib/python3.11/site-packages/matplotlib/backends/backend_tkagg.py", line 10, in draw
    super().draw()
  File "/home/skato/anaconda3/envs/injection/lib/python3.11/site-packages/matplotlib/backends/backend_agg.py", line 387, in draw
    self.figure.draw(self.renderer)
  File "/home/skato/anaconda3/envs/injection/lib/python3.11/site-packages/matplotlib/artist.py", line 95, in draw_wrapper
    result = draw(artist, renderer, *args, **kwargs)
             ^^^^^^^^^^^^^^^^^^^^^^^^^^^^^^^^^^^^^^^
  File "/home/skato/anaconda3/envs/injection/lib/python3.11/site-packages/matplotlib/artist.py", line 72, in draw_wrapper
    return draw(artist, renderer)
           ^^^^^^^^^^^^^^^^^^^^^^
  File "/home/skato/anaconda3/envs/injection/lib/python3.11/site-packages/matplotlib/figure.py", line 3162, in draw
    mimage._draw_list_compositing_images(
  File "/home/skato/anaconda3/envs/injection/lib/python3.11/site-packages/matplotlib/image.py", line 132, in _draw_list_compositing_images
    a.draw(renderer)
  File "/home/skato/anaconda3/envs/injection/lib/python3.11/site-packages/matplotlib/artist.py", line 72, in draw_wrapper
    return draw(artist, renderer)
           ^^^^^^^^^^^^^^^^^^^^^^
  File "/home/skato/anaconda3/envs/injection/lib/python3.11/site-packages/matplotlib/axes/_base.py", line 3137, in draw
    mimage._draw_list_compositing_images(
  File "/home/skato/anaconda3/envs/injection/lib/python3.11/site-packages/matplotlib/image.py", line 132, in _draw_list_compositing_images
    a.draw(renderer)
  File "/home/skato/anaconda3/envs/injection/lib/python3.11/site-packages/matplotlib/artist.py", line 72, in draw_wrapper
    return draw(artist, renderer)
           ^^^^^^^^^^^^^^^^^^^^^^
  File "/home/skato/anaconda3/envs/injection/lib/python3.11/site-packages/matplotlib/axis.py", line 1431, in draw
    self.label.draw(renderer)
  File "/home/skato/anaconda3/envs/injection/lib/python3.11/site-packages/matplotlib/artist.py", line 72, in draw_wrapper
    return draw(artist, renderer)
           ^^^^^^^^^^^^^^^^^^^^^^
  File "/home/skato/anaconda3/envs/injection/lib/python3.11/site-packages/matplotlib/text.py", line 800, in draw
    textrenderer.draw_text(gc, x, y, clean_line,
  File "/home/skato/anaconda3/envs/injection/lib/python3.11/site-packages/matplotlib/backends/backend_agg.py", line 194, in draw_text
    font.draw_glyphs_to_bitmap(
KeyboardInterrupt
Trial 23 failed with value None.
