Trial 24 finished with value: 189.03949470166236 and parameters: {'TEST:X0': 9.999999999999998, 'TEST:X1': 1.3611091515649605}. Best is trial 17 with value: 198.03747707196825.
Trial 25 failed with parameters: {'TEST:X0': 7.56594180542352} because of the following error: KeyboardInterrupt().
Traceback (most recent call last):
  File "/home/skato/anaconda3/envs/injection/lib/python3.11/site-packages/optuna/study/_optimize.py", line 197, in _run_trial
    value_or_values = func(trial)
                      ^^^^^^^^^^^
  File "/home/skato/work/2024/MLSuperKEKB-master/Injection/optuna_testgui01.py", line 229, in objective
    x  = trial.suggest_float(pv.pvname, self.infox[i][0], self.infox[i][1])
         ^^^^^^^^^^^^^^^^^^^^^^^^^^^^^^^^^^^^^^^^^^^^^^^^^^^^^^^^^^^^^^^^^^
  File "/home/skato/anaconda3/envs/injection/lib/python3.11/site-packages/optuna/trial/_trial.py", line 161, in suggest_float
    suggested_value = self._suggest(name, distribution)
                      ^^^^^^^^^^^^^^^^^^^^^^^^^^^^^^^^^
  File "/home/skato/anaconda3/envs/injection/lib/python3.11/site-packages/optuna/trial/_trial.py", line 637, in _suggest
    storage.set_trial_param(trial_id, name, param_value_in_internal_repr, distribution)
  File "/home/skato/anaconda3/envs/injection/lib/python3.11/site-packages/optuna/storages/_cached_storage.py", line 167, in set_trial_param
    self._backend.set_trial_param(trial_id, param_name, param_value_internal, distribution)
  File "/home/skato/anaconda3/envs/injection/lib/python3.11/site-packages/optuna/storages/_rdb/storage.py", line 575, in set_trial_param
    with _create_scoped_session(self.scoped_session, True) as session:
  File "/home/skato/anaconda3/envs/injection/lib/python3.11/contextlib.py", line 144, in __exit__
    next(self.gen)
  File "/home/skato/anaconda3/envs/injection/lib/python3.11/site-packages/optuna/storages/_rdb/storage.py", line 76, in _create_scoped_session
    session.commit()
  File "/home/skato/anaconda3/envs/injection/lib/python3.11/site-packages/sqlalchemy/orm/session.py", line 2028, in commit
    trans.commit(_to_root=True)
  File "<string>", line 2, in commit
  File "/home/skato/anaconda3/envs/injection/lib/python3.11/site-packages/sqlalchemy/orm/state_changes.py", line 139, in _go
    ret_value = fn(self, *arg, **kw)
                ^^^^^^^^^^^^^^^^^^^^
  File "/home/skato/anaconda3/envs/injection/lib/python3.11/site-packages/sqlalchemy/orm/session.py", line 1320, in commit
    trans.commit()
  File "/home/skato/anaconda3/envs/injection/lib/python3.11/site-packages/sqlalchemy/engine/base.py", line 2631, in commit
    self._do_commit()
  File "/home/skato/anaconda3/envs/injection/lib/python3.11/site-packages/sqlalchemy/engine/base.py", line 2736, in _do_commit
    self._connection_commit_impl()
  File "/home/skato/anaconda3/envs/injection/lib/python3.11/site-packages/sqlalchemy/engine/base.py", line 2707, in _connection_commit_impl
    self.connection._commit_impl()
  File "/home/skato/anaconda3/envs/injection/lib/python3.11/site-packages/sqlalchemy/engine/base.py", line 1146, in _commit_impl
    self._handle_dbapi_exception(e, None, None, None, None)
  File "/home/skato/anaconda3/envs/injection/lib/python3.11/site-packages/sqlalchemy/engine/base.py", line 2358, in _handle_dbapi_exception
    raise exc_info[1].with_traceback(exc_info[2])
  File "/home/skato/anaconda3/envs/injection/lib/python3.11/site-packages/sqlalchemy/engine/base.py", line 1144, in _commit_impl
    self.engine.dialect.do_commit(self.connection)
  File "/home/skato/anaconda3/envs/injection/lib/python3.11/site-packages/sqlalchemy/engine/default.py", line 702, in do_commit
    dbapi_connection.commit()
KeyboardInterrupt
Trial 25 failed with value None.
A new study created in RDB with name: 2024_09_11_04_23_41
Trial 0 popped from the trial queue.
Trial 0 finished with value: 157.02202290114468 and parameters: {'TEST:X0': 3.7309248747844275, 'TEST:X1': 8.555745672859457}. Best is trial 0 with value: 157.02202290114468.
Trial 1 popped from the trial queue.
Trial 1 finished with value: 160.5665917517029 and parameters: {'TEST:X0': 2.3554863805089994, 'TEST:X1': 8.985927623693502}. Best is trial 1 with value: 160.5665917517029.
Trial 2 popped from the trial queue.
Trial 2 finished with value: 162.74886833927735 and parameters: {'TEST:X0': 1.011243290995243, 'TEST:X1': 8.800753495202915}. Best is trial 2 with value: 162.74886833927735.
Trial 3 popped from the trial queue.
Trial 3 finished with value: 168.4314027665709 and parameters: {'TEST:X0': 2.483978244524181, 'TEST:X1': 7.683749541445503}. Best is trial 3 with value: 168.4314027665709.
Trial 4 popped from the trial queue.
Trial 4 finished with value: 176.1565465973532 and parameters: {'TEST:X0': 1.7975268821679067, 'TEST:X1': 7.300717980505584}. Best is trial 4 with value: 176.1565465973532.
Trial 5 popped from the trial queue.
Trial 5 finished with value: 173.00273312003816 and parameters: {'TEST:X0': 3.681791696586263, 'TEST:X1': 7.290620665670372}. Best is trial 4 with value: 176.1565465973532.
Trial 6 popped from the trial queue.
Trial 6 finished with value: 173.69180664723217 and parameters: {'TEST:X0': 1.5983577656626764, 'TEST:X1': 7.0016639639708185}. Best is trial 4 with value: 176.1565465973532.
Trial 7 popped from the trial queue.
Trial 7 finished with value: 179.92671675722823 and parameters: {'TEST:X0': 1.257952308761391, 'TEST:X1': 6.206224730346636}. Best is trial 7 with value: 179.92671675722823.
Trial 8 popped from the trial queue.
Trial 8 finished with value: 183.02774153973309 and parameters: {'TEST:X0': 1.3575709063988917, 'TEST:X1': 7.522554643551183}. Best is trial 8 with value: 183.02774153973309.
Trial 9 popped from the trial queue.
Trial 9 finished with value: 176.09738710369763 and parameters: {'TEST:X0': 3.281277738353899, 'TEST:X1': 8.267786716100076}. Best is trial 8 with value: 183.02774153973309.
Trial 10 finished with value: 180.5789675412404 and parameters: {'TEST:X0': -2.215967599135174, 'TEST:X1': 6.913062577810797}. Best is trial 8 with value: 183.02774153973309.
Trial 11 finished with value: 185.2241366733013 and parameters: {'TEST:X0': -3.689017166070408, 'TEST:X1': 5.904132965044484}. Best is trial 11 with value: 185.2241366733013.
Trial 12 finished with value: 138.52120333603696 and parameters: {'TEST:X0': -4.333115118143574, 'TEST:X1': 5.013884053781815}. Best is trial 11 with value: 185.2241366733013.
Trial 13 finished with value: 87.29851484877271 and parameters: {'TEST:X0': -5.0, 'TEST:X1': 6.446450452951678}. Best is trial 11 with value: 185.2241366733013.
Trial 14 finished with value: 71.91025328390015 and parameters: {'TEST:X0': -3.081226274032542, 'TEST:X1': 6.175597684228012}. Best is trial 11 with value: 185.2241366733013.
Trial 15 finished with value: 178.64825324437683 and parameters: {'TEST:X0': 1.767262481769416, 'TEST:X1': 5.1581867283221605}. Best is trial 11 with value: 185.2241366733013.
Trial 16 finished with value: 189.41811098596958 and parameters: {'TEST:X0': 3.8577202827383985, 'TEST:X1': 4.600309211757893}. Best is trial 16 with value: 189.41811098596958.
Trial 17 finished with value: 189.30428859094914 and parameters: {'TEST:X0': 5.691256850252909, 'TEST:X1': 4.22589091281002}. Best is trial 16 with value: 189.41811098596958.
Trial 18 finished with value: 172.42522430299778 and parameters: {'TEST:X0': 7.142941099714186, 'TEST:X1': 3.987555868781441}. Best is trial 16 with value: 189.41811098596958.
Trial 19 finished with value: 175.5460623128516 and parameters: {'TEST:X0': 4.572215928854124, 'TEST:X1': 3.4229744479037296}. Best is trial 16 with value: 189.41811098596958.
Trial 20 finished with value: 187.3450722012112 and parameters: {'TEST:X0': 3.34937659887745, 'TEST:X1': 2.9179844173074923}. Best is trial 16 with value: 189.41811098596958.
Trial 21 finished with value: 198.757553012821 and parameters: {'TEST:X0': 2.9838720811383634, 'TEST:X1': 2.4471707788110324}. Best is trial 21 with value: 198.757553012821.
Trial 22 finished with value: 199.48038630283617 and parameters: {'TEST:X0': 2.3791839398348067, 'TEST:X1': 1.6221830990872614}. Best is trial 22 with value: 199.48038630283617.
Trial 23 finished with value: 195.19437396326612 and parameters: {'TEST:X0': 2.4437180091774326, 'TEST:X1': 0.8805548363535421}. Best is trial 22 with value: 199.48038630283617.
Trial 24 finished with value: 193.35135001694428 and parameters: {'TEST:X0': 3.3832962840752874, 'TEST:X1': 0.20909318828637302}. Best is trial 22 with value: 199.48038630283617.
Trial 25 finished with value: 195.7691563244639 and parameters: {'TEST:X0': 4.312708018552835, 'TEST:X1': 0.0}. Best is trial 22 with value: 199.48038630283617.
Trial 26 finished with value: 191.36770920020638 and parameters: {'TEST:X0': 4.902824831247768, 'TEST:X1': 0.0}. Best is trial 22 with value: 199.48038630283617.
Trial 27 finished with value: 186.7891827989575 and parameters: {'TEST:X0': 2.2873422525003555, 'TEST:X1': 0.0}. Best is trial 22 with value: 199.48038630283617.
Trial 28 finished with value: 187.09243986742095 and parameters: {'TEST:X0': 1.488225839105123, 'TEST:X1': 0.0}. Best is trial 22 with value: 199.48038630283617.
Trial 29 finished with value: 190.2679728300315 and parameters: {'TEST:X0': 4.221918966970954, 'TEST:X1': 0.0}. Best is trial 22 with value: 199.48038630283617.
Trial 30 finished with value: 192.01500071204237 and parameters: {'TEST:X0': 6.7546082423701375, 'TEST:X1': 0.0}. Best is trial 22 with value: 199.48038630283617.
Trial 31 finished with value: 180.1379488928577 and parameters: {'TEST:X0': 9.600978790086861, 'TEST:X1': 0.0}. Best is trial 22 with value: 199.48038630283617.
Trial 32 finished with value: 189.0394536851843 and parameters: {'TEST:X0': 9.999999999999998, 'TEST:X1': 0.0}. Best is trial 22 with value: 199.48038630283617.
Trial 33 finished with value: 189.0393732851387 and parameters: {'TEST:X0': 9.999999999999998, 'TEST:X1': 0.0}. Best is trial 22 with value: 199.48038630283617.
Trial 34 finished with value: 186.48435402134334 and parameters: {'TEST:X0': 6.503287425231646, 'TEST:X1': 0.0}. Best is trial 22 with value: 199.48038630283617.
Trial 35 finished with value: 179.39089050315442 and parameters: {'TEST:X0': 5.039936239799056, 'TEST:X1': 0.0}. Best is trial 22 with value: 199.48038630283617.
Trial 36 finished with value: 185.3224342686831 and parameters: {'TEST:X0': 2.127994431942045, 'TEST:X1': 0.0}. Best is trial 22 with value: 199.48038630283617.
Trial 37 finished with value: 184.84817884775694 and parameters: {'TEST:X0': 0.7309094860055865, 'TEST:X1': 0.0}. Best is trial 22 with value: 199.48038630283617.
Trial 38 finished with value: 167.76795194904318 and parameters: {'TEST:X0': 3.467061152345318, 'TEST:X1': 0.0}. Best is trial 22 with value: 199.48038630283617.
Trial 39 failed with parameters: {'TEST:X0': 0.190718872855566, 'TEST:X1': 0.0} because of the following error: KeyboardInterrupt().
Traceback (most recent call last):
  File "/home/skato/anaconda3/envs/injection/lib/python3.11/site-packages/optuna/study/_optimize.py", line 197, in _run_trial
    value_or_values = func(trial)
                      ^^^^^^^^^^^
  File "/home/skato/work/2024/MLSuperKEKB-master/Injection/optuna_testgui01.py", line 246, in objective
    self.DrawPlot()
  File "/home/skato/work/2024/MLSuperKEKB-master/Injection/optuna_testgui01.py", line 296, in DrawPlot
    self.canvas.draw()
  File "/home/skato/anaconda3/envs/injection/lib/python3.11/site-packages/matplotlib/backends/backend_tkagg.py", line 10, in draw
    super().draw()
  File "/home/skato/anaconda3/envs/injection/lib/python3.11/site-packages/matplotlib/backends/backend_agg.py", line 387, in draw
    self.figure.draw(self.renderer)
  File "/home/skato/anaconda3/envs/injection/lib/python3.11/site-packages/matplotlib/artist.py", line 95, in draw_wrapper
    result = draw(artist, renderer, *args, **kwargs)
             ^^^^^^^^^^^^^^^^^^^^^^^^^^^^^^^^^^^^^^^
  File "/home/skato/anaconda3/envs/injection/lib/python3.11/site-packages/matplotlib/artist.py", line 72, in draw_wrapper
    return draw(artist, renderer)
           ^^^^^^^^^^^^^^^^^^^^^^
  File "/home/skato/anaconda3/envs/injection/lib/python3.11/site-packages/matplotlib/figure.py", line 3162, in draw
    mimage._draw_list_compositing_images(
  File "/home/skato/anaconda3/envs/injection/lib/python3.11/site-packages/matplotlib/image.py", line 132, in _draw_list_compositing_images
    a.draw(renderer)
  File "/home/skato/anaconda3/envs/injection/lib/python3.11/site-packages/matplotlib/artist.py", line 72, in draw_wrapper
    return draw(artist, renderer)
           ^^^^^^^^^^^^^^^^^^^^^^
  File "/home/skato/anaconda3/envs/injection/lib/python3.11/site-packages/matplotlib/axes/_base.py", line 3137, in draw
    mimage._draw_list_compositing_images(
  File "/home/skato/anaconda3/envs/injection/lib/python3.11/site-packages/matplotlib/image.py", line 132, in _draw_list_compositing_images
    a.draw(renderer)
  File "/home/skato/anaconda3/envs/injection/lib/python3.11/site-packages/matplotlib/artist.py", line 72, in draw_wrapper
    return draw(artist, renderer)
           ^^^^^^^^^^^^^^^^^^^^^^
  File "/home/skato/anaconda3/envs/injection/lib/python3.11/site-packages/matplotlib/axis.py", line 1427, in draw
    tick.draw(renderer)
  File "/home/skato/anaconda3/envs/injection/lib/python3.11/site-packages/matplotlib/artist.py", line 72, in draw_wrapper
    return draw(artist, renderer)
           ^^^^^^^^^^^^^^^^^^^^^^
  File "/home/skato/anaconda3/envs/injection/lib/python3.11/site-packages/matplotlib/axis.py", line 277, in draw
    artist.draw(renderer)
  File "/home/skato/anaconda3/envs/injection/lib/python3.11/site-packages/matplotlib/artist.py", line 72, in draw_wrapper
    return draw(artist, renderer)
           ^^^^^^^^^^^^^^^^^^^^^^
  File "/home/skato/anaconda3/envs/injection/lib/python3.11/site-packages/matplotlib/text.py", line 800, in draw
    textrenderer.draw_text(gc, x, y, clean_line,
  File "/home/skato/anaconda3/envs/injection/lib/python3.11/site-packages/matplotlib/backends/backend_agg.py", line 190, in draw_text
    font = self._prepare_font(prop)
           ^^^^^^^^^^^^^^^^^^^^^^^^
  File "/home/skato/anaconda3/envs/injection/lib/python3.11/site-packages/matplotlib/backends/backend_agg.py", line 253, in _prepare_font
    font = get_font(_fontManager._find_fonts_by_props(font_prop))
                    ^^^^^^^^^^^^^^^^^^^^^^^^^^^^^^^^^^^^^^^^^^^^
  File "/home/skato/anaconda3/envs/injection/lib/python3.11/site-packages/matplotlib/font_manager.py", line 1357, in _find_fonts_by_props
    cprop = prop.copy()
            ^^^^^^^^^^^
  File "/home/skato/anaconda3/envs/injection/lib/python3.11/site-packages/matplotlib/font_manager.py", line 908, in copy
    return copy.copy(self)
           ^^^^^^^^^^^^^^^
  File "/home/skato/anaconda3/envs/injection/lib/python3.11/copy.py", line 92, in copy
    rv = reductor(4)
         ^^^^^^^^^^^
KeyboardInterrupt
Trial 39 failed with value None.
A new study created in RDB with name: 2024_09_11_04_25_46
Trial 0 popped from the trial queue.
Trial 0 finished with value: 185.27482462497778 and parameters: {'TEST:X0': 2.3316892770573974, 'TEST:X1': 8.481202775704018}. Best is trial 0 with value: 185.27482462497778.
Trial 1 popped from the trial queue.
Trial 1 finished with value: 166.48459972571538 and parameters: {'TEST:X0': 1.0303904896805998, 'TEST:X1': 7.371250883983993}. Best is trial 0 with value: 185.27482462497778.
Trial 2 popped from the trial queue.
Trial 2 finished with value: 169.35219764851848 and parameters: {'TEST:X0': 3.872702258096901, 'TEST:X1': 8.102745777826264}. Best is trial 0 with value: 185.27482462497778.
Trial 3 popped from the trial queue.
Trial 3 finished with value: 157.0952138375349 and parameters: {'TEST:X0': 1.5334996969139796, 'TEST:X1': 8.850162288266048}. Best is trial 0 with value: 185.27482462497778.
Trial 4 popped from the trial queue.
Trial 4 finished with value: 164.77302145879642 and parameters: {'TEST:X0': 1.7359034304047178, 'TEST:X1': 6.5111004063968005}. Best is trial 0 with value: 185.27482462497778.
Trial 5 popped from the trial queue.
Trial 5 finished with value: 180.00172525979454 and parameters: {'TEST:X0': 3.6256494365027625, 'TEST:X1': 8.986612210036933}. Best is trial 0 with value: 185.27482462497778.
Trial 6 popped from the trial queue.
Trial 6 finished with value: 148.67242194057633 and parameters: {'TEST:X0': 1.0351954992669774, 'TEST:X1': 8.424512179410689}. Best is trial 0 with value: 185.27482462497778.
Trial 7 popped from the trial queue.
Trial 7 finished with value: 169.62598840200286 and parameters: {'TEST:X0': 2.9517387835767477, 'TEST:X1': 6.468768049080218}. Best is trial 0 with value: 185.27482462497778.
Trial 8 popped from the trial queue.
Trial 8 finished with value: 177.9002686564089 and parameters: {'TEST:X0': 2.4094196799875505, 'TEST:X1': 8.684399124792144}. Best is trial 0 with value: 185.27482462497778.
Trial 9 popped from the trial queue.
Trial 9 finished with value: 163.8583817873798 and parameters: {'TEST:X0': 1.8701976275157493, 'TEST:X1': 8.403655313611674}. Best is trial 0 with value: 185.27482462497778.
Trial 10 finished with value: 145.61501168125682 and parameters: {'TEST:X0': 6.583806107938095, 'TEST:X1': 8.560640914371085}. Best is trial 0 with value: 185.27482462497778.
Trial 11 finished with value: 125.48303567257 and parameters: {'TEST:X0': 3.2419041036453287, 'TEST:X1': 10.152105244766283}. Best is trial 0 with value: 185.27482462497778.
Trial 12 finished with value: 136.28652920985462 and parameters: {'TEST:X0': 3.184270167073871, 'TEST:X1': 8.469024851202963}. Best is trial 0 with value: 185.27482462497778.
Trial 13 finished with value: 174.28367059152106 and parameters: {'TEST:X0': -3.4862283448115776, 'TEST:X1': 8.143241267701631}. Best is trial 0 with value: 185.27482462497778.
Trial 14 finished with value: 174.28237795179092 and parameters: {'TEST:X0': -5.0, 'TEST:X1': 7.680858877846172}. Best is trial 0 with value: 185.27482462497778.
Trial 15 finished with value: 96.90098373261497 and parameters: {'TEST:X0': -5.0, 'TEST:X1': 6.559242859368844}. Best is trial 0 with value: 185.27482462497778.
Trial 16 finished with value: 74.32029592329317 and parameters: {'TEST:X0': -5.0, 'TEST:X1': 8.980820275697784}. Best is trial 0 with value: 185.27482462497778.
Trial 17 finished with value: 176.44788508224784 and parameters: {'TEST:X0': -0.9071478540630853, 'TEST:X1': 10.313547631970208}. Best is trial 0 with value: 185.27482462497778.
Trial 18 finished with value: 176.44770690989589 and parameters: {'TEST:X0': -0.2590468144954947, 'TEST:X1': 11.450282738743528}. Best is trial 0 with value: 185.27482462497778.
Trial 19 finished with value: 155.42400732194622 and parameters: {'TEST:X0': -0.054672010240193636, 'TEST:X1': 12.41236794356859}. Best is trial 0 with value: 185.27482462497778.
Trial 20 finished with value: 140.40552799187844 and parameters: {'TEST:X0': 1.4759529527507897, 'TEST:X1': 13.419774985932465}. Best is trial 0 with value: 185.27482462497778.
Trial 21 finished with value: 38.047890828651234 and parameters: {'TEST:X0': 6.526189088819249, 'TEST:X1': 13.938028816345728}. Best is trial 0 with value: 185.27482462497778.
Trial 22 finished with value: 98.83524730809071 and parameters: {'TEST:X0': -1.7990007402302064, 'TEST:X1': 14.367092162322768}. Best is trial 0 with value: 185.27482462497778.
Trial 23 finished with value: 182.39585796767685 and parameters: {'TEST:X0': -5.0, 'TEST:X1': 14.999999999999998}. Best is trial 0 with value: 185.27482462497778.
Trial 24 finished with value: 182.49113772774504 and parameters: {'TEST:X0': -5.0, 'TEST:X1': 14.999999999999998}. Best is trial 0 with value: 185.27482462497778.
Trial 25 finished with value: 182.49138819989886 and parameters: {'TEST:X0': -5.0, 'TEST:X1': 14.999999999999998}. Best is trial 0 with value: 185.27482462497778.
Trial 26 finished with value: 182.4917811536258 and parameters: {'TEST:X0': -5.0, 'TEST:X1': 14.999999999999998}. Best is trial 0 with value: 185.27482462497778.
Trial 27 finished with value: 182.49207102211852 and parameters: {'TEST:X0': -5.0, 'TEST:X1': 14.999999999999998}. Best is trial 0 with value: 185.27482462497778.
Trial 28 finished with value: 182.49167696465054 and parameters: {'TEST:X0': -5.0, 'TEST:X1': 14.999999999999998}. Best is trial 0 with value: 185.27482462497778.
Trial 29 finished with value: 182.49225317147614 and parameters: {'TEST:X0': -4.377459441762692, 'TEST:X1': 14.999999999999998}. Best is trial 0 with value: 185.27482462497778.
Trial 30 finished with value: 186.7982663744085 and parameters: {'TEST:X0': -4.689148739355595, 'TEST:X1': 14.452815924700657}. Best is trial 30 with value: 186.7982663744085.
Trial 31 finished with value: 186.7984897588075 and parameters: {'TEST:X0': -4.085565080012849, 'TEST:X1': 14.21264804745612}. Best is trial 31 with value: 186.7984897588075.
Trial 32 finished with value: 191.9687796935352 and parameters: {'TEST:X0': -4.4618719848746204, 'TEST:X1': 13.704745312670518}. Best is trial 32 with value: 191.9687796935352.
Trial 33 finished with value: 188.50693190493695 and parameters: {'TEST:X0': -3.9806076555353602, 'TEST:X1': 13.301564048170123}. Best is trial 32 with value: 191.9687796935352.
Trial 34 finished with value: 195.24732205941905 and parameters: {'TEST:X0': -4.585060944801963, 'TEST:X1': 12.918339120804559}. Best is trial 34 with value: 195.24732205941905.
Trial 35 finished with value: 181.64129306787984 and parameters: {'TEST:X0': -5.0, 'TEST:X1': 13.225194094106454}. Best is trial 34 with value: 195.24732205941905.
Trial 36 finished with value: 171.578326070986 and parameters: {'TEST:X0': -4.179156466615996, 'TEST:X1': 12.496193235595147}. Best is trial 34 with value: 195.24732205941905.
Trial 37 finished with value: 189.06637929468891 and parameters: {'TEST:X0': -1.2844228290397504, 'TEST:X1': 11.636183493390124}. Best is trial 34 with value: 195.24732205941905.
