Trial 63 finished with value: 195.57253957924544 and parameters: {'TEST:X0': 3.7835051830962527, 'TEST:X1': 3.32857807703694}. Best is trial 62 with value: 197.58901023884238.
Trial 64 finished with value: 195.43806128810166 and parameters: {'TEST:X0': 4.056946171181867, 'TEST:X1': 3.0612578395144356}. Best is trial 62 with value: 197.58901023884238.
Trial 65 finished with value: 195.43832505180967 and parameters: {'TEST:X0': 3.609050459725669, 'TEST:X1': 3.5206147121461693}. Best is trial 62 with value: 197.58901023884238.
Trial 66 finished with value: 196.06821670361296 and parameters: {'TEST:X0': 6.388705909030202, 'TEST:X1': 5.609938171891876}. Best is trial 62 with value: 197.58901023884238.
Trial 67 finished with value: 160.15386605873664 and parameters: {'TEST:X0': 6.473235426621438, 'TEST:X1': 6.624391054263284}. Best is trial 62 with value: 197.58901023884238.
Trial 68 finished with value: 150.17190252585038 and parameters: {'TEST:X0': 6.508727722703647, 'TEST:X1': 5.104693726034529}. Best is trial 62 with value: 197.58901023884238.
Trial 69 finished with value: 168.53627813467918 and parameters: {'TEST:X0': 3.732549956408194, 'TEST:X1': 4.349927200417111}. Best is trial 62 with value: 197.58901023884238.
A new study created in RDB with name: 2024_09_11_04_12_45
Trial 0 popped from the trial queue.
Trial 0 finished with value: 189.64860927578133 and parameters: {'TEST:X0': 3.6202328976396956, 'TEST:X1': 7.04123519846342}. Best is trial 0 with value: 189.64860927578133.
Trial 1 popped from the trial queue.
Trial 1 finished with value: 173.701604611728 and parameters: {'TEST:X0': 3.4314860915650245, 'TEST:X1': 7.10944377482712}. Best is trial 0 with value: 189.64860927578133.
Trial 2 popped from the trial queue.
Trial 2 finished with value: 176.85624132474788 and parameters: {'TEST:X0': 1.6170191951801458, 'TEST:X1': 6.994338969293318}. Best is trial 0 with value: 189.64860927578133.
Trial 3 popped from the trial queue.
Trial 3 finished with value: 186.23096448349355 and parameters: {'TEST:X0': 2.3749841913324925, 'TEST:X1': 6.2176627320950395}. Best is trial 0 with value: 189.64860927578133.
Trial 4 popped from the trial queue.
Trial 4 finished with value: 186.23033243047146 and parameters: {'TEST:X0': 1.8679989117685123, 'TEST:X1': 8.202314053703095}. Best is trial 0 with value: 189.64860927578133.
Trial 5 popped from the trial queue.
Trial 5 finished with value: 168.70069532385799 and parameters: {'TEST:X0': 1.864671297650562, 'TEST:X1': 8.567635260321303}. Best is trial 0 with value: 189.64860927578133.
Trial 6 popped from the trial queue.
Trial 6 finished with value: 181.0475890451699 and parameters: {'TEST:X0': 2.833041539921619, 'TEST:X1': 6.4069962990815155}. Best is trial 0 with value: 189.64860927578133.
Trial 7 popped from the trial queue.
Trial 7 finished with value: 166.11409526073203 and parameters: {'TEST:X0': 1.8779438489628562, 'TEST:X1': 8.642611657089798}. Best is trial 0 with value: 189.64860927578133.
Trial 8 popped from the trial queue.
Trial 8 finished with value: 166.11534246674842 and parameters: {'TEST:X0': 2.409810278368129, 'TEST:X1': 7.6517041200290326}. Best is trial 0 with value: 189.64860927578133.
Trial 9 popped from the trial queue.
Trial 9 finished with value: 174.7053251621045 and parameters: {'TEST:X0': 1.8747087793969799, 'TEST:X1': 8.788174728376696}. Best is trial 0 with value: 189.64860927578133.
Trial 10 finished with value: 138.88389321229909 and parameters: {'TEST:X0': 7.7864519791419085, 'TEST:X1': 8.543906246618613}. Best is trial 0 with value: 189.64860927578133.
Trial 11 finished with value: 172.88339679883194 and parameters: {'TEST:X0': -1.5519599891803004, 'TEST:X1': 8.119939929284307}. Best is trial 0 with value: 189.64860927578133.
Trial 12 finished with value: 189.36463523751502 and parameters: {'TEST:X0': -5.0, 'TEST:X1': 7.79771397450655}. Best is trial 0 with value: 189.64860927578133.
Trial 13 finished with value: 99.10941172132912 and parameters: {'TEST:X0': -5.0, 'TEST:X1': 6.710866689597457}. Best is trial 0 with value: 189.64860927578133.
Trial 14 finished with value: 77.5204770636035 and parameters: {'TEST:X0': -5.0, 'TEST:X1': 8.456313402613382}. Best is trial 0 with value: 189.64860927578133.
Trial 15 failed with parameters: {'TEST:X0': -0.030509264957297333, 'TEST:X1': 7.142814540627803} because of the following error: KeyboardInterrupt().
Traceback (most recent call last):
  File "/home/skato/anaconda3/envs/injection/lib/python3.11/site-packages/optuna/study/_optimize.py", line 197, in _run_trial
    value_or_values = func(trial)
                      ^^^^^^^^^^^
  File "/home/skato/work/2024/MLSuperKEKB-master/Injection/optuna_testgui01.py", line 245, in objective
    self.DrawPlot()
  File "/home/skato/work/2024/MLSuperKEKB-master/Injection/optuna_testgui01.py", line 295, in DrawPlot
    self.canvas.draw()
  File "/home/skato/anaconda3/envs/injection/lib/python3.11/site-packages/matplotlib/backends/backend_tkagg.py", line 10, in draw
    super().draw()
  File "/home/skato/anaconda3/envs/injection/lib/python3.11/site-packages/matplotlib/backends/backend_agg.py", line 387, in draw
    self.figure.draw(self.renderer)
  File "/home/skato/anaconda3/envs/injection/lib/python3.11/site-packages/matplotlib/artist.py", line 95, in draw_wrapper
    result = draw(artist, renderer, *args, **kwargs)
             ^^^^^^^^^^^^^^^^^^^^^^^^^^^^^^^^^^^^^^^
  File "/home/skato/anaconda3/envs/injection/lib/python3.11/site-packages/matplotlib/artist.py", line 72, in draw_wrapper
    return draw(artist, renderer)
           ^^^^^^^^^^^^^^^^^^^^^^
  File "/home/skato/anaconda3/envs/injection/lib/python3.11/site-packages/matplotlib/figure.py", line 3162, in draw
    mimage._draw_list_compositing_images(
  File "/home/skato/anaconda3/envs/injection/lib/python3.11/site-packages/matplotlib/image.py", line 132, in _draw_list_compositing_images
    a.draw(renderer)
  File "/home/skato/anaconda3/envs/injection/lib/python3.11/site-packages/matplotlib/artist.py", line 72, in draw_wrapper
    return draw(artist, renderer)
           ^^^^^^^^^^^^^^^^^^^^^^
  File "/home/skato/anaconda3/envs/injection/lib/python3.11/site-packages/matplotlib/axes/_base.py", line 3137, in draw
    mimage._draw_list_compositing_images(
  File "/home/skato/anaconda3/envs/injection/lib/python3.11/site-packages/matplotlib/image.py", line 132, in _draw_list_compositing_images
    a.draw(renderer)
  File "/home/skato/anaconda3/envs/injection/lib/python3.11/site-packages/matplotlib/artist.py", line 72, in draw_wrapper
    return draw(artist, renderer)
           ^^^^^^^^^^^^^^^^^^^^^^
  File "/home/skato/anaconda3/envs/injection/lib/python3.11/site-packages/matplotlib/axis.py", line 1427, in draw
    tick.draw(renderer)
  File "/home/skato/anaconda3/envs/injection/lib/python3.11/site-packages/matplotlib/artist.py", line 72, in draw_wrapper
    return draw(artist, renderer)
           ^^^^^^^^^^^^^^^^^^^^^^
  File "/home/skato/anaconda3/envs/injection/lib/python3.11/site-packages/matplotlib/axis.py", line 277, in draw
    artist.draw(renderer)
  File "/home/skato/anaconda3/envs/injection/lib/python3.11/site-packages/matplotlib/artist.py", line 74, in draw_wrapper
    if artist.get_agg_filter() is not None:
       ^^^^^^^^^^^^^^^^^^^^^^^
  File "/home/skato/anaconda3/envs/injection/lib/python3.11/site-packages/matplotlib/artist.py", line 957, in get_agg_filter
    def get_agg_filter(self):
    
KeyboardInterrupt
Trial 15 failed with value None.
A new study created in RDB with name: 2024_09_11_04_17_30
Trial 0 popped from the trial queue.
Trial 0 finished with value: 179.20602269840847 and parameters: {'TEST:X0': 1.3922903783348999, 'TEST:X1': 6.713516829621951}. Best is trial 0 with value: 179.20602269840847.
Trial 1 popped from the trial queue.
Trial 1 finished with value: 181.1167254684862 and parameters: {'TEST:X0': 2.9721533652209953, 'TEST:X1': 7.777455426076035}. Best is trial 1 with value: 181.1167254684862.
Trial 2 popped from the trial queue.
Trial 2 finished with value: 181.11893914250967 and parameters: {'TEST:X0': 2.1724421907807994, 'TEST:X1': 6.833145864380193}. Best is trial 2 with value: 181.11893914250967.
Trial 3 popped from the trial queue.
Trial 3 finished with value: 181.0739946490467 and parameters: {'TEST:X0': 1.9417616897071803, 'TEST:X1': 7.03203889777394}. Best is trial 2 with value: 181.11893914250967.
Trial 4 popped from the trial queue.
Trial 4 finished with value: 180.26470193765527 and parameters: {'TEST:X0': 3.2721671688772025, 'TEST:X1': 7.544623169384462}. Best is trial 2 with value: 181.11893914250967.
Trial 5 popped from the trial queue.
Trial 5 finished with value: 170.69069478332344 and parameters: {'TEST:X0': 3.668811334526908, 'TEST:X1': 8.568349424510707}. Best is trial 2 with value: 181.11893914250967.
Trial 6 popped from the trial queue.
Trial 6 finished with value: 170.69130281152155 and parameters: {'TEST:X0': 1.6369947611651139, 'TEST:X1': 6.138449826955242}. Best is trial 2 with value: 181.11893914250967.
Trial 7 popped from the trial queue.
Trial 7 finished with value: 182.93071763750015 and parameters: {'TEST:X0': 1.7008773050046875, 'TEST:X1': 7.624903088029896}. Best is trial 7 with value: 182.93071763750015.
Trial 8 popped from the trial queue.
Trial 8 finished with value: 175.57792522326983 and parameters: {'TEST:X0': 2.370227934772038, 'TEST:X1': 8.278094929516083}. Best is trial 7 with value: 182.93071763750015.
Trial 9 popped from the trial queue.
Trial 9 finished with value: 168.53204844875606 and parameters: {'TEST:X0': 1.7037720197545592, 'TEST:X1': 8.813956593618606}. Best is trial 7 with value: 182.93071763750015.
Trial 10 finished with value: 168.2230942522226 and parameters: {'TEST:X0': -0.31947373051354333, 'TEST:X1': 7.491404252122111}. Best is trial 7 with value: 182.93071763750015.
Trial 11 finished with value: 178.72550300111985 and parameters: {'TEST:X0': 2.152194102392376, 'TEST:X1': 7.387991710074464}. Best is trial 7 with value: 182.93071763750015.
Trial 12 finished with value: 177.5066299062591 and parameters: {'TEST:X0': 5.0980323635956335, 'TEST:X1': 6.7852200319115505}. Best is trial 7 with value: 182.93071763750015.
Trial 13 finished with value: 157.45560284308795 and parameters: {'TEST:X0': 9.25264309810992, 'TEST:X1': 6.679536212007305}. Best is trial 7 with value: 182.93071763750015.
Trial 14 finished with value: 166.27271380902243 and parameters: {'TEST:X0': 3.2117088039542327, 'TEST:X1': 7.08833885987112}. Best is trial 7 with value: 182.93071763750015.
Trial 15 finished with value: 175.8871371809525 and parameters: {'TEST:X0': 3.5345747681411375, 'TEST:X1': 5.220983733603993}. Best is trial 7 with value: 182.93071763750015.
Trial 16 finished with value: 188.42213578949148 and parameters: {'TEST:X0': 1.5734117595837516, 'TEST:X1': 3.884775928659283}. Best is trial 16 with value: 188.42213578949148.
Trial 17 finished with value: 190.0195574934098 and parameters: {'TEST:X0': 0.6534049358610563, 'TEST:X1': 2.5280041038300323}. Best is trial 17 with value: 190.0195574934098.
Trial 18 finished with value: 176.18917756738992 and parameters: {'TEST:X0': 0.020386916319533377, 'TEST:X1': 1.571328803775487}. Best is trial 17 with value: 190.0195574934098.
Trial 19 finished with value: 161.07319459979587 and parameters: {'TEST:X0': 2.813117541315676, 'TEST:X1': 1.0073116286353472}. Best is trial 17 with value: 190.0195574934098.
Trial 20 finished with value: 196.7236494017675 and parameters: {'TEST:X0': -0.7317309967089303, 'TEST:X1': 3.0069348343692845}. Best is trial 20 with value: 196.7236494017675.
Trial 21 finished with value: 164.98987100910745 and parameters: {'TEST:X0': -2.5040843426956436, 'TEST:X1': 3.330152862514194}. Best is trial 20 with value: 196.7236494017675.
Trial 22 finished with value: 151.23315162421432 and parameters: {'TEST:X0': 0.14600872868845727, 'TEST:X1': 3.441384919108858}. Best is trial 20 with value: 196.7236494017675.
Trial 23 finished with value: 108.3025893595935 and parameters: {'TEST:X0': -5.0, 'TEST:X1': 3.071554515660325}. Best is trial 20 with value: 196.7236494017675.
Trial 24 finished with value: 48.38202798235692 and parameters: {'TEST:X0': -0.8733319715424539, 'TEST:X1': 0.23727069189528235}. Best is trial 20 with value: 196.7236494017675.
Trial 25 failed with parameters: {'TEST:X0': 3.329970614215556, 'TEST:X1': 2.148889921690273} because of the following error: KeyboardInterrupt().
Traceback (most recent call last):
  File "/home/skato/anaconda3/envs/injection/lib/python3.11/site-packages/optuna/study/_optimize.py", line 197, in _run_trial
    value_or_values = func(trial)
                      ^^^^^^^^^^^
  File "/home/skato/work/2024/MLSuperKEKB-master/Injection/optuna_testgui01.py", line 245, in objective
    self.DrawPlot()
  File "/home/skato/work/2024/MLSuperKEKB-master/Injection/optuna_testgui01.py", line 295, in DrawPlot
  File "/home/skato/anaconda3/envs/injection/lib/python3.11/site-packages/matplotlib/backends/backend_tkagg.py", line 10, in draw
    super().draw()
  File "/home/skato/anaconda3/envs/injection/lib/python3.11/site-packages/matplotlib/backends/backend_agg.py", line 387, in draw
    self.figure.draw(self.renderer)
  File "/home/skato/anaconda3/envs/injection/lib/python3.11/site-packages/matplotlib/artist.py", line 95, in draw_wrapper
    result = draw(artist, renderer, *args, **kwargs)
             ^^^^^^^^^^^^^^^^^^^^^^^^^^^^^^^^^^^^^^^
  File "/home/skato/anaconda3/envs/injection/lib/python3.11/site-packages/matplotlib/artist.py", line 72, in draw_wrapper
    return draw(artist, renderer)
           ^^^^^^^^^^^^^^^^^^^^^^
  File "/home/skato/anaconda3/envs/injection/lib/python3.11/site-packages/matplotlib/figure.py", line 3162, in draw
    mimage._draw_list_compositing_images(
  File "/home/skato/anaconda3/envs/injection/lib/python3.11/site-packages/matplotlib/image.py", line 132, in _draw_list_compositing_images
    a.draw(renderer)
  File "/home/skato/anaconda3/envs/injection/lib/python3.11/site-packages/matplotlib/artist.py", line 72, in draw_wrapper
    return draw(artist, renderer)
           ^^^^^^^^^^^^^^^^^^^^^^
  File "/home/skato/anaconda3/envs/injection/lib/python3.11/site-packages/matplotlib/axes/_base.py", line 3137, in draw
    mimage._draw_list_compositing_images(
  File "/home/skato/anaconda3/envs/injection/lib/python3.11/site-packages/matplotlib/image.py", line 132, in _draw_list_compositing_images
    a.draw(renderer)
  File "/home/skato/anaconda3/envs/injection/lib/python3.11/site-packages/matplotlib/artist.py", line 72, in draw_wrapper
    return draw(artist, renderer)
           ^^^^^^^^^^^^^^^^^^^^^^
  File "/home/skato/anaconda3/envs/injection/lib/python3.11/site-packages/matplotlib/axis.py", line 1427, in draw
    tick.draw(renderer)
  File "/home/skato/anaconda3/envs/injection/lib/python3.11/site-packages/matplotlib/artist.py", line 72, in draw_wrapper
    return draw(artist, renderer)
           ^^^^^^^^^^^^^^^^^^^^^^
  File "/home/skato/anaconda3/envs/injection/lib/python3.11/site-packages/matplotlib/axis.py", line 277, in draw
    artist.draw(renderer)
  File "/home/skato/anaconda3/envs/injection/lib/python3.11/site-packages/matplotlib/artist.py", line 72, in draw_wrapper
    return draw(artist, renderer)
           ^^^^^^^^^^^^^^^^^^^^^^
  File "/home/skato/anaconda3/envs/injection/lib/python3.11/site-packages/matplotlib/text.py", line 751, in draw
    bbox, info, descent = self._get_layout(renderer)
                          ^^^^^^^^^^^^^^^^^^^^^^^^^^
  File "/home/skato/anaconda3/envs/injection/lib/python3.11/site-packages/matplotlib/text.py", line 373, in _get_layout
    _, lp_h, lp_d = _get_text_metrics_with_cache(
                    ^^^^^^^^^^^^^^^^^^^^^^^^^^^^^
  File "/home/skato/anaconda3/envs/injection/lib/python3.11/site-packages/matplotlib/text.py", line 70, in _get_text_metrics_with_cache
    weakref.ref(renderer), text, fontprop.copy(), ismath, dpi)
                                 ^^^^^^^^^^^^^^^
  File "/home/skato/anaconda3/envs/injection/lib/python3.11/site-packages/matplotlib/font_manager.py", line 908, in copy
    return copy.copy(self)
           ^^^^^^^^^^^^^^^
  File "/home/skato/anaconda3/envs/injection/lib/python3.11/copy.py", line 102, in copy
    return _reconstruct(x, None, *rv)
           ^^^^^^^^^^^^^^^^^^^^^^^^^^
  File "/home/skato/anaconda3/envs/injection/lib/python3.11/copy.py", line 259, in _reconstruct
    def _reconstruct(x, memo, func, args,
    
KeyboardInterrupt
Trial 25 failed with value None.
A new study created in RDB with name: 2024_09_11_04_18_23
Trial 0 popped from the trial queue.
Trial 0 finished with value: 195.090306146619 and parameters: {'TEST:X0': 1.0799339221023756, 'TEST:X1': 6.91238078257579}. Best is trial 0 with value: 195.090306146619.
Trial 1 popped from the trial queue.
Trial 1 finished with value: 179.3212032950466 and parameters: {'TEST:X0': 1.7108367925642363, 'TEST:X1': 7.310225766146488}. Best is trial 0 with value: 195.090306146619.
Trial 2 popped from the trial queue.
Trial 2 finished with value: 179.32084172092112 and parameters: {'TEST:X0': 1.7817646893553767, 'TEST:X1': 6.982462397320226}. Best is trial 0 with value: 195.090306146619.
Trial 3 popped from the trial queue.
Trial 3 finished with value: 180.39455337503887 and parameters: {'TEST:X0': 3.7495955327464676, 'TEST:X1': 8.787751685363133}. Best is trial 0 with value: 195.090306146619.
Trial 4 popped from the trial queue.
Trial 4 finished with value: 149.73090238772977 and parameters: {'TEST:X0': 2.9432410361493053, 'TEST:X1': 6.8705372568695475}. Best is trial 0 with value: 195.090306146619.
Trial 5 popped from the trial queue.
Trial 5 finished with value: 179.73729762076647 and parameters: {'TEST:X0': 1.4828347561112531, 'TEST:X1': 8.780758799211053}. Best is trial 0 with value: 195.090306146619.
Trial 6 popped from the trial queue.
Trial 6 finished with value: 165.56860666461588 and parameters: {'TEST:X0': 2.2836643343211027, 'TEST:X1': 8.54714300307553}. Best is trial 0 with value: 195.090306146619.
Trial 7 popped from the trial queue.
Trial 7 finished with value: 165.94157142290194 and parameters: {'TEST:X0': 3.033682341749707, 'TEST:X1': 7.880442083088988}. Best is trial 0 with value: 195.090306146619.
Trial 8 popped from the trial queue.
Trial 8 finished with value: 169.07913164313615 and parameters: {'TEST:X0': 1.622871075275364, 'TEST:X1': 6.892870328657959}. Best is trial 0 with value: 195.090306146619.
Trial 9 popped from the trial queue.
Trial 9 finished with value: 180.66800576715093 and parameters: {'TEST:X0': 1.4645921139615763, 'TEST:X1': 8.084696398603846}. Best is trial 0 with value: 195.090306146619.
Trial 10 finished with value: 171.85555885236192 and parameters: {'TEST:X0': -0.6147482464770508, 'TEST:X1': 7.9516655513010335}. Best is trial 0 with value: 195.090306146619.
Trial 11 finished with value: 181.3009647034479 and parameters: {'TEST:X0': -3.863440176439312, 'TEST:X1': 7.947141382176737}. Best is trial 0 with value: 195.090306146619.
Trial 12 finished with value: 159.6305477131154 and parameters: {'TEST:X0': -5.0, 'TEST:X1': 7.705232569859254}. Best is trial 0 with value: 195.090306146619.
Trial 13 finished with value: 142.570049994123 and parameters: {'TEST:X0': -1.8855883166787977, 'TEST:X1': 5.650905293018515}. Best is trial 0 with value: 195.090306146619.
Trial 14 finished with value: 176.06967594814074 and parameters: {'TEST:X0': 7.071138820805876, 'TEST:X1': 5.014416958918857}. Best is trial 0 with value: 195.090306146619.
Trial 15 finished with value: 168.7183079152353 and parameters: {'TEST:X0': 9.999999999999998, 'TEST:X1': 4.909564861595334}. Best is trial 0 with value: 195.090306146619.
Trial 16 finished with value: 194.4223530061413 and parameters: {'TEST:X0': 9.999999999999998, 'TEST:X1': 2.865638846878059}. Best is trial 0 with value: 195.090306146619.
Trial 17 finished with value: 198.03747707196825 and parameters: {'TEST:X0': 9.999999999999998, 'TEST:X1': 1.5802138435025612}. Best is trial 17 with value: 198.03747707196825.
Trial 18 finished with value: 196.03283648635914 and parameters: {'TEST:X0': 9.999999999999998, 'TEST:X1': 0.7280083532484118}. Best is trial 17 with value: 198.03747707196825.
Trial 19 finished with value: 192.88083256630512 and parameters: {'TEST:X0': 9.999999999999998, 'TEST:X1': 0.11628270229089904}. Best is trial 17 with value: 198.03747707196825.
Trial 20 finished with value: 189.7240821259213 and parameters: {'TEST:X0': 8.072330892264496, 'TEST:X1': 0.0}. Best is trial 17 with value: 198.03747707196825.
Trial 21 finished with value: 189.6690131543223 and parameters: {'TEST:X0': 9.999999999999998, 'TEST:X1': 0.0}. Best is trial 17 with value: 198.03747707196825.
Trial 22 finished with value: 189.03963681429465 and parameters: {'TEST:X0': 6.787052412892734, 'TEST:X1': 0.00016332514538278396}. Best is trial 17 with value: 198.03747707196825.
Trial 23 finished with value: 182.95752454872795 and parameters: {'TEST:X0': 9.999999999999998, 'TEST:X1': 0.0}. Best is trial 17 with value: 198.03747707196825.
